[ 2018-06-02T07:37:26+08:00 ] 172.18.115.88 106.11.227.45 GET /
[ log ] works.songqiphp.xin/ [运行时间：0.015772s][吞吐率：63.40req/s] [内存消耗：1,130.57kb] [文件加载：38]
[ info ] [ LANG ] /home/wwwroot/works.songqiphp.xin/thinkphp/lang/zh-cn.php
[ info ] [ ROUTE ] array (
  'type' => 'module',
  'module' => 
  array (
    0 => '',
    1 => NULL,
    2 => NULL,
  ),
)
[ info ] [ HEADER ] array (
  'accept-encoding' => 'gzip',
  'user-agent' => 'Mozilla/5.0 (iPad; CPU OS 9_1 like Mac OS X) AppleWebKit/601.1.46 (KHTML, like Gecko) Version/9.0 Mobile/13B143 Safari/601.1',
  'cache-control' => 'no-cache',
  'pragma' => 'no-cache',
  'host' => 'works.songqiphp.xin',
  'accept' => 'text/html, image/gif, image/jpeg, *; q=.2, */*; q=.2',
  'connection' => 'keep-alive',
)
[ info ] [ PARAM ] array (
)
[ info ] [ RUN ] app\index\controller\Index->index[ /home/wwwroot/works.songqiphp.xin/application/index/controller/Index.php ]
[ info ] [ LOG ] INIT File

---------------------------------------------------------------
[ 2018-06-02T14:45:02+08:00 ] 172.18.115.88 47.97.167.161 GET /
[ log ] works.songqiphp.xin/ [运行时间：0.014523s][吞吐率：68.86req/s] [内存消耗：1,130.22kb] [文件加载：38]
[ info ] [ LANG ] /home/wwwroot/works.songqiphp.xin/thinkphp/lang/zh-cn.php
[ info ] [ ROUTE ] array (
  'type' => 'module',
  'module' => 
  array (
    0 => '',
    1 => NULL,
    2 => NULL,
  ),
)
[ info ] [ HEADER ] array (
  'user-agent' => 'Mozilla/5.0 (X11; Ubuntu; Linux x86_64; rv:36.0) Gecko/20100101 Firefox/36.0',
  'host' => 'works.songqiphp.xin',
  'accept' => 'text/html, image/gif, image/jpeg, *; q=.2, */*; q=.2',
  'connection' => 'keep-alive',
)
[ info ] [ PARAM ] array (
)
[ info ] [ RUN ] app\index\controller\Index->index[ /home/wwwroot/works.songqiphp.xin/application/index/controller/Index.php ]
[ info ] [ LOG ] INIT File

---------------------------------------------------------------
[ 2018-06-02T22:37:21+08:00 ] 172.18.115.88 27.38.20.207 GET /
[ log ] works.songqiphp.xin/ [运行时间：0.014347s][吞吐率：69.70req/s] [内存消耗：1,130.73kb] [文件加载：38]
[ info ] [ LANG ] /home/wwwroot/works.songqiphp.xin/thinkphp/lang/zh-cn.php
[ info ] [ ROUTE ] array (
  'type' => 'module',
  'module' => 
  array (
    0 => '',
    1 => NULL,
    2 => NULL,
  ),
)
[ info ] [ HEADER ] array (
  'host' => 'works.songqiphp.xin',
  'connection' => 'keep-alive',
  'upgrade-insecure-requests' => '1',
  'user-agent' => 'Mozilla/5.0 (Windows NT 10.0; WOW64) AppleWebKit/537.36 (KHTML, like Gecko) Chrome/66.0.3359.181 Safari/537.36',
  'accept' => 'text/html,application/xhtml+xml,application/xml;q=0.9,image/webp,image/apng,*/*;q=0.8',
  'accept-encoding' => 'gzip, deflate',
  'accept-language' => 'zh-CN,zh;q=0.9',
  'cookie' => 'pgv_pvi=5646560256',
)
[ info ] [ PARAM ] array (
)
[ info ] [ RUN ] app\index\controller\Index->index[ /home/wwwroot/works.songqiphp.xin/application/index/controller/Index.php ]
[ info ] [ LOG ] INIT File

---------------------------------------------------------------
[ 2018-06-02T22:37:29+08:00 ] 172.18.115.88 27.38.20.207 GET /admin
[ log ] works.songqiphp.xin/admin [运行时间：0.018477s][吞吐率：54.12req/s] [内存消耗：1,395.44kb] [文件加载：48]
[ info ] [ LANG ] /home/wwwroot/works.songqiphp.xin/thinkphp/lang/zh-cn.php
[ info ] [ ROUTE ] array (
  'type' => 'module',
  'module' => 
  array (
    0 => 'admin',
    1 => NULL,
    2 => NULL,
  ),
)
[ info ] [ HEADER ] array (
  'host' => 'works.songqiphp.xin',
  'connection' => 'keep-alive',
  'upgrade-insecure-requests' => '1',
  'user-agent' => 'Mozilla/5.0 (Windows NT 10.0; WOW64) AppleWebKit/537.36 (KHTML, like Gecko) Chrome/66.0.3359.181 Safari/537.36',
  'accept' => 'text/html,application/xhtml+xml,application/xml;q=0.9,image/webp,image/apng,*/*;q=0.8',
  'accept-encoding' => 'gzip, deflate',
  'accept-language' => 'zh-CN,zh;q=0.9',
  'cookie' => 'pgv_pvi=5646560256',
)
[ info ] [ PARAM ] array (
)
[ info ] [ SESSION ] INIT array (
  'id' => '',
  'var_session_id' => '',
  'prefix' => 'think',
  'type' => '',
  'auto_start' => true,
)
[ info ] [ LOG ] INIT File

---------------------------------------------------------------
[ 2018-06-02T22:37:29+08:00 ] 172.18.115.88 27.38.20.207 GET /admin/login/index.html
[ log ] works.songqiphp.xin/admin/login/index.html [运行时间：0.019375s][吞吐率：51.61req/s] [内存消耗：1,407.98kb] [文件加载：47]
[ info ] [ LANG ] /home/wwwroot/works.songqiphp.xin/thinkphp/lang/zh-cn.php
[ info ] [ ROUTE ] array (
  'type' => 'module',
  'module' => 
  array (
    0 => 'admin',
    1 => 'login',
    2 => 'index',
  ),
)
[ info ] [ HEADER ] array (
  'host' => 'works.songqiphp.xin',
  'connection' => 'keep-alive',
  'upgrade-insecure-requests' => '1',
  'user-agent' => 'Mozilla/5.0 (Windows NT 10.0; WOW64) AppleWebKit/537.36 (KHTML, like Gecko) Chrome/66.0.3359.181 Safari/537.36',
  'accept' => 'text/html,application/xhtml+xml,application/xml;q=0.9,image/webp,image/apng,*/*;q=0.8',
  'accept-encoding' => 'gzip, deflate',
  'accept-language' => 'zh-CN,zh;q=0.9',
  'cookie' => 'pgv_pvi=5646560256; PHPSESSID=j1073f9t0qs90ph1cb6di0tmd5',
)
[ info ] [ PARAM ] array (
)
[ info ] [ RUN ] app\admin\controller\Login->index[ /home/wwwroot/works.songqiphp.xin/application/admin/controller/Login.php ]
[ info ] [ SESSION ] INIT array (
  'id' => '',
  'var_session_id' => '',
  'prefix' => 'think',
  'type' => '',
  'auto_start' => true,
)
[ info ] [ VIEW ] /home/wwwroot/works.songqiphp.xin/public/../application/admin/view/login/login-index.html [ array (
) ]
[ info ] [ LOG ] INIT File

---------------------------------------------------------------
[ 2018-06-02T22:37:29+08:00 ] 172.18.115.88 27.38.20.207 GET /captcha.html
[ log ] works.songqiphp.xin/captcha.html [运行时间：0.024321s][吞吐率：41.12req/s] [内存消耗：1,181.89kb] [文件加载：39]
[ info ] [ LANG ] /home/wwwroot/works.songqiphp.xin/thinkphp/lang/zh-cn.php
[ info ] [ ROUTE ] array (
  'type' => 'method',
  'method' => 
  array (
    0 => '\\think\\captcha\\CaptchaController',
    1 => 'index',
  ),
  'var' => 
  array (
  ),
)
[ info ] [ HEADER ] array (
  'host' => 'works.songqiphp.xin',
  'connection' => 'keep-alive',
  'user-agent' => 'Mozilla/5.0 (Windows NT 10.0; WOW64) AppleWebKit/537.36 (KHTML, like Gecko) Chrome/66.0.3359.181 Safari/537.36',
  'accept' => 'image/webp,image/apng,image/*,*/*;q=0.8',
  'referer' => 'http://works.songqiphp.xin/admin/login/index.html',
  'accept-encoding' => 'gzip, deflate',
  'accept-language' => 'zh-CN,zh;q=0.9',
  'cookie' => 'pgv_pvi=5646560256; PHPSESSID=j1073f9t0qs90ph1cb6di0tmd5',
)
[ info ] [ PARAM ] array (
  'id' => NULL,
)
[ info ] [ RUN ] think\captcha\CaptchaController->index[ /home/wwwroot/works.songqiphp.xin/vendor/topthink/think-captcha/src/CaptchaController.php ]
[ info ] [ SESSION ] INIT array (
  'id' => '',
  'var_session_id' => '',
  'prefix' => 'think',
  'type' => '',
  'auto_start' => true,
)
[ info ] [ LOG ] INIT File

---------------------------------------------------------------
[ 2018-06-02T22:37:56+08:00 ] 172.18.115.88 27.38.20.207 POST /admin/login/index.html
[ log ] works.songqiphp.xin/admin/login/index.html [运行时间：0.020572s][吞吐率：48.61req/s] [内存消耗：1,371.63kb] [文件加载：44]
[ info ] [ LANG ] /home/wwwroot/works.songqiphp.xin/thinkphp/lang/zh-cn.php
[ info ] [ ROUTE ] array (
  'type' => 'module',
  'module' => 
  array (
    0 => 'admin',
    1 => 'login',
    2 => 'index',
  ),
)
[ info ] [ HEADER ] array (
  'host' => 'works.songqiphp.xin',
  'connection' => 'keep-alive',
  'content-length' => '52',
  'accept' => '*/*',
  'origin' => 'http://works.songqiphp.xin',
  'x-requested-with' => 'XMLHttpRequest',
  'user-agent' => 'Mozilla/5.0 (Windows NT 10.0; WOW64) AppleWebKit/537.36 (KHTML, like Gecko) Chrome/66.0.3359.181 Safari/537.36',
  'content-type' => 'application/x-www-form-urlencoded; charset=UTF-8',
  'referer' => 'http://works.songqiphp.xin/admin/login/index.html',
  'accept-encoding' => 'gzip, deflate',
  'accept-language' => 'zh-CN,zh;q=0.9',
  'cookie' => 'pgv_pvi=5646560256; PHPSESSID=j1073f9t0qs90ph1cb6di0tmd5',
)
[ info ] [ PARAM ] array (
  'pwd' => '123456',
  'name' => 'admin',
  'captcha' => 'lmuu',
  'rempsw' => '1',
  'is_rem' => '0',
)
[ info ] [ RUN ] app\admin\controller\Login->index[ /home/wwwroot/works.songqiphp.xin/application/admin/controller/Login.php ]
[ info ] [ SESSION ] INIT array (
  'id' => '',
  'var_session_id' => '',
  'prefix' => 'think',
  'type' => '',
  'auto_start' => true,
)
[ info ] [ LOG ] INIT File

---------------------------------------------------------------
[ 2018-06-02T22:38:03+08:00 ] 172.18.115.88 27.38.20.207 GET /captcha?id=1527950338
[ log ] works.songqiphp.xin/captcha?id=1527950338 [运行时间：0.018278s][吞吐率：54.71req/s] [内存消耗：1,182.23kb] [文件加载：39]
[ info ] [ LANG ] /home/wwwroot/works.songqiphp.xin/thinkphp/lang/zh-cn.php
[ info ] [ ROUTE ] array (
  'type' => 'method',
  'method' => 
  array (
    0 => '\\think\\captcha\\CaptchaController',
    1 => 'index',
  ),
  'var' => 
  array (
  ),
)
[ info ] [ HEADER ] array (
  'host' => 'works.songqiphp.xin',
  'connection' => 'keep-alive',
  'user-agent' => 'Mozilla/5.0 (Windows NT 10.0; WOW64) AppleWebKit/537.36 (KHTML, like Gecko) Chrome/66.0.3359.181 Safari/537.36',
  'accept' => 'image/webp,image/apng,image/*,*/*;q=0.8',
  'referer' => 'http://works.songqiphp.xin/admin/login/index.html',
  'accept-encoding' => 'gzip, deflate',
  'accept-language' => 'zh-CN,zh;q=0.9',
  'cookie' => 'pgv_pvi=5646560256; PHPSESSID=j1073f9t0qs90ph1cb6di0tmd5',
)
[ info ] [ PARAM ] array (
  'id' => NULL,
)
[ info ] [ RUN ] think\captcha\CaptchaController->index[ /home/wwwroot/works.songqiphp.xin/vendor/topthink/think-captcha/src/CaptchaController.php ]
[ info ] [ SESSION ] INIT array (
  'id' => '',
  'var_session_id' => '',
  'prefix' => 'think',
  'type' => '',
  'auto_start' => true,
)
[ info ] [ LOG ] INIT File

---------------------------------------------------------------
[ 2018-06-02T22:38:13+08:00 ] 172.18.115.88 27.38.20.207 POST /admin/login/index.html
[ log ] works.songqiphp.xin/admin/login/index.html [运行时间：0.026398s][吞吐率：37.88req/s] [内存消耗：1,932.85kb] [文件加载：52]
[ info ] [ LANG ] /home/wwwroot/works.songqiphp.xin/thinkphp/lang/zh-cn.php
[ info ] [ ROUTE ] array (
  'type' => 'module',
  'module' => 
  array (
    0 => 'admin',
    1 => 'login',
    2 => 'index',
  ),
)
[ info ] [ HEADER ] array (
  'host' => 'works.songqiphp.xin',
  'connection' => 'keep-alive',
  'content-length' => '52',
  'accept' => '*/*',
  'origin' => 'http://works.songqiphp.xin',
  'x-requested-with' => 'XMLHttpRequest',
  'user-agent' => 'Mozilla/5.0 (Windows NT 10.0; WOW64) AppleWebKit/537.36 (KHTML, like Gecko) Chrome/66.0.3359.181 Safari/537.36',
  'content-type' => 'application/x-www-form-urlencoded; charset=UTF-8',
  'referer' => 'http://works.songqiphp.xin/admin/login/index.html',
  'accept-encoding' => 'gzip, deflate',
  'accept-language' => 'zh-CN,zh;q=0.9',
  'cookie' => 'pgv_pvi=5646560256; PHPSESSID=j1073f9t0qs90ph1cb6di0tmd5',
)
[ info ] [ PARAM ] array (
  'pwd' => '123456',
  'name' => 'admin',
  'captcha' => 'jxds',
  'rempsw' => '1',
  'is_rem' => '0',
)
[ info ] [ RUN ] app\admin\controller\Login->index[ /home/wwwroot/works.songqiphp.xin/application/admin/controller/Login.php ]
[ info ] [ SESSION ] INIT array (
  'id' => '',
  'var_session_id' => '',
  'prefix' => 'think',
  'type' => '',
  'auto_start' => true,
)
[ info ] [ DB ] INIT mysql
[ info ] [ LOG ] INIT File
[ sql ] [ DB ] CONNECT:[ UseTime:0.000345s ] mysql:dbname=thinkphp;host=127.0.0.1;port=3306;charset=utf8
[ sql ] [ SQL ] SHOW COLUMNS FROM `admin_user` [ RunTime:0.000600s ]
[ sql ] [ SQL ] SELECT * FROM `admin_user` WHERE  `names` = 'admin' LIMIT 1 [ RunTime:0.000187s ]

---------------------------------------------------------------
[ 2018-06-02T22:38:13+08:00 ] 172.18.115.88 27.38.20.207 GET /admin/login/index.html
[ log ] works.songqiphp.xin/admin/login/index.html [运行时间：0.020063s][吞吐率：49.84req/s] [内存消耗：1,393.99kb] [文件加载：47]
[ info ] [ LANG ] /home/wwwroot/works.songqiphp.xin/thinkphp/lang/zh-cn.php
[ info ] [ ROUTE ] array (
  'type' => 'module',
  'module' => 
  array (
    0 => 'admin',
    1 => 'login',
    2 => 'index',
  ),
)
[ info ] [ HEADER ] array (
  'host' => 'works.songqiphp.xin',
  'connection' => 'keep-alive',
  'upgrade-insecure-requests' => '1',
  'user-agent' => 'Mozilla/5.0 (Windows NT 10.0; WOW64) AppleWebKit/537.36 (KHTML, like Gecko) Chrome/66.0.3359.181 Safari/537.36',
  'accept' => 'text/html,application/xhtml+xml,application/xml;q=0.9,image/webp,image/apng,*/*;q=0.8',
  'referer' => 'http://works.songqiphp.xin/admin/login/index.html',
  'accept-encoding' => 'gzip, deflate',
  'accept-language' => 'zh-CN,zh;q=0.9',
  'cookie' => 'pgv_pvi=5646560256; PHPSESSID=j1073f9t0qs90ph1cb6di0tmd5; cu=admin; CSDFDSA=e12UqnFFiySYU',
)
[ info ] [ PARAM ] array (
)
[ info ] [ RUN ] app\admin\controller\Login->index[ /home/wwwroot/works.songqiphp.xin/application/admin/controller/Login.php ]
[ info ] [ SESSION ] INIT array (
  'id' => '',
  'var_session_id' => '',
  'prefix' => 'think',
  'type' => '',
  'auto_start' => true,
)
[ info ] [ LOG ] INIT File

---------------------------------------------------------------
[ 2018-06-02T22:38:13+08:00 ] 172.18.115.88 27.38.20.207 GET /admin/index/index.html
[ log ] works.songqiphp.xin/admin/index/index.html [运行时间：0.032076s][吞吐率：31.18req/s] [内存消耗：2,216.91kb] [文件加载：57]
[ info ] [ LANG ] /home/wwwroot/works.songqiphp.xin/thinkphp/lang/zh-cn.php
[ info ] [ ROUTE ] array (
  'type' => 'module',
  'module' => 
  array (
    0 => 'admin',
    1 => 'index',
    2 => 'index',
  ),
)
[ info ] [ HEADER ] array (
  'host' => 'works.songqiphp.xin',
  'connection' => 'keep-alive',
  'upgrade-insecure-requests' => '1',
  'user-agent' => 'Mozilla/5.0 (Windows NT 10.0; WOW64) AppleWebKit/537.36 (KHTML, like Gecko) Chrome/66.0.3359.181 Safari/537.36',
  'accept' => 'text/html,application/xhtml+xml,application/xml;q=0.9,image/webp,image/apng,*/*;q=0.8',
  'referer' => 'http://works.songqiphp.xin/admin/login/index.html',
  'accept-encoding' => 'gzip, deflate',
  'accept-language' => 'zh-CN,zh;q=0.9',
  'cookie' => 'pgv_pvi=5646560256; PHPSESSID=j1073f9t0qs90ph1cb6di0tmd5; cu=admin; CSDFDSA=e12UqnFFiySYU',
)
[ info ] [ PARAM ] array (
)
[ info ] [ SESSION ] INIT array (
  'id' => '',
  'var_session_id' => '',
  'prefix' => 'think',
  'type' => '',
  'auto_start' => true,
)
[ info ] [ DB ] INIT mysql
[ info ] [ RUN ] app\admin\controller\Index->index[ /home/wwwroot/works.songqiphp.xin/application/admin/controller/Index.php ]
[ info ] [ VIEW ] /home/wwwroot/works.songqiphp.xin/public/../application/admin/view/index/index.html [ array (
  0 => 'menuinfo',
) ]
[ info ] [ LOG ] INIT File
[ sql ] [ DB ] CONNECT:[ UseTime:0.000298s ] mysql:dbname=thinkphp;host=127.0.0.1;port=3306;charset=utf8
[ sql ] [ SQL ] SHOW COLUMNS FROM `admin_user` [ RunTime:0.000610s ]
[ sql ] [ SQL ] SELECT * FROM `admin_user` WHERE  `names` = 'admin' LIMIT 1 [ RunTime:0.000195s ]
[ sql ] [ SQL ] SHOW COLUMNS FROM `admin_role` [ RunTime:0.000431s ]
[ sql ] [ SQL ] SELECT * FROM `admin_role` WHERE  `role_id` = 6 LIMIT 1 [ RunTime:0.000142s ]
[ sql ] [ SQL ] SHOW COLUMNS FROM `admin_menu` [ RunTime:0.000404s ]
[ sql ] [ SQL ] SELECT `url` FROM `admin_menu` WHERE  `id` IN (1,3,6,7,12,4,8,9,13,5,10,11,14,2,15,16,17,18) [ RunTime:0.000195s ]
[ sql ] [ SQL ] SELECT * FROM `admin_role` WHERE  `role_id` = 6 LIMIT 1 [ RunTime:0.000125s ]
[ sql ] [ SQL ] SELECT * FROM `admin_menu` WHERE  `parent_id` = 0  AND `type` = 'menu'  AND `id` IN (1,3,6,7,12,4,8,9,13,5,10,11,14,2,15,16,17,18) ORDER BY sort asc [ RunTime:0.000235s ]
[ sql ] [ SQL ] SELECT * FROM `admin_menu` WHERE  `parent_id` = 1  AND `type` = 'menu'  AND `id` IN (1,3,6,7,12,4,8,9,13,5,10,11,14,2,15,16,17,18) ORDER BY sort asc [ RunTime:0.000095s ]
[ sql ] [ SQL ] SELECT * FROM `admin_menu` WHERE  `parent_id` = 2  AND `type` = 'menu'  AND `id` IN (1,3,6,7,12,4,8,9,13,5,10,11,14,2,15,16,17,18) ORDER BY sort asc [ RunTime:0.000107s ]

---------------------------------------------------------------
[ 2018-06-02T22:38:14+08:00 ] 172.18.115.88 27.38.20.207 GET /admin/index/welcome.html
[ log ] works.songqiphp.xin/admin/index/welcome.html [运行时间：0.350393s][吞吐率：2.85req/s] [内存消耗：2,163.45kb] [文件加载：56]
[ info ] [ LANG ] /home/wwwroot/works.songqiphp.xin/thinkphp/lang/zh-cn.php
[ info ] [ ROUTE ] array (
  'type' => 'module',
  'module' => 
  array (
    0 => 'admin',
    1 => 'index',
    2 => 'welcome',
  ),
)
[ info ] [ HEADER ] array (
  'host' => 'works.songqiphp.xin',
  'connection' => 'keep-alive',
  'upgrade-insecure-requests' => '1',
  'user-agent' => 'Mozilla/5.0 (Windows NT 10.0; WOW64) AppleWebKit/537.36 (KHTML, like Gecko) Chrome/66.0.3359.181 Safari/537.36',
  'accept' => 'text/html,application/xhtml+xml,application/xml;q=0.9,image/webp,image/apng,*/*;q=0.8',
  'referer' => 'http://works.songqiphp.xin/admin/index/index.html',
  'accept-encoding' => 'gzip, deflate',
  'accept-language' => 'zh-CN,zh;q=0.9',
  'cookie' => 'pgv_pvi=5646560256; PHPSESSID=j1073f9t0qs90ph1cb6di0tmd5; cu=admin; CSDFDSA=e12UqnFFiySYU',
)
[ info ] [ PARAM ] array (
)
[ info ] [ SESSION ] INIT array (
  'id' => '',
  'var_session_id' => '',
  'prefix' => 'think',
  'type' => '',
  'auto_start' => true,
)
[ info ] [ DB ] INIT mysql
[ info ] [ RUN ] app\admin\controller\Index->welcome[ /home/wwwroot/works.songqiphp.xin/application/admin/controller/Index.php ]
[ info ] [ VIEW ] /home/wwwroot/works.songqiphp.xin/public/../application/admin/view/index/welcome.html [ array (
  0 => 'menuinfo',
  1 => 'sys_info',
) ]
[ info ] [ LOG ] INIT File
[ sql ] [ DB ] CONNECT:[ UseTime:0.000257s ] mysql:dbname=thinkphp;host=127.0.0.1;port=3306;charset=utf8
[ sql ] [ SQL ] SHOW COLUMNS FROM `admin_user` [ RunTime:0.000625s ]
[ sql ] [ SQL ] SELECT * FROM `admin_user` WHERE  `names` = 'admin' LIMIT 1 [ RunTime:0.000185s ]
[ sql ] [ SQL ] SHOW COLUMNS FROM `admin_role` [ RunTime:0.000417s ]
[ sql ] [ SQL ] SELECT * FROM `admin_role` WHERE  `role_id` = 6 LIMIT 1 [ RunTime:0.000135s ]
[ sql ] [ SQL ] SHOW COLUMNS FROM `admin_menu` [ RunTime:0.000415s ]
[ sql ] [ SQL ] SELECT `url` FROM `admin_menu` WHERE  `id` IN (1,3,6,7,12,4,8,9,13,5,10,11,14,2,15,16,17,18) [ RunTime:0.000181s ]
[ sql ] [ SQL ] SELECT * FROM `admin_role` WHERE  `role_id` = 6 LIMIT 1 [ RunTime:0.000137s ]
[ sql ] [ SQL ] SELECT * FROM `admin_menu` WHERE  `parent_id` = 0  AND `type` = 'menu'  AND `id` IN (1,3,6,7,12,4,8,9,13,5,10,11,14,2,15,16,17,18) ORDER BY sort asc [ RunTime:0.000218s ]
[ sql ] [ SQL ] SELECT * FROM `admin_menu` WHERE  `parent_id` = 1  AND `type` = 'menu'  AND `id` IN (1,3,6,7,12,4,8,9,13,5,10,11,14,2,15,16,17,18) ORDER BY sort asc [ RunTime:0.000105s ]
[ sql ] [ SQL ] SELECT * FROM `admin_menu` WHERE  `parent_id` = 2  AND `type` = 'menu'  AND `id` IN (1,3,6,7,12,4,8,9,13,5,10,11,14,2,15,16,17,18) ORDER BY sort asc [ RunTime:0.000094s ]
[ sql ] [ SQL ] SELECT VERSION() as version [ RunTime:0.000239s ]

---------------------------------------------------------------
[ 2018-06-02T22:38:29+08:00 ] 172.18.115.88 223.166.151.191 GET /captcha.html
[ log ] works.songqiphp.xin/captcha.html [运行时间：0.017128s][吞吐率：58.38req/s] [内存消耗：1,181.78kb] [文件加载：39]
[ info ] [ LANG ] /home/wwwroot/works.songqiphp.xin/thinkphp/lang/zh-cn.php
[ info ] [ ROUTE ] array (
  'type' => 'method',
  'method' => 
  array (
    0 => '\\think\\captcha\\CaptchaController',
    1 => 'index',
  ),
  'var' => 
  array (
  ),
)
[ info ] [ HEADER ] array (
  'user-agent' => 'Mozilla/5.0 (Windows NT 6.1; WOW64; Trident/7.0; SLCC2; .NET CLR 2.0.50727; .NET CLR 3.5.30729; .NET CLR 3.0.30729; Media Center PC 6.0; .NET4.0C; .NET4.0E; InfoPath.3; rv:11.0) like Gecko',
  'accept' => '*/*',
  'referer' => 'http://works.songqiphp.xin/admin/login/index.html',
  'accept-language' => 'zh-CN,zh;q=0.8,en-US;q=0.6,en;q=0.4',
  'host' => 'works.songqiphp.xin',
  'connection' => 'keep-alive',
)
[ info ] [ PARAM ] array (
  'id' => NULL,
)
[ info ] [ RUN ] think\captcha\CaptchaController->index[ /home/wwwroot/works.songqiphp.xin/vendor/topthink/think-captcha/src/CaptchaController.php ]
[ info ] [ SESSION ] INIT array (
  'id' => '',
  'var_session_id' => '',
  'prefix' => 'think',
  'type' => '',
  'auto_start' => true,
)
[ info ] [ LOG ] INIT File

---------------------------------------------------------------
[ 2018-06-02T22:38:56+08:00 ] 172.18.115.88 27.38.20.207 GET /admin/admin/role.html
[ log ] works.songqiphp.xin/admin/admin/role.html [运行时间：0.034954s][吞吐率：28.61req/s] [内存消耗：2,226.91kb] [文件加载：58]
[ info ] [ LANG ] /home/wwwroot/works.songqiphp.xin/thinkphp/lang/zh-cn.php
[ info ] [ ROUTE ] array (
  'type' => 'module',
  'module' => 
  array (
    0 => 'admin',
    1 => 'admin',
    2 => 'role',
  ),
)
[ info ] [ HEADER ] array (
  'host' => 'works.songqiphp.xin',
  'connection' => 'keep-alive',
  'upgrade-insecure-requests' => '1',
  'user-agent' => 'Mozilla/5.0 (Windows NT 10.0; WOW64) AppleWebKit/537.36 (KHTML, like Gecko) Chrome/66.0.3359.181 Safari/537.36',
  'accept' => 'text/html,application/xhtml+xml,application/xml;q=0.9,image/webp,image/apng,*/*;q=0.8',
  'referer' => 'http://works.songqiphp.xin/admin/index/index.html',
  'accept-encoding' => 'gzip, deflate',
  'accept-language' => 'zh-CN,zh;q=0.9',
  'cookie' => 'pgv_pvi=5646560256; PHPSESSID=j1073f9t0qs90ph1cb6di0tmd5; cu=admin; CSDFDSA=e12UqnFFiySYU',
)
[ info ] [ PARAM ] array (
)
[ info ] [ SESSION ] INIT array (
  'id' => '',
  'var_session_id' => '',
  'prefix' => 'think',
  'type' => '',
  'auto_start' => true,
)
[ info ] [ DB ] INIT mysql
[ info ] [ RUN ] app\admin\controller\Admin->role[ /home/wwwroot/works.songqiphp.xin/application/admin/controller/Admin.php ]
[ info ] [ VIEW ] /home/wwwroot/works.songqiphp.xin/public/../application/admin/view/admin/admin-role.html [ array (
  0 => 'menuinfo',
  1 => 'data',
  2 => 'num',
) ]
[ info ] [ LOG ] INIT File
[ sql ] [ DB ] CONNECT:[ UseTime:0.000257s ] mysql:dbname=thinkphp;host=127.0.0.1;port=3306;charset=utf8
[ sql ] [ SQL ] SHOW COLUMNS FROM `admin_user` [ RunTime:0.000640s ]
[ sql ] [ SQL ] SELECT * FROM `admin_user` WHERE  `names` = 'admin' LIMIT 1 [ RunTime:0.000198s ]
[ sql ] [ SQL ] SHOW COLUMNS FROM `admin_role` [ RunTime:0.000448s ]
[ sql ] [ SQL ] SELECT * FROM `admin_role` WHERE  `role_id` = 6 LIMIT 1 [ RunTime:0.000128s ]
[ sql ] [ SQL ] SHOW COLUMNS FROM `admin_menu` [ RunTime:0.000454s ]
[ sql ] [ SQL ] SELECT `url` FROM `admin_menu` WHERE  `id` IN (1,3,6,7,12,4,8,9,13,5,10,11,14,2,15,16,17,18) [ RunTime:0.000178s ]
[ sql ] [ SQL ] SELECT * FROM `admin_role` WHERE  `role_id` = 6 LIMIT 1 [ RunTime:0.000124s ]
[ sql ] [ SQL ] SELECT * FROM `admin_menu` WHERE  `parent_id` = 0  AND `type` = 'menu'  AND `id` IN (1,3,6,7,12,4,8,9,13,5,10,11,14,2,15,16,17,18) ORDER BY sort asc [ RunTime:0.000221s ]
[ sql ] [ SQL ] SELECT * FROM `admin_menu` WHERE  `parent_id` = 1  AND `type` = 'menu'  AND `id` IN (1,3,6,7,12,4,8,9,13,5,10,11,14,2,15,16,17,18) ORDER BY sort asc [ RunTime:0.000096s ]
[ sql ] [ SQL ] SELECT * FROM `admin_menu` WHERE  `parent_id` = 2  AND `type` = 'menu'  AND `id` IN (1,3,6,7,12,4,8,9,13,5,10,11,14,2,15,16,17,18) ORDER BY sort asc [ RunTime:0.000107s ]
[ sql ] [ SQL ] SELECT * FROM `admin_role` [ RunTime:0.000213s ]
[ sql ] [ SQL ] SELECT `names` FROM `admin_user` WHERE  `role_id` = '1' [ RunTime:0.000128s ]
[ sql ] [ SQL ] SELECT `names` FROM `admin_user` WHERE  `role_id` = '2' [ RunTime:0.000064s ]
[ sql ] [ SQL ] SELECT `names` FROM `admin_user` WHERE  `role_id` = '6' [ RunTime:0.000049s ]

---------------------------------------------------------------
[ 2018-06-02T22:38:59+08:00 ] 172.18.115.88 27.38.20.207 GET /admin/admin/permission.html
[ log ] works.songqiphp.xin/admin/admin/permission.html [运行时间：0.033834s][吞吐率：29.56req/s] [内存消耗：2,234.20kb] [文件加载：58]
[ info ] [ LANG ] /home/wwwroot/works.songqiphp.xin/thinkphp/lang/zh-cn.php
[ info ] [ ROUTE ] array (
  'type' => 'module',
  'module' => 
  array (
    0 => 'admin',
    1 => 'admin',
    2 => 'permission',
  ),
)
[ info ] [ HEADER ] array (
  'host' => 'works.songqiphp.xin',
  'connection' => 'keep-alive',
  'upgrade-insecure-requests' => '1',
  'user-agent' => 'Mozilla/5.0 (Windows NT 10.0; WOW64) AppleWebKit/537.36 (KHTML, like Gecko) Chrome/66.0.3359.181 Safari/537.36',
  'accept' => 'text/html,application/xhtml+xml,application/xml;q=0.9,image/webp,image/apng,*/*;q=0.8',
  'referer' => 'http://works.songqiphp.xin/admin/index/index.html',
  'accept-encoding' => 'gzip, deflate',
  'accept-language' => 'zh-CN,zh;q=0.9',
  'cookie' => 'pgv_pvi=5646560256; PHPSESSID=j1073f9t0qs90ph1cb6di0tmd5; cu=admin; CSDFDSA=e12UqnFFiySYU',
)
[ info ] [ PARAM ] array (
)
[ info ] [ SESSION ] INIT array (
  'id' => '',
  'var_session_id' => '',
  'prefix' => 'think',
  'type' => '',
  'auto_start' => true,
)
[ info ] [ DB ] INIT mysql
[ info ] [ RUN ] app\admin\controller\Admin->permission[ /home/wwwroot/works.songqiphp.xin/application/admin/controller/Admin.php ]
[ info ] [ VIEW ] /home/wwwroot/works.songqiphp.xin/public/../application/admin/view/admin/admin-permission.html [ array (
  0 => 'menuinfo',
  1 => 'data',
  2 => 'num',
  3 => 'keyword',
) ]
[ info ] [ LOG ] INIT File
[ sql ] [ DB ] CONNECT:[ UseTime:0.000267s ] mysql:dbname=thinkphp;host=127.0.0.1;port=3306;charset=utf8
[ sql ] [ SQL ] SHOW COLUMNS FROM `admin_user` [ RunTime:0.000639s ]
[ sql ] [ SQL ] SELECT * FROM `admin_user` WHERE  `names` = 'admin' LIMIT 1 [ RunTime:0.000192s ]
[ sql ] [ SQL ] SHOW COLUMNS FROM `admin_role` [ RunTime:0.000439s ]
[ sql ] [ SQL ] SELECT * FROM `admin_role` WHERE  `role_id` = 6 LIMIT 1 [ RunTime:0.000135s ]
[ sql ] [ SQL ] SHOW COLUMNS FROM `admin_menu` [ RunTime:0.000444s ]
[ sql ] [ SQL ] SELECT `url` FROM `admin_menu` WHERE  `id` IN (1,3,6,7,12,4,8,9,13,5,10,11,14,2,15,16,17,18) [ RunTime:0.000187s ]
[ sql ] [ SQL ] SELECT * FROM `admin_role` WHERE  `role_id` = 6 LIMIT 1 [ RunTime:0.000142s ]
[ sql ] [ SQL ] SELECT * FROM `admin_menu` WHERE  `parent_id` = 0  AND `type` = 'menu'  AND `id` IN (1,3,6,7,12,4,8,9,13,5,10,11,14,2,15,16,17,18) ORDER BY sort asc [ RunTime:0.000224s ]
[ sql ] [ SQL ] SELECT * FROM `admin_menu` WHERE  `parent_id` = 1  AND `type` = 'menu'  AND `id` IN (1,3,6,7,12,4,8,9,13,5,10,11,14,2,15,16,17,18) ORDER BY sort asc [ RunTime:0.000100s ]
[ sql ] [ SQL ] SELECT * FROM `admin_menu` WHERE  `parent_id` = 2  AND `type` = 'menu'  AND `id` IN (1,3,6,7,12,4,8,9,13,5,10,11,14,2,15,16,17,18) ORDER BY sort asc [ RunTime:0.000111s ]
[ sql ] [ SQL ] SELECT * FROM `admin_menu` WHERE  `type` = 'per' [ RunTime:0.000156s ]
[ sql ] [ SQL ] SELECT `name` FROM `admin_menu` WHERE  `id` = 3 LIMIT 1 [ RunTime:0.000118s ]
[ sql ] [ SQL ] SELECT `name` FROM `admin_menu` WHERE  `id` = 3 LIMIT 1 [ RunTime:0.000054s ]
[ sql ] [ SQL ] SELECT `name` FROM `admin_menu` WHERE  `id` = 4 LIMIT 1 [ RunTime:0.000048s ]
[ sql ] [ SQL ] SELECT `name` FROM `admin_menu` WHERE  `id` = 4 LIMIT 1 [ RunTime:0.000059s ]
[ sql ] [ SQL ] SELECT `name` FROM `admin_menu` WHERE  `id` = 5 LIMIT 1 [ RunTime:0.000052s ]
[ sql ] [ SQL ] SELECT `name` FROM `admin_menu` WHERE  `id` = 5 LIMIT 1 [ RunTime:0.000047s ]
[ sql ] [ SQL ] SELECT `name` FROM `admin_menu` WHERE  `id` = 3 LIMIT 1 [ RunTime:0.000048s ]
[ sql ] [ SQL ] SELECT `name` FROM `admin_menu` WHERE  `id` = 4 LIMIT 1 [ RunTime:0.000049s ]
[ sql ] [ SQL ] SELECT `name` FROM `admin_menu` WHERE  `id` = 5 LIMIT 1 [ RunTime:0.000050s ]
[ sql ] [ SQL ] SELECT `name` FROM `admin_menu` WHERE  `id` = 15 LIMIT 1 [ RunTime:0.000049s ]

---------------------------------------------------------------
[ 2018-06-02T22:39:03+08:00 ] 172.18.115.88 140.207.54.140 GET /captcha?id=1527950338
[ log ] works.songqiphp.xin/captcha?id=1527950338 [运行时间：0.016916s][吞吐率：59.12req/s] [内存消耗：1,181.72kb] [文件加载：39]
[ info ] [ LANG ] /home/wwwroot/works.songqiphp.xin/thinkphp/lang/zh-cn.php
[ info ] [ ROUTE ] array (
  'type' => 'method',
  'method' => 
  array (
    0 => '\\think\\captcha\\CaptchaController',
    1 => 'index',
  ),
  'var' => 
  array (
  ),
)
[ info ] [ HEADER ] array (
  'user-agent' => 'Mozilla/5.0 (Windows NT 6.1; WOW64; rv:50.0) Gecko/20100101 Firefox/50.0',
  'accept' => '*/*',
  'referer' => 'http://works.songqiphp.xin/admin/login/index.html',
  'accept-language' => 'zh-CN,zh;q=0.8,en-US;q=0.6,en;q=0.4',
  'host' => 'works.songqiphp.xin',
  'connection' => 'keep-alive',
)
[ info ] [ PARAM ] array (
  'id' => NULL,
)
[ info ] [ RUN ] think\captcha\CaptchaController->index[ /home/wwwroot/works.songqiphp.xin/vendor/topthink/think-captcha/src/CaptchaController.php ]
[ info ] [ SESSION ] INIT array (
  'id' => '',
  'var_session_id' => '',
  'prefix' => 'think',
  'type' => '',
  'auto_start' => true,
)
[ info ] [ LOG ] INIT File

---------------------------------------------------------------
[ 2018-06-02T22:39:05+08:00 ] 172.18.115.88 27.38.20.207 GET /admin/admin/admin-permission-add.html
[ log ] works.songqiphp.xin/admin/admin/admin-permission-add.html [运行时间：0.034366s][吞吐率：29.10req/s] [内存消耗：2,142.67kb] [文件加载：53]
[ info ] [ LANG ] /home/wwwroot/works.songqiphp.xin/thinkphp/lang/zh-cn.php
[ info ] [ ROUTE ] array (
  'type' => 'module',
  'module' => 
  array (
    0 => 'admin',
    1 => 'admin',
    2 => 'admin-permission-add',
  ),
)
[ info ] [ HEADER ] array (
  'host' => 'works.songqiphp.xin',
  'connection' => 'keep-alive',
  'upgrade-insecure-requests' => '1',
  'user-agent' => 'Mozilla/5.0 (Windows NT 10.0; WOW64) AppleWebKit/537.36 (KHTML, like Gecko) Chrome/66.0.3359.181 Safari/537.36',
  'accept' => 'text/html,application/xhtml+xml,application/xml;q=0.9,image/webp,image/apng,*/*;q=0.8',
  'referer' => 'http://works.songqiphp.xin/admin/admin/permission.html',
  'accept-encoding' => 'gzip, deflate',
  'accept-language' => 'zh-CN,zh;q=0.9',
  'cookie' => 'pgv_pvi=5646560256; PHPSESSID=j1073f9t0qs90ph1cb6di0tmd5; cu=admin; CSDFDSA=e12UqnFFiySYU',
)
[ info ] [ PARAM ] array (
)
[ info ] [ SESSION ] INIT array (
  'id' => '',
  'var_session_id' => '',
  'prefix' => 'think',
  'type' => '',
  'auto_start' => true,
)
[ info ] [ DB ] INIT mysql
[ info ] [ LOG ] INIT File
[ sql ] [ DB ] CONNECT:[ UseTime:0.000311s ] mysql:dbname=thinkphp;host=127.0.0.1;port=3306;charset=utf8
[ sql ] [ SQL ] SHOW COLUMNS FROM `admin_user` [ RunTime:0.000683s ]
[ sql ] [ SQL ] SELECT * FROM `admin_user` WHERE  `names` = 'admin' LIMIT 1 [ RunTime:0.000200s ]
[ sql ] [ SQL ] SHOW COLUMNS FROM `admin_role` [ RunTime:0.000483s ]
[ sql ] [ SQL ] SELECT * FROM `admin_role` WHERE  `role_id` = 6 LIMIT 1 [ RunTime:0.000170s ]
[ sql ] [ SQL ] SHOW COLUMNS FROM `admin_menu` [ RunTime:0.000438s ]
[ sql ] [ SQL ] SELECT `url` FROM `admin_menu` WHERE  `id` IN (1,3,6,7,12,4,8,9,13,5,10,11,14,2,15,16,17,18) [ RunTime:0.000197s ]

---------------------------------------------------------------
[ 2018-06-02T22:39:13+08:00 ] 172.18.115.88 140.207.54.197 GET /admin/index/index.html
[ log ] works.songqiphp.xin/admin/index/index.html [运行时间：0.018802s][吞吐率：53.19req/s] [内存消耗：1,395.41kb] [文件加载：48]
[ info ] [ LANG ] /home/wwwroot/works.songqiphp.xin/thinkphp/lang/zh-cn.php
[ info ] [ ROUTE ] array (
  'type' => 'module',
  'module' => 
  array (
    0 => 'admin',
    1 => 'index',
    2 => 'index',
  ),
)
[ info ] [ HEADER ] array (
  'user-agent' => 'Mozilla/5.0 (Macintosh; Intel Mac OS X 10_12_4) AppleWebKit/537.36 (KHTML, like Gecko) 			Chrome/55.0.2883.95 Safari/537.36',
  'accept' => '*/*',
  'referer' => 'http://works.songqiphp.xin/admin/login/index.html',
  'accept-language' => 'zh-CN,zh;q=0.8,en-US;q=0.6,en;q=0.4',
  'host' => 'works.songqiphp.xin',
  'connection' => 'keep-alive',
)
[ info ] [ PARAM ] array (
)
[ info ] [ SESSION ] INIT array (
  'id' => '',
  'var_session_id' => '',
  'prefix' => 'think',
  'type' => '',
  'auto_start' => true,
)
[ info ] [ LOG ] INIT File

---------------------------------------------------------------
[ 2018-06-02T22:39:14+08:00 ] 172.18.115.88 140.207.54.197 GET /admin/index/welcome.html
[ log ] works.songqiphp.xin/admin/index/welcome.html [运行时间：0.018055s][吞吐率：55.39req/s] [内存消耗：1,395.45kb] [文件加载：48]
[ info ] [ LANG ] /home/wwwroot/works.songqiphp.xin/thinkphp/lang/zh-cn.php
[ info ] [ ROUTE ] array (
  'type' => 'module',
  'module' => 
  array (
    0 => 'admin',
    1 => 'index',
    2 => 'welcome',
  ),
)
[ info ] [ HEADER ] array (
  'user-agent' => 'Mozilla/5.0 (Windows NT 6.1; WOW64) AppleWebKit/537.36 (KHTML, like Gecko) Chrome/53.0.2785.104 Safari/537.36 Core/1.53.2141.400 QQBrowser/9.5.10219.400',
  'accept' => '*/*',
  'referer' => 'http://works.songqiphp.xin/admin/index/index.html',
  'accept-language' => 'zh-CN,zh;q=0.8,en-US;q=0.6,en;q=0.4',
  'host' => 'works.songqiphp.xin',
  'connection' => 'keep-alive',
)
[ info ] [ PARAM ] array (
)
[ info ] [ SESSION ] INIT array (
  'id' => '',
  'var_session_id' => '',
  'prefix' => 'think',
  'type' => '',
  'auto_start' => true,
)
[ info ] [ LOG ] INIT File

---------------------------------------------------------------
[ 2018-06-02T22:39:20+08:00 ] 172.18.115.88 27.38.20.207 GET /admin/admin/index.html
[ log ] works.songqiphp.xin/admin/admin/index.html [运行时间：0.033448s][吞吐率：29.90req/s] [内存消耗：2,243.64kb] [文件加载：58]
[ info ] [ LANG ] /home/wwwroot/works.songqiphp.xin/thinkphp/lang/zh-cn.php
[ info ] [ ROUTE ] array (
  'type' => 'module',
  'module' => 
  array (
    0 => 'admin',
    1 => 'admin',
    2 => 'index',
  ),
)
[ info ] [ HEADER ] array (
  'host' => 'works.songqiphp.xin',
  'connection' => 'keep-alive',
  'upgrade-insecure-requests' => '1',
  'user-agent' => 'Mozilla/5.0 (Windows NT 10.0; WOW64) AppleWebKit/537.36 (KHTML, like Gecko) Chrome/66.0.3359.181 Safari/537.36',
  'accept' => 'text/html,application/xhtml+xml,application/xml;q=0.9,image/webp,image/apng,*/*;q=0.8',
  'referer' => 'http://works.songqiphp.xin/admin/index/index.html',
  'accept-encoding' => 'gzip, deflate',
  'accept-language' => 'zh-CN,zh;q=0.9',
  'cookie' => 'pgv_pvi=5646560256; PHPSESSID=j1073f9t0qs90ph1cb6di0tmd5; cu=admin; CSDFDSA=e12UqnFFiySYU',
)
[ info ] [ PARAM ] array (
)
[ info ] [ SESSION ] INIT array (
  'id' => '',
  'var_session_id' => '',
  'prefix' => 'think',
  'type' => '',
  'auto_start' => true,
)
[ info ] [ DB ] INIT mysql
[ info ] [ RUN ] app\admin\controller\Admin->index[ /home/wwwroot/works.songqiphp.xin/application/admin/controller/Admin.php ]
[ info ] [ VIEW ] /home/wwwroot/works.songqiphp.xin/public/../application/admin/view/admin/admin-index.html [ array (
  0 => 'menuinfo',
  1 => 'data',
  2 => 'keyword',
  3 => 'num',
) ]
[ info ] [ LOG ] INIT File
[ sql ] [ DB ] CONNECT:[ UseTime:0.000285s ] mysql:dbname=thinkphp;host=127.0.0.1;port=3306;charset=utf8
[ sql ] [ SQL ] SHOW COLUMNS FROM `admin_user` [ RunTime:0.000643s ]
[ sql ] [ SQL ] SELECT * FROM `admin_user` WHERE  `names` = 'admin' LIMIT 1 [ RunTime:0.000186s ]
[ sql ] [ SQL ] SHOW COLUMNS FROM `admin_role` [ RunTime:0.000420s ]
[ sql ] [ SQL ] SELECT * FROM `admin_role` WHERE  `role_id` = 6 LIMIT 1 [ RunTime:0.000147s ]
[ sql ] [ SQL ] SHOW COLUMNS FROM `admin_menu` [ RunTime:0.000403s ]
[ sql ] [ SQL ] SELECT `url` FROM `admin_menu` WHERE  `id` IN (1,3,6,7,12,4,8,9,13,5,10,11,14,2,15,16,17,18) [ RunTime:0.000205s ]
[ sql ] [ SQL ] SELECT * FROM `admin_role` WHERE  `role_id` = 6 LIMIT 1 [ RunTime:0.000161s ]
[ sql ] [ SQL ] SELECT * FROM `admin_menu` WHERE  `parent_id` = 0  AND `type` = 'menu'  AND `id` IN (1,3,6,7,12,4,8,9,13,5,10,11,14,2,15,16,17,18) ORDER BY sort asc [ RunTime:0.000231s ]
[ sql ] [ SQL ] SELECT * FROM `admin_menu` WHERE  `parent_id` = 1  AND `type` = 'menu'  AND `id` IN (1,3,6,7,12,4,8,9,13,5,10,11,14,2,15,16,17,18) ORDER BY sort asc [ RunTime:0.000098s ]
[ sql ] [ SQL ] SELECT * FROM `admin_menu` WHERE  `parent_id` = 2  AND `type` = 'menu'  AND `id` IN (1,3,6,7,12,4,8,9,13,5,10,11,14,2,15,16,17,18) ORDER BY sort asc [ RunTime:0.000098s ]
[ sql ] [ SQL ] SELECT * FROM `admin_user` `u` LEFT JOIN `admin_role` `r` ON `u`.`role_id`=`r`.`role_id` [ RunTime:0.000320s ]

---------------------------------------------------------------
[ 2018-06-02T22:39:22+08:00 ] 172.18.115.88 27.38.20.207 GET /admin/admin/admin-add.html
[ log ] works.songqiphp.xin/admin/admin/admin-add.html [运行时间：0.028599s][吞吐率：34.97req/s] [内存消耗：2,142.59kb] [文件加载：53]
[ info ] [ LANG ] /home/wwwroot/works.songqiphp.xin/thinkphp/lang/zh-cn.php
[ info ] [ ROUTE ] array (
  'type' => 'module',
  'module' => 
  array (
    0 => 'admin',
    1 => 'admin',
    2 => 'admin-add',
  ),
)
[ info ] [ HEADER ] array (
  'host' => 'works.songqiphp.xin',
  'connection' => 'keep-alive',
  'upgrade-insecure-requests' => '1',
  'user-agent' => 'Mozilla/5.0 (Windows NT 10.0; WOW64) AppleWebKit/537.36 (KHTML, like Gecko) Chrome/66.0.3359.181 Safari/537.36',
  'accept' => 'text/html,application/xhtml+xml,application/xml;q=0.9,image/webp,image/apng,*/*;q=0.8',
  'referer' => 'http://works.songqiphp.xin/admin/admin/index.html',
  'accept-encoding' => 'gzip, deflate',
  'accept-language' => 'zh-CN,zh;q=0.9',
  'cookie' => 'pgv_pvi=5646560256; PHPSESSID=j1073f9t0qs90ph1cb6di0tmd5; cu=admin; CSDFDSA=e12UqnFFiySYU',
)
[ info ] [ PARAM ] array (
)
[ info ] [ SESSION ] INIT array (
  'id' => '',
  'var_session_id' => '',
  'prefix' => 'think',
  'type' => '',
  'auto_start' => true,
)
[ info ] [ DB ] INIT mysql
[ info ] [ LOG ] INIT File
[ sql ] [ DB ] CONNECT:[ UseTime:0.000302s ] mysql:dbname=thinkphp;host=127.0.0.1;port=3306;charset=utf8
[ sql ] [ SQL ] SHOW COLUMNS FROM `admin_user` [ RunTime:0.000619s ]
[ sql ] [ SQL ] SELECT * FROM `admin_user` WHERE  `names` = 'admin' LIMIT 1 [ RunTime:0.000187s ]
[ sql ] [ SQL ] SHOW COLUMNS FROM `admin_role` [ RunTime:0.000444s ]
[ sql ] [ SQL ] SELECT * FROM `admin_role` WHERE  `role_id` = 6 LIMIT 1 [ RunTime:0.000130s ]
[ sql ] [ SQL ] SHOW COLUMNS FROM `admin_menu` [ RunTime:0.000430s ]
[ sql ] [ SQL ] SELECT `url` FROM `admin_menu` WHERE  `id` IN (1,3,6,7,12,4,8,9,13,5,10,11,14,2,15,16,17,18) [ RunTime:0.000182s ]

---------------------------------------------------------------
[ 2018-06-02T22:39:28+08:00 ] 172.18.115.88 27.38.20.207 POST /admin/admin/index.html
[ log ] works.songqiphp.xin/admin/admin/index.html [运行时间：0.039241s][吞吐率：25.48req/s] [内存消耗：2,244.06kb] [文件加载：58]
[ info ] [ LANG ] /home/wwwroot/works.songqiphp.xin/thinkphp/lang/zh-cn.php
[ info ] [ ROUTE ] array (
  'type' => 'module',
  'module' => 
  array (
    0 => 'admin',
    1 => 'admin',
    2 => 'index',
  ),
)
[ info ] [ HEADER ] array (
  'host' => 'works.songqiphp.xin',
  'connection' => 'keep-alive',
  'content-length' => '22',
  'cache-control' => 'max-age=0',
  'origin' => 'http://works.songqiphp.xin',
  'upgrade-insecure-requests' => '1',
  'content-type' => 'application/x-www-form-urlencoded',
  'user-agent' => 'Mozilla/5.0 (Windows NT 10.0; WOW64) AppleWebKit/537.36 (KHTML, like Gecko) Chrome/66.0.3359.181 Safari/537.36',
  'accept' => 'text/html,application/xhtml+xml,application/xml;q=0.9,image/webp,image/apng,*/*;q=0.8',
  'referer' => 'http://works.songqiphp.xin/admin/admin/index.html',
  'accept-encoding' => 'gzip, deflate',
  'accept-language' => 'zh-CN,zh;q=0.9',
  'cookie' => 'pgv_pvi=5646560256; PHPSESSID=j1073f9t0qs90ph1cb6di0tmd5; cu=admin; CSDFDSA=e12UqnFFiySYU',
)
[ info ] [ PARAM ] array (
  'dates' => '',
  'datee' => '',
  'keyword' => '',
)
[ info ] [ SESSION ] INIT array (
  'id' => '',
  'var_session_id' => '',
  'prefix' => 'think',
  'type' => '',
  'auto_start' => true,
)
[ info ] [ DB ] INIT mysql
[ info ] [ RUN ] app\admin\controller\Admin->index[ /home/wwwroot/works.songqiphp.xin/application/admin/controller/Admin.php ]
[ info ] [ VIEW ] /home/wwwroot/works.songqiphp.xin/public/../application/admin/view/admin/admin-index.html [ array (
  0 => 'menuinfo',
  1 => 'data',
  2 => 'keyword',
  3 => 'num',
) ]
[ info ] [ LOG ] INIT File
[ sql ] [ DB ] CONNECT:[ UseTime:0.000385s ] mysql:dbname=thinkphp;host=127.0.0.1;port=3306;charset=utf8
[ sql ] [ SQL ] SHOW COLUMNS FROM `admin_user` [ RunTime:0.000761s ]
[ sql ] [ SQL ] SELECT * FROM `admin_user` WHERE  `names` = 'admin' LIMIT 1 [ RunTime:0.000215s ]
[ sql ] [ SQL ] SHOW COLUMNS FROM `admin_role` [ RunTime:0.000564s ]
[ sql ] [ SQL ] SELECT * FROM `admin_role` WHERE  `role_id` = 6 LIMIT 1 [ RunTime:0.000153s ]
[ sql ] [ SQL ] SHOW COLUMNS FROM `admin_menu` [ RunTime:0.000494s ]
[ sql ] [ SQL ] SELECT `url` FROM `admin_menu` WHERE  `id` IN (1,3,6,7,12,4,8,9,13,5,10,11,14,2,15,16,17,18) [ RunTime:0.000201s ]
[ sql ] [ SQL ] SELECT * FROM `admin_role` WHERE  `role_id` = 6 LIMIT 1 [ RunTime:0.000126s ]
[ sql ] [ SQL ] SELECT * FROM `admin_menu` WHERE  `parent_id` = 0  AND `type` = 'menu'  AND `id` IN (1,3,6,7,12,4,8,9,13,5,10,11,14,2,15,16,17,18) ORDER BY sort asc [ RunTime:0.000260s ]
[ sql ] [ SQL ] SELECT * FROM `admin_menu` WHERE  `parent_id` = 1  AND `type` = 'menu'  AND `id` IN (1,3,6,7,12,4,8,9,13,5,10,11,14,2,15,16,17,18) ORDER BY sort asc [ RunTime:0.000100s ]
[ sql ] [ SQL ] SELECT * FROM `admin_menu` WHERE  `parent_id` = 2  AND `type` = 'menu'  AND `id` IN (1,3,6,7,12,4,8,9,13,5,10,11,14,2,15,16,17,18) ORDER BY sort asc [ RunTime:0.000127s ]
[ sql ] [ SQL ] SELECT * FROM `admin_user` `u` LEFT JOIN `admin_role` `r` ON `u`.`role_id`=`r`.`role_id` [ RunTime:0.000164s ]

---------------------------------------------------------------
[ 2018-06-02T22:39:29+08:00 ] 172.18.115.88 27.38.20.207 POST /admin/admin/index.html
[ log ] works.songqiphp.xin/admin/admin/index.html [运行时间：0.037839s][吞吐率：26.43req/s] [内存消耗：2,244.06kb] [文件加载：58]
[ info ] [ LANG ] /home/wwwroot/works.songqiphp.xin/thinkphp/lang/zh-cn.php
[ info ] [ ROUTE ] array (
  'type' => 'module',
  'module' => 
  array (
    0 => 'admin',
    1 => 'admin',
    2 => 'index',
  ),
)
[ info ] [ HEADER ] array (
  'host' => 'works.songqiphp.xin',
  'connection' => 'keep-alive',
  'content-length' => '22',
  'cache-control' => 'max-age=0',
  'origin' => 'http://works.songqiphp.xin',
  'upgrade-insecure-requests' => '1',
  'content-type' => 'application/x-www-form-urlencoded',
  'user-agent' => 'Mozilla/5.0 (Windows NT 10.0; WOW64) AppleWebKit/537.36 (KHTML, like Gecko) Chrome/66.0.3359.181 Safari/537.36',
  'accept' => 'text/html,application/xhtml+xml,application/xml;q=0.9,image/webp,image/apng,*/*;q=0.8',
  'referer' => 'http://works.songqiphp.xin/admin/admin/index.html',
  'accept-encoding' => 'gzip, deflate',
  'accept-language' => 'zh-CN,zh;q=0.9',
  'cookie' => 'pgv_pvi=5646560256; PHPSESSID=j1073f9t0qs90ph1cb6di0tmd5; cu=admin; CSDFDSA=e12UqnFFiySYU',
)
[ info ] [ PARAM ] array (
  'dates' => '',
  'datee' => '',
  'keyword' => '',
)
[ info ] [ SESSION ] INIT array (
  'id' => '',
  'var_session_id' => '',
  'prefix' => 'think',
  'type' => '',
  'auto_start' => true,
)
[ info ] [ DB ] INIT mysql
[ info ] [ RUN ] app\admin\controller\Admin->index[ /home/wwwroot/works.songqiphp.xin/application/admin/controller/Admin.php ]
[ info ] [ VIEW ] /home/wwwroot/works.songqiphp.xin/public/../application/admin/view/admin/admin-index.html [ array (
  0 => 'menuinfo',
  1 => 'data',
  2 => 'keyword',
  3 => 'num',
) ]
[ info ] [ LOG ] INIT File
[ sql ] [ DB ] CONNECT:[ UseTime:0.000376s ] mysql:dbname=thinkphp;host=127.0.0.1;port=3306;charset=utf8
[ sql ] [ SQL ] SHOW COLUMNS FROM `admin_user` [ RunTime:0.000667s ]
[ sql ] [ SQL ] SELECT * FROM `admin_user` WHERE  `names` = 'admin' LIMIT 1 [ RunTime:0.000236s ]
[ sql ] [ SQL ] SHOW COLUMNS FROM `admin_role` [ RunTime:0.000462s ]
[ sql ] [ SQL ] SELECT * FROM `admin_role` WHERE  `role_id` = 6 LIMIT 1 [ RunTime:0.000129s ]
[ sql ] [ SQL ] SHOW COLUMNS FROM `admin_menu` [ RunTime:0.000497s ]
[ sql ] [ SQL ] SELECT `url` FROM `admin_menu` WHERE  `id` IN (1,3,6,7,12,4,8,9,13,5,10,11,14,2,15,16,17,18) [ RunTime:0.000186s ]
[ sql ] [ SQL ] SELECT * FROM `admin_role` WHERE  `role_id` = 6 LIMIT 1 [ RunTime:0.000157s ]
[ sql ] [ SQL ] SELECT * FROM `admin_menu` WHERE  `parent_id` = 0  AND `type` = 'menu'  AND `id` IN (1,3,6,7,12,4,8,9,13,5,10,11,14,2,15,16,17,18) ORDER BY sort asc [ RunTime:0.000281s ]
[ sql ] [ SQL ] SELECT * FROM `admin_menu` WHERE  `parent_id` = 1  AND `type` = 'menu'  AND `id` IN (1,3,6,7,12,4,8,9,13,5,10,11,14,2,15,16,17,18) ORDER BY sort asc [ RunTime:0.000138s ]
[ sql ] [ SQL ] SELECT * FROM `admin_menu` WHERE  `parent_id` = 2  AND `type` = 'menu'  AND `id` IN (1,3,6,7,12,4,8,9,13,5,10,11,14,2,15,16,17,18) ORDER BY sort asc [ RunTime:0.000124s ]
[ sql ] [ SQL ] SELECT * FROM `admin_user` `u` LEFT JOIN `admin_role` `r` ON `u`.`role_id`=`r`.`role_id` [ RunTime:0.000207s ]

---------------------------------------------------------------
[ 2018-06-02T22:39:29+08:00 ] 172.18.115.88 27.38.20.207 POST /admin/admin/index.html
[ log ] works.songqiphp.xin/admin/admin/index.html [运行时间：0.032313s][吞吐率：30.95req/s] [内存消耗：2,244.06kb] [文件加载：58]
[ info ] [ LANG ] /home/wwwroot/works.songqiphp.xin/thinkphp/lang/zh-cn.php
[ info ] [ ROUTE ] array (
  'type' => 'module',
  'module' => 
  array (
    0 => 'admin',
    1 => 'admin',
    2 => 'index',
  ),
)
[ info ] [ HEADER ] array (
  'host' => 'works.songqiphp.xin',
  'connection' => 'keep-alive',
  'content-length' => '22',
  'cache-control' => 'max-age=0',
  'origin' => 'http://works.songqiphp.xin',
  'upgrade-insecure-requests' => '1',
  'content-type' => 'application/x-www-form-urlencoded',
  'user-agent' => 'Mozilla/5.0 (Windows NT 10.0; WOW64) AppleWebKit/537.36 (KHTML, like Gecko) Chrome/66.0.3359.181 Safari/537.36',
  'accept' => 'text/html,application/xhtml+xml,application/xml;q=0.9,image/webp,image/apng,*/*;q=0.8',
  'referer' => 'http://works.songqiphp.xin/admin/admin/index.html',
  'accept-encoding' => 'gzip, deflate',
  'accept-language' => 'zh-CN,zh;q=0.9',
  'cookie' => 'pgv_pvi=5646560256; PHPSESSID=j1073f9t0qs90ph1cb6di0tmd5; cu=admin; CSDFDSA=e12UqnFFiySYU',
)
[ info ] [ PARAM ] array (
  'dates' => '',
  'datee' => '',
  'keyword' => '',
)
[ info ] [ SESSION ] INIT array (
  'id' => '',
  'var_session_id' => '',
  'prefix' => 'think',
  'type' => '',
  'auto_start' => true,
)
[ info ] [ DB ] INIT mysql
[ info ] [ RUN ] app\admin\controller\Admin->index[ /home/wwwroot/works.songqiphp.xin/application/admin/controller/Admin.php ]
[ info ] [ VIEW ] /home/wwwroot/works.songqiphp.xin/public/../application/admin/view/admin/admin-index.html [ array (
  0 => 'menuinfo',
  1 => 'data',
  2 => 'keyword',
  3 => 'num',
) ]
[ info ] [ LOG ] INIT File
[ sql ] [ DB ] CONNECT:[ UseTime:0.000287s ] mysql:dbname=thinkphp;host=127.0.0.1;port=3306;charset=utf8
[ sql ] [ SQL ] SHOW COLUMNS FROM `admin_user` [ RunTime:0.000622s ]
[ sql ] [ SQL ] SELECT * FROM `admin_user` WHERE  `names` = 'admin' LIMIT 1 [ RunTime:0.000187s ]
[ sql ] [ SQL ] SHOW COLUMNS FROM `admin_role` [ RunTime:0.000444s ]
[ sql ] [ SQL ] SELECT * FROM `admin_role` WHERE  `role_id` = 6 LIMIT 1 [ RunTime:0.000134s ]
[ sql ] [ SQL ] SHOW COLUMNS FROM `admin_menu` [ RunTime:0.000420s ]
[ sql ] [ SQL ] SELECT `url` FROM `admin_menu` WHERE  `id` IN (1,3,6,7,12,4,8,9,13,5,10,11,14,2,15,16,17,18) [ RunTime:0.000184s ]
[ sql ] [ SQL ] SELECT * FROM `admin_role` WHERE  `role_id` = 6 LIMIT 1 [ RunTime:0.000135s ]
[ sql ] [ SQL ] SELECT * FROM `admin_menu` WHERE  `parent_id` = 0  AND `type` = 'menu'  AND `id` IN (1,3,6,7,12,4,8,9,13,5,10,11,14,2,15,16,17,18) ORDER BY sort asc [ RunTime:0.000235s ]
[ sql ] [ SQL ] SELECT * FROM `admin_menu` WHERE  `parent_id` = 1  AND `type` = 'menu'  AND `id` IN (1,3,6,7,12,4,8,9,13,5,10,11,14,2,15,16,17,18) ORDER BY sort asc [ RunTime:0.000097s ]
[ sql ] [ SQL ] SELECT * FROM `admin_menu` WHERE  `parent_id` = 2  AND `type` = 'menu'  AND `id` IN (1,3,6,7,12,4,8,9,13,5,10,11,14,2,15,16,17,18) ORDER BY sort asc [ RunTime:0.000093s ]
[ sql ] [ SQL ] SELECT * FROM `admin_user` `u` LEFT JOIN `admin_role` `r` ON `u`.`role_id`=`r`.`role_id` [ RunTime:0.000160s ]

---------------------------------------------------------------
[ 2018-06-02T22:39:30+08:00 ] 172.18.115.88 27.38.20.207 POST /admin/admin/index.html
[ log ] works.songqiphp.xin/admin/admin/index.html [运行时间：0.032663s][吞吐率：30.62req/s] [内存消耗：2,244.06kb] [文件加载：58]
[ info ] [ LANG ] /home/wwwroot/works.songqiphp.xin/thinkphp/lang/zh-cn.php
[ info ] [ ROUTE ] array (
  'type' => 'module',
  'module' => 
  array (
    0 => 'admin',
    1 => 'admin',
    2 => 'index',
  ),
)
[ info ] [ HEADER ] array (
  'host' => 'works.songqiphp.xin',
  'connection' => 'keep-alive',
  'content-length' => '22',
  'cache-control' => 'max-age=0',
  'origin' => 'http://works.songqiphp.xin',
  'upgrade-insecure-requests' => '1',
  'content-type' => 'application/x-www-form-urlencoded',
  'user-agent' => 'Mozilla/5.0 (Windows NT 10.0; WOW64) AppleWebKit/537.36 (KHTML, like Gecko) Chrome/66.0.3359.181 Safari/537.36',
  'accept' => 'text/html,application/xhtml+xml,application/xml;q=0.9,image/webp,image/apng,*/*;q=0.8',
  'referer' => 'http://works.songqiphp.xin/admin/admin/index.html',
  'accept-encoding' => 'gzip, deflate',
  'accept-language' => 'zh-CN,zh;q=0.9',
  'cookie' => 'pgv_pvi=5646560256; PHPSESSID=j1073f9t0qs90ph1cb6di0tmd5; cu=admin; CSDFDSA=e12UqnFFiySYU',
)
[ info ] [ PARAM ] array (
  'dates' => '',
  'datee' => '',
  'keyword' => '',
)
[ info ] [ SESSION ] INIT array (
  'id' => '',
  'var_session_id' => '',
  'prefix' => 'think',
  'type' => '',
  'auto_start' => true,
)
[ info ] [ DB ] INIT mysql
[ info ] [ RUN ] app\admin\controller\Admin->index[ /home/wwwroot/works.songqiphp.xin/application/admin/controller/Admin.php ]
[ info ] [ VIEW ] /home/wwwroot/works.songqiphp.xin/public/../application/admin/view/admin/admin-index.html [ array (
  0 => 'menuinfo',
  1 => 'data',
  2 => 'keyword',
  3 => 'num',
) ]
[ info ] [ LOG ] INIT File
[ sql ] [ DB ] CONNECT:[ UseTime:0.000287s ] mysql:dbname=thinkphp;host=127.0.0.1;port=3306;charset=utf8
[ sql ] [ SQL ] SHOW COLUMNS FROM `admin_user` [ RunTime:0.000639s ]
[ sql ] [ SQL ] SELECT * FROM `admin_user` WHERE  `names` = 'admin' LIMIT 1 [ RunTime:0.000219s ]
[ sql ] [ SQL ] SHOW COLUMNS FROM `admin_role` [ RunTime:0.000428s ]
[ sql ] [ SQL ] SELECT * FROM `admin_role` WHERE  `role_id` = 6 LIMIT 1 [ RunTime:0.000222s ]
[ sql ] [ SQL ] SHOW COLUMNS FROM `admin_menu` [ RunTime:0.000423s ]
[ sql ] [ SQL ] SELECT `url` FROM `admin_menu` WHERE  `id` IN (1,3,6,7,12,4,8,9,13,5,10,11,14,2,15,16,17,18) [ RunTime:0.000184s ]
[ sql ] [ SQL ] SELECT * FROM `admin_role` WHERE  `role_id` = 6 LIMIT 1 [ RunTime:0.000134s ]
[ sql ] [ SQL ] SELECT * FROM `admin_menu` WHERE  `parent_id` = 0  AND `type` = 'menu'  AND `id` IN (1,3,6,7,12,4,8,9,13,5,10,11,14,2,15,16,17,18) ORDER BY sort asc [ RunTime:0.000222s ]
[ sql ] [ SQL ] SELECT * FROM `admin_menu` WHERE  `parent_id` = 1  AND `type` = 'menu'  AND `id` IN (1,3,6,7,12,4,8,9,13,5,10,11,14,2,15,16,17,18) ORDER BY sort asc [ RunTime:0.000111s ]
[ sql ] [ SQL ] SELECT * FROM `admin_menu` WHERE  `parent_id` = 2  AND `type` = 'menu'  AND `id` IN (1,3,6,7,12,4,8,9,13,5,10,11,14,2,15,16,17,18) ORDER BY sort asc [ RunTime:0.000095s ]
[ sql ] [ SQL ] SELECT * FROM `admin_user` `u` LEFT JOIN `admin_role` `r` ON `u`.`role_id`=`r`.`role_id` [ RunTime:0.000178s ]

---------------------------------------------------------------
[ 2018-06-02T22:39:30+08:00 ] 172.18.115.88 27.38.20.207 POST /admin/admin/index.html
[ log ] works.songqiphp.xin/admin/admin/index.html [运行时间：0.033953s][吞吐率：29.45req/s] [内存消耗：2,244.06kb] [文件加载：58]
[ info ] [ LANG ] /home/wwwroot/works.songqiphp.xin/thinkphp/lang/zh-cn.php
[ info ] [ ROUTE ] array (
  'type' => 'module',
  'module' => 
  array (
    0 => 'admin',
    1 => 'admin',
    2 => 'index',
  ),
)
[ info ] [ HEADER ] array (
  'host' => 'works.songqiphp.xin',
  'connection' => 'keep-alive',
  'content-length' => '22',
  'cache-control' => 'max-age=0',
  'origin' => 'http://works.songqiphp.xin',
  'upgrade-insecure-requests' => '1',
  'content-type' => 'application/x-www-form-urlencoded',
  'user-agent' => 'Mozilla/5.0 (Windows NT 10.0; WOW64) AppleWebKit/537.36 (KHTML, like Gecko) Chrome/66.0.3359.181 Safari/537.36',
  'accept' => 'text/html,application/xhtml+xml,application/xml;q=0.9,image/webp,image/apng,*/*;q=0.8',
  'referer' => 'http://works.songqiphp.xin/admin/admin/index.html',
  'accept-encoding' => 'gzip, deflate',
  'accept-language' => 'zh-CN,zh;q=0.9',
  'cookie' => 'pgv_pvi=5646560256; PHPSESSID=j1073f9t0qs90ph1cb6di0tmd5; cu=admin; CSDFDSA=e12UqnFFiySYU',
)
[ info ] [ PARAM ] array (
  'dates' => '',
  'datee' => '',
  'keyword' => '',
)
[ info ] [ SESSION ] INIT array (
  'id' => '',
  'var_session_id' => '',
  'prefix' => 'think',
  'type' => '',
  'auto_start' => true,
)
[ info ] [ DB ] INIT mysql
[ info ] [ RUN ] app\admin\controller\Admin->index[ /home/wwwroot/works.songqiphp.xin/application/admin/controller/Admin.php ]
[ info ] [ VIEW ] /home/wwwroot/works.songqiphp.xin/public/../application/admin/view/admin/admin-index.html [ array (
  0 => 'menuinfo',
  1 => 'data',
  2 => 'keyword',
  3 => 'num',
) ]
[ info ] [ LOG ] INIT File
[ sql ] [ DB ] CONNECT:[ UseTime:0.000319s ] mysql:dbname=thinkphp;host=127.0.0.1;port=3306;charset=utf8
[ sql ] [ SQL ] SHOW COLUMNS FROM `admin_user` [ RunTime:0.000710s ]
[ sql ] [ SQL ] SELECT * FROM `admin_user` WHERE  `names` = 'admin' LIMIT 1 [ RunTime:0.000214s ]
[ sql ] [ SQL ] SHOW COLUMNS FROM `admin_role` [ RunTime:0.000487s ]
[ sql ] [ SQL ] SELECT * FROM `admin_role` WHERE  `role_id` = 6 LIMIT 1 [ RunTime:0.000164s ]
[ sql ] [ SQL ] SHOW COLUMNS FROM `admin_menu` [ RunTime:0.000481s ]
[ sql ] [ SQL ] SELECT `url` FROM `admin_menu` WHERE  `id` IN (1,3,6,7,12,4,8,9,13,5,10,11,14,2,15,16,17,18) [ RunTime:0.000219s ]
[ sql ] [ SQL ] SELECT * FROM `admin_role` WHERE  `role_id` = 6 LIMIT 1 [ RunTime:0.000139s ]
[ sql ] [ SQL ] SELECT * FROM `admin_menu` WHERE  `parent_id` = 0  AND `type` = 'menu'  AND `id` IN (1,3,6,7,12,4,8,9,13,5,10,11,14,2,15,16,17,18) ORDER BY sort asc [ RunTime:0.000257s ]
[ sql ] [ SQL ] SELECT * FROM `admin_menu` WHERE  `parent_id` = 1  AND `type` = 'menu'  AND `id` IN (1,3,6,7,12,4,8,9,13,5,10,11,14,2,15,16,17,18) ORDER BY sort asc [ RunTime:0.000106s ]
[ sql ] [ SQL ] SELECT * FROM `admin_menu` WHERE  `parent_id` = 2  AND `type` = 'menu'  AND `id` IN (1,3,6,7,12,4,8,9,13,5,10,11,14,2,15,16,17,18) ORDER BY sort asc [ RunTime:0.000122s ]
[ sql ] [ SQL ] SELECT * FROM `admin_user` `u` LEFT JOIN `admin_role` `r` ON `u`.`role_id`=`r`.`role_id` [ RunTime:0.000171s ]

---------------------------------------------------------------
[ 2018-06-02T22:39:30+08:00 ] 172.18.115.88 27.38.20.207 POST /admin/admin/index.html
[ log ] works.songqiphp.xin/admin/admin/index.html [运行时间：0.033693s][吞吐率：29.68req/s] [内存消耗：2,244.06kb] [文件加载：58]
[ info ] [ LANG ] /home/wwwroot/works.songqiphp.xin/thinkphp/lang/zh-cn.php
[ info ] [ ROUTE ] array (
  'type' => 'module',
  'module' => 
  array (
    0 => 'admin',
    1 => 'admin',
    2 => 'index',
  ),
)
[ info ] [ HEADER ] array (
  'host' => 'works.songqiphp.xin',
  'connection' => 'keep-alive',
  'content-length' => '22',
  'cache-control' => 'max-age=0',
  'origin' => 'http://works.songqiphp.xin',
  'upgrade-insecure-requests' => '1',
  'content-type' => 'application/x-www-form-urlencoded',
  'user-agent' => 'Mozilla/5.0 (Windows NT 10.0; WOW64) AppleWebKit/537.36 (KHTML, like Gecko) Chrome/66.0.3359.181 Safari/537.36',
  'accept' => 'text/html,application/xhtml+xml,application/xml;q=0.9,image/webp,image/apng,*/*;q=0.8',
  'referer' => 'http://works.songqiphp.xin/admin/admin/index.html',
  'accept-encoding' => 'gzip, deflate',
  'accept-language' => 'zh-CN,zh;q=0.9',
  'cookie' => 'pgv_pvi=5646560256; PHPSESSID=j1073f9t0qs90ph1cb6di0tmd5; cu=admin; CSDFDSA=e12UqnFFiySYU',
)
[ info ] [ PARAM ] array (
  'dates' => '',
  'datee' => '',
  'keyword' => '',
)
[ info ] [ SESSION ] INIT array (
  'id' => '',
  'var_session_id' => '',
  'prefix' => 'think',
  'type' => '',
  'auto_start' => true,
)
[ info ] [ DB ] INIT mysql
[ info ] [ RUN ] app\admin\controller\Admin->index[ /home/wwwroot/works.songqiphp.xin/application/admin/controller/Admin.php ]
[ info ] [ VIEW ] /home/wwwroot/works.songqiphp.xin/public/../application/admin/view/admin/admin-index.html [ array (
  0 => 'menuinfo',
  1 => 'data',
  2 => 'keyword',
  3 => 'num',
) ]
[ info ] [ LOG ] INIT File
[ sql ] [ DB ] CONNECT:[ UseTime:0.000305s ] mysql:dbname=thinkphp;host=127.0.0.1;port=3306;charset=utf8
[ sql ] [ SQL ] SHOW COLUMNS FROM `admin_user` [ RunTime:0.000711s ]
[ sql ] [ SQL ] SELECT * FROM `admin_user` WHERE  `names` = 'admin' LIMIT 1 [ RunTime:0.000191s ]
[ sql ] [ SQL ] SHOW COLUMNS FROM `admin_role` [ RunTime:0.000472s ]
[ sql ] [ SQL ] SELECT * FROM `admin_role` WHERE  `role_id` = 6 LIMIT 1 [ RunTime:0.000155s ]
[ sql ] [ SQL ] SHOW COLUMNS FROM `admin_menu` [ RunTime:0.000446s ]
[ sql ] [ SQL ] SELECT `url` FROM `admin_menu` WHERE  `id` IN (1,3,6,7,12,4,8,9,13,5,10,11,14,2,15,16,17,18) [ RunTime:0.000185s ]
[ sql ] [ SQL ] SELECT * FROM `admin_role` WHERE  `role_id` = 6 LIMIT 1 [ RunTime:0.000144s ]
[ sql ] [ SQL ] SELECT * FROM `admin_menu` WHERE  `parent_id` = 0  AND `type` = 'menu'  AND `id` IN (1,3,6,7,12,4,8,9,13,5,10,11,14,2,15,16,17,18) ORDER BY sort asc [ RunTime:0.000244s ]
[ sql ] [ SQL ] SELECT * FROM `admin_menu` WHERE  `parent_id` = 1  AND `type` = 'menu'  AND `id` IN (1,3,6,7,12,4,8,9,13,5,10,11,14,2,15,16,17,18) ORDER BY sort asc [ RunTime:0.000110s ]
[ sql ] [ SQL ] SELECT * FROM `admin_menu` WHERE  `parent_id` = 2  AND `type` = 'menu'  AND `id` IN (1,3,6,7,12,4,8,9,13,5,10,11,14,2,15,16,17,18) ORDER BY sort asc [ RunTime:0.000099s ]
[ sql ] [ SQL ] SELECT * FROM `admin_user` `u` LEFT JOIN `admin_role` `r` ON `u`.`role_id`=`r`.`role_id` [ RunTime:0.000176s ]

---------------------------------------------------------------
[ 2018-06-02T22:39:30+08:00 ] 172.18.115.88 27.38.20.207 POST /admin/admin/index.html
[ log ] works.songqiphp.xin/admin/admin/index.html [运行时间：0.032737s][吞吐率：30.55req/s] [内存消耗：2,244.06kb] [文件加载：58]
[ info ] [ LANG ] /home/wwwroot/works.songqiphp.xin/thinkphp/lang/zh-cn.php
[ info ] [ ROUTE ] array (
  'type' => 'module',
  'module' => 
  array (
    0 => 'admin',
    1 => 'admin',
    2 => 'index',
  ),
)
[ info ] [ HEADER ] array (
  'host' => 'works.songqiphp.xin',
  'connection' => 'keep-alive',
  'content-length' => '22',
  'cache-control' => 'max-age=0',
  'origin' => 'http://works.songqiphp.xin',
  'upgrade-insecure-requests' => '1',
  'content-type' => 'application/x-www-form-urlencoded',
  'user-agent' => 'Mozilla/5.0 (Windows NT 10.0; WOW64) AppleWebKit/537.36 (KHTML, like Gecko) Chrome/66.0.3359.181 Safari/537.36',
  'accept' => 'text/html,application/xhtml+xml,application/xml;q=0.9,image/webp,image/apng,*/*;q=0.8',
  'referer' => 'http://works.songqiphp.xin/admin/admin/index.html',
  'accept-encoding' => 'gzip, deflate',
  'accept-language' => 'zh-CN,zh;q=0.9',
  'cookie' => 'pgv_pvi=5646560256; PHPSESSID=j1073f9t0qs90ph1cb6di0tmd5; cu=admin; CSDFDSA=e12UqnFFiySYU',
)
[ info ] [ PARAM ] array (
  'dates' => '',
  'datee' => '',
  'keyword' => '',
)
[ info ] [ SESSION ] INIT array (
  'id' => '',
  'var_session_id' => '',
  'prefix' => 'think',
  'type' => '',
  'auto_start' => true,
)
[ info ] [ DB ] INIT mysql
[ info ] [ RUN ] app\admin\controller\Admin->index[ /home/wwwroot/works.songqiphp.xin/application/admin/controller/Admin.php ]
[ info ] [ VIEW ] /home/wwwroot/works.songqiphp.xin/public/../application/admin/view/admin/admin-index.html [ array (
  0 => 'menuinfo',
  1 => 'data',
  2 => 'keyword',
  3 => 'num',
) ]
[ info ] [ LOG ] INIT File
[ sql ] [ DB ] CONNECT:[ UseTime:0.000271s ] mysql:dbname=thinkphp;host=127.0.0.1;port=3306;charset=utf8
[ sql ] [ SQL ] SHOW COLUMNS FROM `admin_user` [ RunTime:0.000616s ]
[ sql ] [ SQL ] SELECT * FROM `admin_user` WHERE  `names` = 'admin' LIMIT 1 [ RunTime:0.000203s ]
[ sql ] [ SQL ] SHOW COLUMNS FROM `admin_role` [ RunTime:0.000426s ]
[ sql ] [ SQL ] SELECT * FROM `admin_role` WHERE  `role_id` = 6 LIMIT 1 [ RunTime:0.000142s ]
[ sql ] [ SQL ] SHOW COLUMNS FROM `admin_menu` [ RunTime:0.000407s ]
[ sql ] [ SQL ] SELECT `url` FROM `admin_menu` WHERE  `id` IN (1,3,6,7,12,4,8,9,13,5,10,11,14,2,15,16,17,18) [ RunTime:0.000207s ]
[ sql ] [ SQL ] SELECT * FROM `admin_role` WHERE  `role_id` = 6 LIMIT 1 [ RunTime:0.000128s ]
[ sql ] [ SQL ] SELECT * FROM `admin_menu` WHERE  `parent_id` = 0  AND `type` = 'menu'  AND `id` IN (1,3,6,7,12,4,8,9,13,5,10,11,14,2,15,16,17,18) ORDER BY sort asc [ RunTime:0.000233s ]
[ sql ] [ SQL ] SELECT * FROM `admin_menu` WHERE  `parent_id` = 1  AND `type` = 'menu'  AND `id` IN (1,3,6,7,12,4,8,9,13,5,10,11,14,2,15,16,17,18) ORDER BY sort asc [ RunTime:0.000101s ]
[ sql ] [ SQL ] SELECT * FROM `admin_menu` WHERE  `parent_id` = 2  AND `type` = 'menu'  AND `id` IN (1,3,6,7,12,4,8,9,13,5,10,11,14,2,15,16,17,18) ORDER BY sort asc [ RunTime:0.000093s ]
[ sql ] [ SQL ] SELECT * FROM `admin_user` `u` LEFT JOIN `admin_role` `r` ON `u`.`role_id`=`r`.`role_id` [ RunTime:0.000175s ]

---------------------------------------------------------------
[ 2018-06-02T22:39:30+08:00 ] 172.18.115.88 27.38.20.207 POST /admin/admin/index.html
[ log ] works.songqiphp.xin/admin/admin/index.html [运行时间：0.033657s][吞吐率：29.71req/s] [内存消耗：2,244.06kb] [文件加载：58]
[ info ] [ LANG ] /home/wwwroot/works.songqiphp.xin/thinkphp/lang/zh-cn.php
[ info ] [ ROUTE ] array (
  'type' => 'module',
  'module' => 
  array (
    0 => 'admin',
    1 => 'admin',
    2 => 'index',
  ),
)
[ info ] [ HEADER ] array (
  'host' => 'works.songqiphp.xin',
  'connection' => 'keep-alive',
  'content-length' => '22',
  'cache-control' => 'max-age=0',
  'origin' => 'http://works.songqiphp.xin',
  'upgrade-insecure-requests' => '1',
  'content-type' => 'application/x-www-form-urlencoded',
  'user-agent' => 'Mozilla/5.0 (Windows NT 10.0; WOW64) AppleWebKit/537.36 (KHTML, like Gecko) Chrome/66.0.3359.181 Safari/537.36',
  'accept' => 'text/html,application/xhtml+xml,application/xml;q=0.9,image/webp,image/apng,*/*;q=0.8',
  'referer' => 'http://works.songqiphp.xin/admin/admin/index.html',
  'accept-encoding' => 'gzip, deflate',
  'accept-language' => 'zh-CN,zh;q=0.9',
  'cookie' => 'pgv_pvi=5646560256; PHPSESSID=j1073f9t0qs90ph1cb6di0tmd5; cu=admin; CSDFDSA=e12UqnFFiySYU',
)
[ info ] [ PARAM ] array (
  'dates' => '',
  'datee' => '',
  'keyword' => '',
)
[ info ] [ SESSION ] INIT array (
  'id' => '',
  'var_session_id' => '',
  'prefix' => 'think',
  'type' => '',
  'auto_start' => true,
)
[ info ] [ DB ] INIT mysql
[ info ] [ RUN ] app\admin\controller\Admin->index[ /home/wwwroot/works.songqiphp.xin/application/admin/controller/Admin.php ]
[ info ] [ VIEW ] /home/wwwroot/works.songqiphp.xin/public/../application/admin/view/admin/admin-index.html [ array (
  0 => 'menuinfo',
  1 => 'data',
  2 => 'keyword',
  3 => 'num',
) ]
[ info ] [ LOG ] INIT File
[ sql ] [ DB ] CONNECT:[ UseTime:0.000290s ] mysql:dbname=thinkphp;host=127.0.0.1;port=3306;charset=utf8
[ sql ] [ SQL ] SHOW COLUMNS FROM `admin_user` [ RunTime:0.000636s ]
[ sql ] [ SQL ] SELECT * FROM `admin_user` WHERE  `names` = 'admin' LIMIT 1 [ RunTime:0.000201s ]
[ sql ] [ SQL ] SHOW COLUMNS FROM `admin_role` [ RunTime:0.000458s ]
[ sql ] [ SQL ] SELECT * FROM `admin_role` WHERE  `role_id` = 6 LIMIT 1 [ RunTime:0.000137s ]
[ sql ] [ SQL ] SHOW COLUMNS FROM `admin_menu` [ RunTime:0.000428s ]
[ sql ] [ SQL ] SELECT `url` FROM `admin_menu` WHERE  `id` IN (1,3,6,7,12,4,8,9,13,5,10,11,14,2,15,16,17,18) [ RunTime:0.000202s ]
[ sql ] [ SQL ] SELECT * FROM `admin_role` WHERE  `role_id` = 6 LIMIT 1 [ RunTime:0.000128s ]
[ sql ] [ SQL ] SELECT * FROM `admin_menu` WHERE  `parent_id` = 0  AND `type` = 'menu'  AND `id` IN (1,3,6,7,12,4,8,9,13,5,10,11,14,2,15,16,17,18) ORDER BY sort asc [ RunTime:0.000308s ]
[ sql ] [ SQL ] SELECT * FROM `admin_menu` WHERE  `parent_id` = 1  AND `type` = 'menu'  AND `id` IN (1,3,6,7,12,4,8,9,13,5,10,11,14,2,15,16,17,18) ORDER BY sort asc [ RunTime:0.000097s ]
[ sql ] [ SQL ] SELECT * FROM `admin_menu` WHERE  `parent_id` = 2  AND `type` = 'menu'  AND `id` IN (1,3,6,7,12,4,8,9,13,5,10,11,14,2,15,16,17,18) ORDER BY sort asc [ RunTime:0.000104s ]
[ sql ] [ SQL ] SELECT * FROM `admin_user` `u` LEFT JOIN `admin_role` `r` ON `u`.`role_id`=`r`.`role_id` [ RunTime:0.000162s ]

---------------------------------------------------------------
[ 2018-06-02T22:39:30+08:00 ] 172.18.115.88 27.38.20.207 POST /admin/admin/index.html
[ log ] works.songqiphp.xin/admin/admin/index.html [运行时间：0.033251s][吞吐率：30.07req/s] [内存消耗：2,244.06kb] [文件加载：58]
[ info ] [ LANG ] /home/wwwroot/works.songqiphp.xin/thinkphp/lang/zh-cn.php
[ info ] [ ROUTE ] array (
  'type' => 'module',
  'module' => 
  array (
    0 => 'admin',
    1 => 'admin',
    2 => 'index',
  ),
)
[ info ] [ HEADER ] array (
  'host' => 'works.songqiphp.xin',
  'connection' => 'keep-alive',
  'content-length' => '22',
  'cache-control' => 'max-age=0',
  'origin' => 'http://works.songqiphp.xin',
  'upgrade-insecure-requests' => '1',
  'content-type' => 'application/x-www-form-urlencoded',
  'user-agent' => 'Mozilla/5.0 (Windows NT 10.0; WOW64) AppleWebKit/537.36 (KHTML, like Gecko) Chrome/66.0.3359.181 Safari/537.36',
  'accept' => 'text/html,application/xhtml+xml,application/xml;q=0.9,image/webp,image/apng,*/*;q=0.8',
  'referer' => 'http://works.songqiphp.xin/admin/admin/index.html',
  'accept-encoding' => 'gzip, deflate',
  'accept-language' => 'zh-CN,zh;q=0.9',
  'cookie' => 'pgv_pvi=5646560256; PHPSESSID=j1073f9t0qs90ph1cb6di0tmd5; cu=admin; CSDFDSA=e12UqnFFiySYU',
)
[ info ] [ PARAM ] array (
  'dates' => '',
  'datee' => '',
  'keyword' => '',
)
[ info ] [ SESSION ] INIT array (
  'id' => '',
  'var_session_id' => '',
  'prefix' => 'think',
  'type' => '',
  'auto_start' => true,
)
[ info ] [ DB ] INIT mysql
[ info ] [ RUN ] app\admin\controller\Admin->index[ /home/wwwroot/works.songqiphp.xin/application/admin/controller/Admin.php ]
[ info ] [ VIEW ] /home/wwwroot/works.songqiphp.xin/public/../application/admin/view/admin/admin-index.html [ array (
  0 => 'menuinfo',
  1 => 'data',
  2 => 'keyword',
  3 => 'num',
) ]
[ info ] [ LOG ] INIT File
[ sql ] [ DB ] CONNECT:[ UseTime:0.000309s ] mysql:dbname=thinkphp;host=127.0.0.1;port=3306;charset=utf8
[ sql ] [ SQL ] SHOW COLUMNS FROM `admin_user` [ RunTime:0.000662s ]
[ sql ] [ SQL ] SELECT * FROM `admin_user` WHERE  `names` = 'admin' LIMIT 1 [ RunTime:0.000184s ]
[ sql ] [ SQL ] SHOW COLUMNS FROM `admin_role` [ RunTime:0.000471s ]
[ sql ] [ SQL ] SELECT * FROM `admin_role` WHERE  `role_id` = 6 LIMIT 1 [ RunTime:0.000129s ]
[ sql ] [ SQL ] SHOW COLUMNS FROM `admin_menu` [ RunTime:0.000450s ]
[ sql ] [ SQL ] SELECT `url` FROM `admin_menu` WHERE  `id` IN (1,3,6,7,12,4,8,9,13,5,10,11,14,2,15,16,17,18) [ RunTime:0.000182s ]
[ sql ] [ SQL ] SELECT * FROM `admin_role` WHERE  `role_id` = 6 LIMIT 1 [ RunTime:0.000125s ]
[ sql ] [ SQL ] SELECT * FROM `admin_menu` WHERE  `parent_id` = 0  AND `type` = 'menu'  AND `id` IN (1,3,6,7,12,4,8,9,13,5,10,11,14,2,15,16,17,18) ORDER BY sort asc [ RunTime:0.000217s ]
[ sql ] [ SQL ] SELECT * FROM `admin_menu` WHERE  `parent_id` = 1  AND `type` = 'menu'  AND `id` IN (1,3,6,7,12,4,8,9,13,5,10,11,14,2,15,16,17,18) ORDER BY sort asc [ RunTime:0.000097s ]
[ sql ] [ SQL ] SELECT * FROM `admin_menu` WHERE  `parent_id` = 2  AND `type` = 'menu'  AND `id` IN (1,3,6,7,12,4,8,9,13,5,10,11,14,2,15,16,17,18) ORDER BY sort asc [ RunTime:0.000096s ]
[ sql ] [ SQL ] SELECT * FROM `admin_user` `u` LEFT JOIN `admin_role` `r` ON `u`.`role_id`=`r`.`role_id` [ RunTime:0.000159s ]

---------------------------------------------------------------
[ 2018-06-02T22:39:30+08:00 ] 172.18.115.88 27.38.20.207 POST /admin/admin/index.html
[ log ] works.songqiphp.xin/admin/admin/index.html [运行时间：0.034307s][吞吐率：29.15req/s] [内存消耗：2,244.06kb] [文件加载：58]
[ info ] [ LANG ] /home/wwwroot/works.songqiphp.xin/thinkphp/lang/zh-cn.php
[ info ] [ ROUTE ] array (
  'type' => 'module',
  'module' => 
  array (
    0 => 'admin',
    1 => 'admin',
    2 => 'index',
  ),
)
[ info ] [ HEADER ] array (
  'host' => 'works.songqiphp.xin',
  'connection' => 'keep-alive',
  'content-length' => '22',
  'cache-control' => 'max-age=0',
  'origin' => 'http://works.songqiphp.xin',
  'upgrade-insecure-requests' => '1',
  'content-type' => 'application/x-www-form-urlencoded',
  'user-agent' => 'Mozilla/5.0 (Windows NT 10.0; WOW64) AppleWebKit/537.36 (KHTML, like Gecko) Chrome/66.0.3359.181 Safari/537.36',
  'accept' => 'text/html,application/xhtml+xml,application/xml;q=0.9,image/webp,image/apng,*/*;q=0.8',
  'referer' => 'http://works.songqiphp.xin/admin/admin/index.html',
  'accept-encoding' => 'gzip, deflate',
  'accept-language' => 'zh-CN,zh;q=0.9',
  'cookie' => 'pgv_pvi=5646560256; PHPSESSID=j1073f9t0qs90ph1cb6di0tmd5; cu=admin; CSDFDSA=e12UqnFFiySYU',
)
[ info ] [ PARAM ] array (
  'dates' => '',
  'datee' => '',
  'keyword' => '',
)
[ info ] [ SESSION ] INIT array (
  'id' => '',
  'var_session_id' => '',
  'prefix' => 'think',
  'type' => '',
  'auto_start' => true,
)
[ info ] [ DB ] INIT mysql
[ info ] [ RUN ] app\admin\controller\Admin->index[ /home/wwwroot/works.songqiphp.xin/application/admin/controller/Admin.php ]
[ info ] [ VIEW ] /home/wwwroot/works.songqiphp.xin/public/../application/admin/view/admin/admin-index.html [ array (
  0 => 'menuinfo',
  1 => 'data',
  2 => 'keyword',
  3 => 'num',
) ]
[ info ] [ LOG ] INIT File
[ sql ] [ DB ] CONNECT:[ UseTime:0.000328s ] mysql:dbname=thinkphp;host=127.0.0.1;port=3306;charset=utf8
[ sql ] [ SQL ] SHOW COLUMNS FROM `admin_user` [ RunTime:0.000638s ]
[ sql ] [ SQL ] SELECT * FROM `admin_user` WHERE  `names` = 'admin' LIMIT 1 [ RunTime:0.000220s ]
[ sql ] [ SQL ] SHOW COLUMNS FROM `admin_role` [ RunTime:0.000487s ]
[ sql ] [ SQL ] SELECT * FROM `admin_role` WHERE  `role_id` = 6 LIMIT 1 [ RunTime:0.000149s ]
[ sql ] [ SQL ] SHOW COLUMNS FROM `admin_menu` [ RunTime:0.000426s ]
[ sql ] [ SQL ] SELECT `url` FROM `admin_menu` WHERE  `id` IN (1,3,6,7,12,4,8,9,13,5,10,11,14,2,15,16,17,18) [ RunTime:0.000196s ]
[ sql ] [ SQL ] SELECT * FROM `admin_role` WHERE  `role_id` = 6 LIMIT 1 [ RunTime:0.000142s ]
[ sql ] [ SQL ] SELECT * FROM `admin_menu` WHERE  `parent_id` = 0  AND `type` = 'menu'  AND `id` IN (1,3,6,7,12,4,8,9,13,5,10,11,14,2,15,16,17,18) ORDER BY sort asc [ RunTime:0.000250s ]
[ sql ] [ SQL ] SELECT * FROM `admin_menu` WHERE  `parent_id` = 1  AND `type` = 'menu'  AND `id` IN (1,3,6,7,12,4,8,9,13,5,10,11,14,2,15,16,17,18) ORDER BY sort asc [ RunTime:0.000098s ]
[ sql ] [ SQL ] SELECT * FROM `admin_menu` WHERE  `parent_id` = 2  AND `type` = 'menu'  AND `id` IN (1,3,6,7,12,4,8,9,13,5,10,11,14,2,15,16,17,18) ORDER BY sort asc [ RunTime:0.000096s ]
[ sql ] [ SQL ] SELECT * FROM `admin_user` `u` LEFT JOIN `admin_role` `r` ON `u`.`role_id`=`r`.`role_id` [ RunTime:0.000186s ]

---------------------------------------------------------------
[ 2018-06-02T22:39:31+08:00 ] 172.18.115.88 27.38.20.207 POST /admin/admin/index.html
[ log ] works.songqiphp.xin/admin/admin/index.html [运行时间：0.033049s][吞吐率：30.26req/s] [内存消耗：2,244.06kb] [文件加载：58]
[ info ] [ LANG ] /home/wwwroot/works.songqiphp.xin/thinkphp/lang/zh-cn.php
[ info ] [ ROUTE ] array (
  'type' => 'module',
  'module' => 
  array (
    0 => 'admin',
    1 => 'admin',
    2 => 'index',
  ),
)
[ info ] [ HEADER ] array (
  'host' => 'works.songqiphp.xin',
  'connection' => 'keep-alive',
  'content-length' => '22',
  'cache-control' => 'max-age=0',
  'origin' => 'http://works.songqiphp.xin',
  'upgrade-insecure-requests' => '1',
  'content-type' => 'application/x-www-form-urlencoded',
  'user-agent' => 'Mozilla/5.0 (Windows NT 10.0; WOW64) AppleWebKit/537.36 (KHTML, like Gecko) Chrome/66.0.3359.181 Safari/537.36',
  'accept' => 'text/html,application/xhtml+xml,application/xml;q=0.9,image/webp,image/apng,*/*;q=0.8',
  'referer' => 'http://works.songqiphp.xin/admin/admin/index.html',
  'accept-encoding' => 'gzip, deflate',
  'accept-language' => 'zh-CN,zh;q=0.9',
  'cookie' => 'pgv_pvi=5646560256; PHPSESSID=j1073f9t0qs90ph1cb6di0tmd5; cu=admin; CSDFDSA=e12UqnFFiySYU',
)
[ info ] [ PARAM ] array (
  'dates' => '',
  'datee' => '',
  'keyword' => '',
)
[ info ] [ SESSION ] INIT array (
  'id' => '',
  'var_session_id' => '',
  'prefix' => 'think',
  'type' => '',
  'auto_start' => true,
)
[ info ] [ DB ] INIT mysql
[ info ] [ RUN ] app\admin\controller\Admin->index[ /home/wwwroot/works.songqiphp.xin/application/admin/controller/Admin.php ]
[ info ] [ VIEW ] /home/wwwroot/works.songqiphp.xin/public/../application/admin/view/admin/admin-index.html [ array (
  0 => 'menuinfo',
  1 => 'data',
  2 => 'keyword',
  3 => 'num',
) ]
[ info ] [ LOG ] INIT File
[ sql ] [ DB ] CONNECT:[ UseTime:0.000271s ] mysql:dbname=thinkphp;host=127.0.0.1;port=3306;charset=utf8
[ sql ] [ SQL ] SHOW COLUMNS FROM `admin_user` [ RunTime:0.000600s ]
[ sql ] [ SQL ] SELECT * FROM `admin_user` WHERE  `names` = 'admin' LIMIT 1 [ RunTime:0.000202s ]
[ sql ] [ SQL ] SHOW COLUMNS FROM `admin_role` [ RunTime:0.000488s ]
[ sql ] [ SQL ] SELECT * FROM `admin_role` WHERE  `role_id` = 6 LIMIT 1 [ RunTime:0.000144s ]
[ sql ] [ SQL ] SHOW COLUMNS FROM `admin_menu` [ RunTime:0.000398s ]
[ sql ] [ SQL ] SELECT `url` FROM `admin_menu` WHERE  `id` IN (1,3,6,7,12,4,8,9,13,5,10,11,14,2,15,16,17,18) [ RunTime:0.000234s ]
[ sql ] [ SQL ] SELECT * FROM `admin_role` WHERE  `role_id` = 6 LIMIT 1 [ RunTime:0.000128s ]
[ sql ] [ SQL ] SELECT * FROM `admin_menu` WHERE  `parent_id` = 0  AND `type` = 'menu'  AND `id` IN (1,3,6,7,12,4,8,9,13,5,10,11,14,2,15,16,17,18) ORDER BY sort asc [ RunTime:0.000259s ]
[ sql ] [ SQL ] SELECT * FROM `admin_menu` WHERE  `parent_id` = 1  AND `type` = 'menu'  AND `id` IN (1,3,6,7,12,4,8,9,13,5,10,11,14,2,15,16,17,18) ORDER BY sort asc [ RunTime:0.000099s ]
[ sql ] [ SQL ] SELECT * FROM `admin_menu` WHERE  `parent_id` = 2  AND `type` = 'menu'  AND `id` IN (1,3,6,7,12,4,8,9,13,5,10,11,14,2,15,16,17,18) ORDER BY sort asc [ RunTime:0.000094s ]
[ sql ] [ SQL ] SELECT * FROM `admin_user` `u` LEFT JOIN `admin_role` `r` ON `u`.`role_id`=`r`.`role_id` [ RunTime:0.000167s ]

---------------------------------------------------------------
[ 2018-06-02T22:39:31+08:00 ] 172.18.115.88 27.38.20.207 POST /admin/admin/index.html
[ log ] works.songqiphp.xin/admin/admin/index.html [运行时间：0.032777s][吞吐率：30.51req/s] [内存消耗：2,244.06kb] [文件加载：58]
[ info ] [ LANG ] /home/wwwroot/works.songqiphp.xin/thinkphp/lang/zh-cn.php
[ info ] [ ROUTE ] array (
  'type' => 'module',
  'module' => 
  array (
    0 => 'admin',
    1 => 'admin',
    2 => 'index',
  ),
)
[ info ] [ HEADER ] array (
  'host' => 'works.songqiphp.xin',
  'connection' => 'keep-alive',
  'content-length' => '22',
  'cache-control' => 'max-age=0',
  'origin' => 'http://works.songqiphp.xin',
  'upgrade-insecure-requests' => '1',
  'content-type' => 'application/x-www-form-urlencoded',
  'user-agent' => 'Mozilla/5.0 (Windows NT 10.0; WOW64) AppleWebKit/537.36 (KHTML, like Gecko) Chrome/66.0.3359.181 Safari/537.36',
  'accept' => 'text/html,application/xhtml+xml,application/xml;q=0.9,image/webp,image/apng,*/*;q=0.8',
  'referer' => 'http://works.songqiphp.xin/admin/admin/index.html',
  'accept-encoding' => 'gzip, deflate',
  'accept-language' => 'zh-CN,zh;q=0.9',
  'cookie' => 'pgv_pvi=5646560256; PHPSESSID=j1073f9t0qs90ph1cb6di0tmd5; cu=admin; CSDFDSA=e12UqnFFiySYU',
)
[ info ] [ PARAM ] array (
  'dates' => '',
  'datee' => '',
  'keyword' => '',
)
[ info ] [ SESSION ] INIT array (
  'id' => '',
  'var_session_id' => '',
  'prefix' => 'think',
  'type' => '',
  'auto_start' => true,
)
[ info ] [ DB ] INIT mysql
[ info ] [ RUN ] app\admin\controller\Admin->index[ /home/wwwroot/works.songqiphp.xin/application/admin/controller/Admin.php ]
[ info ] [ VIEW ] /home/wwwroot/works.songqiphp.xin/public/../application/admin/view/admin/admin-index.html [ array (
  0 => 'menuinfo',
  1 => 'data',
  2 => 'keyword',
  3 => 'num',
) ]
[ info ] [ LOG ] INIT File
[ sql ] [ DB ] CONNECT:[ UseTime:0.000269s ] mysql:dbname=thinkphp;host=127.0.0.1;port=3306;charset=utf8
[ sql ] [ SQL ] SHOW COLUMNS FROM `admin_user` [ RunTime:0.000636s ]
[ sql ] [ SQL ] SELECT * FROM `admin_user` WHERE  `names` = 'admin' LIMIT 1 [ RunTime:0.000191s ]
[ sql ] [ SQL ] SHOW COLUMNS FROM `admin_role` [ RunTime:0.000423s ]
[ sql ] [ SQL ] SELECT * FROM `admin_role` WHERE  `role_id` = 6 LIMIT 1 [ RunTime:0.000145s ]
[ sql ] [ SQL ] SHOW COLUMNS FROM `admin_menu` [ RunTime:0.000431s ]
[ sql ] [ SQL ] SELECT `url` FROM `admin_menu` WHERE  `id` IN (1,3,6,7,12,4,8,9,13,5,10,11,14,2,15,16,17,18) [ RunTime:0.000183s ]
[ sql ] [ SQL ] SELECT * FROM `admin_role` WHERE  `role_id` = 6 LIMIT 1 [ RunTime:0.000145s ]
[ sql ] [ SQL ] SELECT * FROM `admin_menu` WHERE  `parent_id` = 0  AND `type` = 'menu'  AND `id` IN (1,3,6,7,12,4,8,9,13,5,10,11,14,2,15,16,17,18) ORDER BY sort asc [ RunTime:0.000223s ]
[ sql ] [ SQL ] SELECT * FROM `admin_menu` WHERE  `parent_id` = 1  AND `type` = 'menu'  AND `id` IN (1,3,6,7,12,4,8,9,13,5,10,11,14,2,15,16,17,18) ORDER BY sort asc [ RunTime:0.000099s ]
[ sql ] [ SQL ] SELECT * FROM `admin_menu` WHERE  `parent_id` = 2  AND `type` = 'menu'  AND `id` IN (1,3,6,7,12,4,8,9,13,5,10,11,14,2,15,16,17,18) ORDER BY sort asc [ RunTime:0.000098s ]
[ sql ] [ SQL ] SELECT * FROM `admin_user` `u` LEFT JOIN `admin_role` `r` ON `u`.`role_id`=`r`.`role_id` [ RunTime:0.000188s ]

---------------------------------------------------------------
[ 2018-06-02T22:39:31+08:00 ] 172.18.115.88 27.38.20.207 POST /admin/admin/index.html
[ log ] works.songqiphp.xin/admin/admin/index.html [运行时间：0.032799s][吞吐率：30.49req/s] [内存消耗：2,244.06kb] [文件加载：58]
[ info ] [ LANG ] /home/wwwroot/works.songqiphp.xin/thinkphp/lang/zh-cn.php
[ info ] [ ROUTE ] array (
  'type' => 'module',
  'module' => 
  array (
    0 => 'admin',
    1 => 'admin',
    2 => 'index',
  ),
)
[ info ] [ HEADER ] array (
  'host' => 'works.songqiphp.xin',
  'connection' => 'keep-alive',
  'content-length' => '22',
  'cache-control' => 'max-age=0',
  'origin' => 'http://works.songqiphp.xin',
  'upgrade-insecure-requests' => '1',
  'content-type' => 'application/x-www-form-urlencoded',
  'user-agent' => 'Mozilla/5.0 (Windows NT 10.0; WOW64) AppleWebKit/537.36 (KHTML, like Gecko) Chrome/66.0.3359.181 Safari/537.36',
  'accept' => 'text/html,application/xhtml+xml,application/xml;q=0.9,image/webp,image/apng,*/*;q=0.8',
  'referer' => 'http://works.songqiphp.xin/admin/admin/index.html',
  'accept-encoding' => 'gzip, deflate',
  'accept-language' => 'zh-CN,zh;q=0.9',
  'cookie' => 'pgv_pvi=5646560256; PHPSESSID=j1073f9t0qs90ph1cb6di0tmd5; cu=admin; CSDFDSA=e12UqnFFiySYU',
)
[ info ] [ PARAM ] array (
  'dates' => '',
  'datee' => '',
  'keyword' => '',
)
[ info ] [ SESSION ] INIT array (
  'id' => '',
  'var_session_id' => '',
  'prefix' => 'think',
  'type' => '',
  'auto_start' => true,
)
[ info ] [ DB ] INIT mysql
[ info ] [ RUN ] app\admin\controller\Admin->index[ /home/wwwroot/works.songqiphp.xin/application/admin/controller/Admin.php ]
[ info ] [ VIEW ] /home/wwwroot/works.songqiphp.xin/public/../application/admin/view/admin/admin-index.html [ array (
  0 => 'menuinfo',
  1 => 'data',
  2 => 'keyword',
  3 => 'num',
) ]
[ info ] [ LOG ] INIT File
[ sql ] [ DB ] CONNECT:[ UseTime:0.000273s ] mysql:dbname=thinkphp;host=127.0.0.1;port=3306;charset=utf8
[ sql ] [ SQL ] SHOW COLUMNS FROM `admin_user` [ RunTime:0.000622s ]
[ sql ] [ SQL ] SELECT * FROM `admin_user` WHERE  `names` = 'admin' LIMIT 1 [ RunTime:0.000200s ]
[ sql ] [ SQL ] SHOW COLUMNS FROM `admin_role` [ RunTime:0.000444s ]
[ sql ] [ SQL ] SELECT * FROM `admin_role` WHERE  `role_id` = 6 LIMIT 1 [ RunTime:0.000148s ]
[ sql ] [ SQL ] SHOW COLUMNS FROM `admin_menu` [ RunTime:0.000406s ]
[ sql ] [ SQL ] SELECT `url` FROM `admin_menu` WHERE  `id` IN (1,3,6,7,12,4,8,9,13,5,10,11,14,2,15,16,17,18) [ RunTime:0.000194s ]
[ sql ] [ SQL ] SELECT * FROM `admin_role` WHERE  `role_id` = 6 LIMIT 1 [ RunTime:0.000131s ]
[ sql ] [ SQL ] SELECT * FROM `admin_menu` WHERE  `parent_id` = 0  AND `type` = 'menu'  AND `id` IN (1,3,6,7,12,4,8,9,13,5,10,11,14,2,15,16,17,18) ORDER BY sort asc [ RunTime:0.000223s ]
[ sql ] [ SQL ] SELECT * FROM `admin_menu` WHERE  `parent_id` = 1  AND `type` = 'menu'  AND `id` IN (1,3,6,7,12,4,8,9,13,5,10,11,14,2,15,16,17,18) ORDER BY sort asc [ RunTime:0.000102s ]
[ sql ] [ SQL ] SELECT * FROM `admin_menu` WHERE  `parent_id` = 2  AND `type` = 'menu'  AND `id` IN (1,3,6,7,12,4,8,9,13,5,10,11,14,2,15,16,17,18) ORDER BY sort asc [ RunTime:0.000103s ]
[ sql ] [ SQL ] SELECT * FROM `admin_user` `u` LEFT JOIN `admin_role` `r` ON `u`.`role_id`=`r`.`role_id` [ RunTime:0.000179s ]

---------------------------------------------------------------
[ 2018-06-02T22:39:39+08:00 ] 172.18.115.88 27.38.20.207 GET /admin/menu/index.html
[ log ] works.songqiphp.xin/admin/menu/index.html [运行时间：0.031775s][吞吐率：31.47req/s] [内存消耗：2,197.92kb] [文件加载：57]
[ info ] [ LANG ] /home/wwwroot/works.songqiphp.xin/thinkphp/lang/zh-cn.php
[ info ] [ ROUTE ] array (
  'type' => 'module',
  'module' => 
  array (
    0 => 'admin',
    1 => 'menu',
    2 => 'index',
  ),
)
[ info ] [ HEADER ] array (
  'host' => 'works.songqiphp.xin',
  'connection' => 'keep-alive',
  'upgrade-insecure-requests' => '1',
  'user-agent' => 'Mozilla/5.0 (Windows NT 10.0; WOW64) AppleWebKit/537.36 (KHTML, like Gecko) Chrome/66.0.3359.181 Safari/537.36',
  'accept' => 'text/html,application/xhtml+xml,application/xml;q=0.9,image/webp,image/apng,*/*;q=0.8',
  'referer' => 'http://works.songqiphp.xin/admin/index/index.html',
  'accept-encoding' => 'gzip, deflate',
  'accept-language' => 'zh-CN,zh;q=0.9',
  'cookie' => 'pgv_pvi=5646560256; PHPSESSID=j1073f9t0qs90ph1cb6di0tmd5; cu=admin; CSDFDSA=e12UqnFFiySYU',
)
[ info ] [ PARAM ] array (
)
[ info ] [ SESSION ] INIT array (
  'id' => '',
  'var_session_id' => '',
  'prefix' => 'think',
  'type' => '',
  'auto_start' => true,
)
[ info ] [ DB ] INIT mysql
[ info ] [ RUN ] app\admin\controller\Menu->index[ /home/wwwroot/works.songqiphp.xin/application/admin/controller/Menu.php ]
[ info ] [ VIEW ] /home/wwwroot/works.songqiphp.xin/public/../application/admin/view/menu/menu-index.html [ array (
  0 => 'menuinfo',
  1 => 'menuInfo',
  2 => 'keyword',
  3 => 'num',
) ]
[ info ] [ LOG ] INIT File
[ sql ] [ DB ] CONNECT:[ UseTime:0.000249s ] mysql:dbname=thinkphp;host=127.0.0.1;port=3306;charset=utf8
[ sql ] [ SQL ] SHOW COLUMNS FROM `admin_user` [ RunTime:0.000615s ]
[ sql ] [ SQL ] SELECT * FROM `admin_user` WHERE  `names` = 'admin' LIMIT 1 [ RunTime:0.000189s ]
[ sql ] [ SQL ] SHOW COLUMNS FROM `admin_role` [ RunTime:0.000421s ]
[ sql ] [ SQL ] SELECT * FROM `admin_role` WHERE  `role_id` = 6 LIMIT 1 [ RunTime:0.000129s ]
[ sql ] [ SQL ] SHOW COLUMNS FROM `admin_menu` [ RunTime:0.000420s ]
[ sql ] [ SQL ] SELECT `url` FROM `admin_menu` WHERE  `id` IN (1,3,6,7,12,4,8,9,13,5,10,11,14,2,15,16,17,18) [ RunTime:0.000186s ]
[ sql ] [ SQL ] SELECT * FROM `admin_role` WHERE  `role_id` = 6 LIMIT 1 [ RunTime:0.000126s ]
[ sql ] [ SQL ] SELECT * FROM `admin_menu` WHERE  `parent_id` = 0  AND `type` = 'menu'  AND `id` IN (1,3,6,7,12,4,8,9,13,5,10,11,14,2,15,16,17,18) ORDER BY sort asc [ RunTime:0.000218s ]
[ sql ] [ SQL ] SELECT * FROM `admin_menu` WHERE  `parent_id` = 1  AND `type` = 'menu'  AND `id` IN (1,3,6,7,12,4,8,9,13,5,10,11,14,2,15,16,17,18) ORDER BY sort asc [ RunTime:0.000095s ]
[ sql ] [ SQL ] SELECT * FROM `admin_menu` WHERE  `parent_id` = 2  AND `type` = 'menu'  AND `id` IN (1,3,6,7,12,4,8,9,13,5,10,11,14,2,15,16,17,18) ORDER BY sort asc [ RunTime:0.000103s ]
[ sql ] [ SQL ] SELECT * FROM `admin_menu` WHERE  `parent_id` = 0  AND `type` = 'menu' ORDER BY sort asc [ RunTime:0.000148s ]
[ sql ] [ SQL ] SELECT * FROM `admin_menu` WHERE  `parent_id` = 1  AND `type` = 'menu' ORDER BY sort asc [ RunTime:0.000062s ]
[ sql ] [ SQL ] SELECT * FROM `admin_menu` WHERE  `parent_id` = 2  AND `type` = 'menu' ORDER BY sort asc [ RunTime:0.000061s ]

---------------------------------------------------------------
[ 2018-06-02T22:39:40+08:00 ] 172.18.115.88 27.38.20.207 GET /admin/menu/addandupdate.html
[ log ] works.songqiphp.xin/admin/menu/addandupdate.html [运行时间：0.031520s][吞吐率：31.73req/s] [内存消耗：2,198.70kb] [文件加载：57]
[ info ] [ LANG ] /home/wwwroot/works.songqiphp.xin/thinkphp/lang/zh-cn.php
[ info ] [ ROUTE ] array (
  'type' => 'module',
  'module' => 
  array (
    0 => 'admin',
    1 => 'menu',
    2 => 'addandupdate',
  ),
)
[ info ] [ HEADER ] array (
  'host' => 'works.songqiphp.xin',
  'connection' => 'keep-alive',
  'upgrade-insecure-requests' => '1',
  'user-agent' => 'Mozilla/5.0 (Windows NT 10.0; WOW64) AppleWebKit/537.36 (KHTML, like Gecko) Chrome/66.0.3359.181 Safari/537.36',
  'accept' => 'text/html,application/xhtml+xml,application/xml;q=0.9,image/webp,image/apng,*/*;q=0.8',
  'referer' => 'http://works.songqiphp.xin/admin/menu/index.html',
  'accept-encoding' => 'gzip, deflate',
  'accept-language' => 'zh-CN,zh;q=0.9',
  'cookie' => 'pgv_pvi=5646560256; PHPSESSID=j1073f9t0qs90ph1cb6di0tmd5; cu=admin; CSDFDSA=e12UqnFFiySYU',
)
[ info ] [ PARAM ] array (
)
[ info ] [ SESSION ] INIT array (
  'id' => '',
  'var_session_id' => '',
  'prefix' => 'think',
  'type' => '',
  'auto_start' => true,
)
[ info ] [ DB ] INIT mysql
[ info ] [ RUN ] app\admin\controller\Menu->addAndUpdate[ /home/wwwroot/works.songqiphp.xin/application/admin/controller/Menu.php ]
[ info ] [ VIEW ] /home/wwwroot/works.songqiphp.xin/public/../application/admin/view/menu/menu-add.html [ array (
  0 => 'menuinfo',
  1 => 'menuInfo',
) ]
[ info ] [ LOG ] INIT File
[ sql ] [ DB ] CONNECT:[ UseTime:0.000259s ] mysql:dbname=thinkphp;host=127.0.0.1;port=3306;charset=utf8
[ sql ] [ SQL ] SHOW COLUMNS FROM `admin_user` [ RunTime:0.000628s ]
[ sql ] [ SQL ] SELECT * FROM `admin_user` WHERE  `names` = 'admin' LIMIT 1 [ RunTime:0.000186s ]
[ sql ] [ SQL ] SHOW COLUMNS FROM `admin_role` [ RunTime:0.000417s ]
[ sql ] [ SQL ] SELECT * FROM `admin_role` WHERE  `role_id` = 6 LIMIT 1 [ RunTime:0.000129s ]
[ sql ] [ SQL ] SHOW COLUMNS FROM `admin_menu` [ RunTime:0.000422s ]
[ sql ] [ SQL ] SELECT `url` FROM `admin_menu` WHERE  `id` IN (1,3,6,7,12,4,8,9,13,5,10,11,14,2,15,16,17,18) [ RunTime:0.000183s ]
[ sql ] [ SQL ] SELECT * FROM `admin_role` WHERE  `role_id` = 6 LIMIT 1 [ RunTime:0.000125s ]
[ sql ] [ SQL ] SELECT * FROM `admin_menu` WHERE  `parent_id` = 0  AND `type` = 'menu'  AND `id` IN (1,3,6,7,12,4,8,9,13,5,10,11,14,2,15,16,17,18) ORDER BY sort asc [ RunTime:0.000218s ]
[ sql ] [ SQL ] SELECT * FROM `admin_menu` WHERE  `parent_id` = 1  AND `type` = 'menu'  AND `id` IN (1,3,6,7,12,4,8,9,13,5,10,11,14,2,15,16,17,18) ORDER BY sort asc [ RunTime:0.000095s ]
[ sql ] [ SQL ] SELECT * FROM `admin_menu` WHERE  `parent_id` = 2  AND `type` = 'menu'  AND `id` IN (1,3,6,7,12,4,8,9,13,5,10,11,14,2,15,16,17,18) ORDER BY sort asc [ RunTime:0.000096s ]
[ sql ] [ SQL ] SELECT * FROM `admin_menu` WHERE  `parent_id` = 0  AND `type` = 'menu' ORDER BY sort asc [ RunTime:0.000148s ]
[ sql ] [ SQL ] SELECT * FROM `admin_menu` WHERE  `parent_id` = 1  AND `type` = 'menu' ORDER BY sort asc [ RunTime:0.000062s ]
[ sql ] [ SQL ] SELECT * FROM `admin_menu` WHERE  `parent_id` = 2  AND `type` = 'menu' ORDER BY sort asc [ RunTime:0.000060s ]

---------------------------------------------------------------
[ 2018-06-02T22:40:05+08:00 ] 172.18.115.88 58.247.204.63 GET /admin/admin/admin-permission-add.html
[ log ] works.songqiphp.xin/admin/admin/admin-permission-add.html [运行时间：0.019068s][吞吐率：52.44req/s] [内存消耗：1,404.76kb] [文件加载：48]
[ info ] [ LANG ] /home/wwwroot/works.songqiphp.xin/thinkphp/lang/zh-cn.php
[ info ] [ ROUTE ] array (
  'type' => 'module',
  'module' => 
  array (
    0 => 'admin',
    1 => 'admin',
    2 => 'admin-permission-add',
  ),
)
[ info ] [ HEADER ] array (
  'user-agent' => 'Mozilla/5.0 (Macintosh; Intel Mac OS X 10_12_4) AppleWebKit/537.36 (KHTML, like Gecko) 			Chrome/55.0.2883.95 Safari/537.36',
  'accept' => '*/*',
  'referer' => 'http://works.songqiphp.xin/admin/admin/permission.html',
  'accept-language' => 'zh-CN,zh;q=0.8,en-US;q=0.6,en;q=0.4',
  'host' => 'works.songqiphp.xin',
  'connection' => 'keep-alive',
)
[ info ] [ PARAM ] array (
)
[ info ] [ SESSION ] INIT array (
  'id' => '',
  'var_session_id' => '',
  'prefix' => 'think',
  'type' => '',
  'auto_start' => true,
)
[ info ] [ LOG ] INIT File

---------------------------------------------------------------
[ 2018-06-02T22:40:22+08:00 ] 172.18.115.88 140.207.54.187 GET /admin/admin/admin-add.html
[ log ] works.songqiphp.xin/admin/admin/admin-add.html [运行时间：0.018328s][吞吐率：54.56req/s] [内存消耗：1,404.66kb] [文件加载：48]
[ info ] [ LANG ] /home/wwwroot/works.songqiphp.xin/thinkphp/lang/zh-cn.php
[ info ] [ ROUTE ] array (
  'type' => 'module',
  'module' => 
  array (
    0 => 'admin',
    1 => 'admin',
    2 => 'admin-add',
  ),
)
[ info ] [ HEADER ] array (
  'user-agent' => 'Mozilla/5.0 (Windows NT 6.1; WOW64) AppleWebKit/537.36 (KHTML, like Gecko) Chrome/56.0.2924.87 Safari/537.36',
  'accept' => '*/*',
  'referer' => 'http://works.songqiphp.xin/admin/admin/index.html',
  'accept-language' => 'zh-CN,zh;q=0.8,en-US;q=0.6,en;q=0.4',
  'host' => 'works.songqiphp.xin',
  'connection' => 'keep-alive',
)
[ info ] [ PARAM ] array (
)
[ info ] [ SESSION ] INIT array (
  'id' => '',
  'var_session_id' => '',
  'prefix' => 'think',
  'type' => '',
  'auto_start' => true,
)
[ info ] [ LOG ] INIT File

---------------------------------------------------------------
[ 2018-06-02T22:43:01+08:00 ] 172.18.115.88 180.163.28.123 GET /admin/index/index.html
[ log ] works.songqiphp.xin/admin/index/index.html [运行时间：0.018516s][吞吐率：54.01req/s] [内存消耗：1,395.41kb] [文件加载：48]
[ info ] [ LANG ] /home/wwwroot/works.songqiphp.xin/thinkphp/lang/zh-cn.php
[ info ] [ ROUTE ] array (
  'type' => 'module',
  'module' => 
  array (
    0 => 'admin',
    1 => 'index',
    2 => 'index',
  ),
)
[ info ] [ HEADER ] array (
  'host' => 'works.songqiphp.xin',
  'user-agent' => 'Mozilla/5.0 (Windows NT 6.1; WOW64; Trident/7.0; SLCC2; .NET CLR 2.0.50727; .NET CLR 3.5.30729; .NET CLR 3.0.30729; Media Center PC 6.0; .NET4.0C; .NET4.0E; InfoPath.3; rv:11.0) like Gecko',
  'accept' => '*/*',
  'referer' => 'http://works.songqiphp.xin/admin/login/index.html',
  'accept-language' => 'zh-CN,zh;q=0.8,en-US;q=0.6,en;q=0.4',
)
[ info ] [ PARAM ] array (
)
[ info ] [ SESSION ] INIT array (
  'id' => '',
  'var_session_id' => '',
  'prefix' => 'think',
  'type' => '',
  'auto_start' => true,
)
[ info ] [ LOG ] INIT File

---------------------------------------------------------------
[ 2018-06-02T22:43:07+08:00 ] 172.18.115.88 180.163.28.123 GET /admin/index/welcome.html
[ log ] works.songqiphp.xin/admin/index/welcome.html [运行时间：0.018856s][吞吐率：53.03req/s] [内存消耗：1,395.38kb] [文件加载：48]
[ info ] [ LANG ] /home/wwwroot/works.songqiphp.xin/thinkphp/lang/zh-cn.php
[ info ] [ ROUTE ] array (
  'type' => 'module',
  'module' => 
  array (
    0 => 'admin',
    1 => 'index',
    2 => 'welcome',
  ),
)
[ info ] [ HEADER ] array (
  'host' => 'works.songqiphp.xin',
  'user-agent' => 'Mozilla/5.0 (Windows NT 6.1; WOW64) AppleWebKit/537.36 (KHTML, like Gecko) Chrome/53.0.2785.104 Safari/537.36 Core/1.53.2141.400 QQBrowser/9.5.10219.400',
  'accept' => '*/*',
  'referer' => 'http://works.songqiphp.xin/admin/index/index.html',
  'accept-language' => 'zh-CN,zh;q=0.8,en-US;q=0.6,en;q=0.4',
)
[ info ] [ PARAM ] array (
)
[ info ] [ SESSION ] INIT array (
  'id' => '',
  'var_session_id' => '',
  'prefix' => 'think',
  'type' => '',
  'auto_start' => true,
)
[ info ] [ LOG ] INIT File

---------------------------------------------------------------
[ 2018-06-02T22:47:09+08:00 ] 172.18.115.88 180.163.28.123 GET /admin/index/index.html
[ log ] works.songqiphp.xin/admin/index/index.html [运行时间：0.018242s][吞吐率：54.82req/s] [内存消耗：1,395.25kb] [文件加载：48]
[ info ] [ LANG ] /home/wwwroot/works.songqiphp.xin/thinkphp/lang/zh-cn.php
[ info ] [ ROUTE ] array (
  'type' => 'module',
  'module' => 
  array (
    0 => 'admin',
    1 => 'index',
    2 => 'index',
  ),
)
[ info ] [ HEADER ] array (
  'host' => 'works.songqiphp.xin',
  'user-agent' => 'Mozilla/5.0 (Windows NT 6.1; WOW64) AppleWebKit/537.36 (KHTML, like Gecko) Chrome/45.0.2454.101 Safari/537.36',
  'accept' => '*/*',
  'referer' => 'http://works.songqiphp.xin/admin/login/index.html',
  'accept-language' => 'zh-CN,zh;q=0.8,en-US;q=0.6,en;q=0.4',
)
[ info ] [ PARAM ] array (
)
[ info ] [ SESSION ] INIT array (
  'id' => '',
  'var_session_id' => '',
  'prefix' => 'think',
  'type' => '',
  'auto_start' => true,
)
[ info ] [ LOG ] INIT File

---------------------------------------------------------------
[ 2018-06-02T22:55:13+08:00 ] 172.18.115.88 180.163.28.123 GET /admin/index/index.html
[ log ] works.songqiphp.xin/admin/index/index.html [运行时间：0.018102s][吞吐率：55.24req/s] [内存消耗：1,395.25kb] [文件加载：48]
[ info ] [ LANG ] /home/wwwroot/works.songqiphp.xin/thinkphp/lang/zh-cn.php
[ info ] [ ROUTE ] array (
  'type' => 'module',
  'module' => 
  array (
    0 => 'admin',
    1 => 'index',
    2 => 'index',
  ),
)
[ info ] [ HEADER ] array (
  'host' => 'works.songqiphp.xin',
  'user-agent' => 'Mozilla/5.0 (Windows NT 6.1; WOW64) AppleWebKit/537.36 (KHTML, like Gecko) Chrome/43.0.2357.124 Safari/537.36',
  'accept' => '*/*',
  'referer' => 'http://works.songqiphp.xin/admin/login/index.html',
  'accept-language' => 'zh-CN,zh;q=0.8,en-US;q=0.6,en;q=0.4',
)
[ info ] [ PARAM ] array (
)
[ info ] [ SESSION ] INIT array (
  'id' => '',
  'var_session_id' => '',
  'prefix' => 'think',
  'type' => '',
  'auto_start' => true,
)
[ info ] [ LOG ] INIT File

---------------------------------------------------------------
[ 2018-06-02T22:59:00+08:00 ] 172.18.115.88 180.163.28.123 GET /admin/index/index.html
[ log ] works.songqiphp.xin/admin/index/index.html [运行时间：0.018879s][吞吐率：52.97req/s] [内存消耗：1,395.28kb] [文件加载：48]
[ info ] [ LANG ] /home/wwwroot/works.songqiphp.xin/thinkphp/lang/zh-cn.php
[ info ] [ ROUTE ] array (
  'type' => 'module',
  'module' => 
  array (
    0 => 'admin',
    1 => 'index',
    2 => 'index',
  ),
)
[ info ] [ HEADER ] array (
  'host' => 'works.songqiphp.xin',
  'user-agent' => 'Mozilla/5.0 (Macintosh; Intel Mac OS X 10_12_4) AppleWebKit/537.36 (KHTML, like Gecko) 			Chrome/55.0.2883.95 Safari/537.36',
  'accept' => '*/*',
  'referer' => 'http://works.songqiphp.xin/admin/login/index.html',
  'accept-language' => 'zh-CN,zh;q=0.8,en-US;q=0.6,en;q=0.4',
)
[ info ] [ PARAM ] array (
)
[ info ] [ SESSION ] INIT array (
  'id' => '',
  'var_session_id' => '',
  'prefix' => 'think',
  'type' => '',
  'auto_start' => true,
)
[ info ] [ LOG ] INIT File

---------------------------------------------------------------
