[ 2018-06-03T08:11:08+08:00 ] 172.18.115.88 106.11.225.165 GET /
[ log ] works.songqiphp.xin/ [运行时间：0.014624s][吞吐率：68.38req/s] [内存消耗：1,137.63kb] [文件加载：38]
[ info ] [ LANG ] /home/wwwroot/works.songqiphp.xin/thinkphp/lang/zh-cn.php
[ info ] [ ROUTE ] array (
  'type' => 'module',
  'module' => 
  array (
    0 => '',
    1 => NULL,
    2 => NULL,
  ),
)
[ info ] [ HEADER ] array (
  'accept-encoding' => 'gzip',
  'user-agent' => 'Mozilla/5.0 (iPad; CPU OS 9_1 like Mac OS X) AppleWebKit/601.1.46 (KHTML, like Gecko) Version/9.0 Mobile/13B143 Safari/601.1',
  'cache-control' => 'no-cache',
  'pragma' => 'no-cache',
  'host' => 'works.songqiphp.xin',
  'accept' => 'text/html, image/gif, image/jpeg, *; q=.2, */*; q=.2',
  'connection' => 'keep-alive',
)
[ info ] [ PARAM ] array (
)
[ info ] [ RUN ] app\index\controller\Index->index[ /home/wwwroot/works.songqiphp.xin/application/index/controller/Index.php ]
[ info ] [ LOG ] INIT File

---------------------------------------------------------------
[ 2018-06-03T13:04:44+08:00 ] 172.18.115.88 106.14.217.247 GET /
[ log ] works.songqiphp.xin/ [运行时间：0.014564s][吞吐率：68.66req/s] [内存消耗：1,137.28kb] [文件加载：38]
[ info ] [ LANG ] /home/wwwroot/works.songqiphp.xin/thinkphp/lang/zh-cn.php
[ info ] [ ROUTE ] array (
  'type' => 'module',
  'module' => 
  array (
    0 => '',
    1 => NULL,
    2 => NULL,
  ),
)
[ info ] [ HEADER ] array (
  'user-agent' => 'Mozilla/5.0 (X11; Ubuntu; Linux x86_64; rv:36.0) Gecko/20100101 Firefox/36.0',
  'host' => 'works.songqiphp.xin',
  'accept' => 'text/html, image/gif, image/jpeg, *; q=.2, */*; q=.2',
  'connection' => 'keep-alive',
)
[ info ] [ PARAM ] array (
)
[ info ] [ RUN ] app\index\controller\Index->index[ /home/wwwroot/works.songqiphp.xin/application/index/controller/Index.php ]
[ info ] [ LOG ] INIT File

---------------------------------------------------------------
[ 2018-06-03T16:41:08+08:00 ] 172.18.115.88 27.38.20.207 GET /
[ log ] works.songqiphp.xin/ [运行时间：0.015027s][吞吐率：66.55req/s] [内存消耗：1,137.95kb] [文件加载：38]
[ info ] [ LANG ] /home/wwwroot/works.songqiphp.xin/thinkphp/lang/zh-cn.php
[ info ] [ ROUTE ] array (
  'type' => 'module',
  'module' => 
  array (
    0 => '',
    1 => NULL,
    2 => NULL,
  ),
)
[ info ] [ HEADER ] array (
  'host' => 'works.songqiphp.xin',
  'connection' => 'keep-alive',
  'upgrade-insecure-requests' => '1',
  'user-agent' => 'Mozilla/5.0 (Windows NT 10.0; WOW64) AppleWebKit/537.36 (KHTML, like Gecko) Chrome/66.0.3359.181 Safari/537.36',
  'accept' => 'text/html,application/xhtml+xml,application/xml;q=0.9,image/webp,image/apng,*/*;q=0.8',
  'accept-encoding' => 'gzip, deflate',
  'accept-language' => 'zh-CN,zh;q=0.9',
  'cookie' => 'pgv_pvi=5646560256; cu=admin; CSDFDSA=e12UqnFFiySYU',
)
[ info ] [ PARAM ] array (
)
[ info ] [ RUN ] app\index\controller\Index->index[ /home/wwwroot/works.songqiphp.xin/application/index/controller/Index.php ]
[ info ] [ LOG ] INIT File

---------------------------------------------------------------
[ 2018-06-03T16:41:26+08:00 ] 172.18.115.88 27.38.20.207 GET /
[ log ] works.songqiphp.xin/ [运行时间：0.014585s][吞吐率：68.56req/s] [内存消耗：1,137.95kb] [文件加载：38]
[ info ] [ LANG ] /home/wwwroot/works.songqiphp.xin/thinkphp/lang/zh-cn.php
[ info ] [ ROUTE ] array (
  'type' => 'module',
  'module' => 
  array (
    0 => '',
    1 => NULL,
    2 => NULL,
  ),
)
[ info ] [ HEADER ] array (
  'host' => 'works.songqiphp.xin',
  'connection' => 'keep-alive',
  'upgrade-insecure-requests' => '1',
  'user-agent' => 'Mozilla/5.0 (Windows NT 10.0; WOW64) AppleWebKit/537.36 (KHTML, like Gecko) Chrome/66.0.3359.181 Safari/537.36',
  'accept' => 'text/html,application/xhtml+xml,application/xml;q=0.9,image/webp,image/apng,*/*;q=0.8',
  'accept-encoding' => 'gzip, deflate',
  'accept-language' => 'zh-CN,zh;q=0.9',
  'cookie' => 'pgv_pvi=5646560256; cu=admin; CSDFDSA=e12UqnFFiySYU',
)
[ info ] [ PARAM ] array (
)
[ info ] [ RUN ] app\index\controller\Index->index[ /home/wwwroot/works.songqiphp.xin/application/index/controller/Index.php ]
[ info ] [ LOG ] INIT File

---------------------------------------------------------------
[ 2018-06-03T16:41:31+08:00 ] 172.18.115.88 27.38.20.207 GET /admin
[ log ] works.songqiphp.xin/admin [运行时间：0.018486s][吞吐率：54.09req/s] [内存消耗：1,402.64kb] [文件加载：48]
[ info ] [ LANG ] /home/wwwroot/works.songqiphp.xin/thinkphp/lang/zh-cn.php
[ info ] [ ROUTE ] array (
  'type' => 'module',
  'module' => 
  array (
    0 => 'admin',
    1 => NULL,
    2 => NULL,
  ),
)
[ info ] [ HEADER ] array (
  'host' => 'works.songqiphp.xin',
  'connection' => 'keep-alive',
  'upgrade-insecure-requests' => '1',
  'user-agent' => 'Mozilla/5.0 (Windows NT 10.0; WOW64) AppleWebKit/537.36 (KHTML, like Gecko) Chrome/66.0.3359.181 Safari/537.36',
  'accept' => 'text/html,application/xhtml+xml,application/xml;q=0.9,image/webp,image/apng,*/*;q=0.8',
  'accept-encoding' => 'gzip, deflate',
  'accept-language' => 'zh-CN,zh;q=0.9',
  'cookie' => 'pgv_pvi=5646560256; cu=admin; CSDFDSA=e12UqnFFiySYU',
)
[ info ] [ PARAM ] array (
)
[ info ] [ SESSION ] INIT array (
  'id' => '',
  'var_session_id' => '',
  'prefix' => 'think',
  'type' => '',
  'auto_start' => true,
)
[ info ] [ LOG ] INIT File

---------------------------------------------------------------
[ 2018-06-03T16:41:31+08:00 ] 172.18.115.88 27.38.20.207 GET /admin/login/index.html
[ log ] works.songqiphp.xin/admin/login/index.html [运行时间：0.019982s][吞吐率：50.05req/s] [内存消耗：1,415.59kb] [文件加载：47]
[ info ] [ LANG ] /home/wwwroot/works.songqiphp.xin/thinkphp/lang/zh-cn.php
[ info ] [ ROUTE ] array (
  'type' => 'module',
  'module' => 
  array (
    0 => 'admin',
    1 => 'login',
    2 => 'index',
  ),
)
[ info ] [ HEADER ] array (
  'host' => 'works.songqiphp.xin',
  'connection' => 'keep-alive',
  'upgrade-insecure-requests' => '1',
  'user-agent' => 'Mozilla/5.0 (Windows NT 10.0; WOW64) AppleWebKit/537.36 (KHTML, like Gecko) Chrome/66.0.3359.181 Safari/537.36',
  'accept' => 'text/html,application/xhtml+xml,application/xml;q=0.9,image/webp,image/apng,*/*;q=0.8',
  'accept-encoding' => 'gzip, deflate',
  'accept-language' => 'zh-CN,zh;q=0.9',
  'cookie' => 'pgv_pvi=5646560256; cu=admin; CSDFDSA=e12UqnFFiySYU; PHPSESSID=qkcr0mp68c1oho1q76rbvm4sp1',
)
[ info ] [ PARAM ] array (
)
[ info ] [ RUN ] app\admin\controller\Login->index[ /home/wwwroot/works.songqiphp.xin/application/admin/controller/Login.php ]
[ info ] [ SESSION ] INIT array (
  'id' => '',
  'var_session_id' => '',
  'prefix' => 'think',
  'type' => '',
  'auto_start' => true,
)
[ info ] [ VIEW ] /home/wwwroot/works.songqiphp.xin/public/../application/admin/view/login/login-index.html [ array (
  0 => 'name',
  1 => 'pwd',
) ]
[ info ] [ LOG ] INIT File

---------------------------------------------------------------
[ 2018-06-03T16:41:31+08:00 ] 172.18.115.88 27.38.20.207 GET /captcha.html
[ log ] works.songqiphp.xin/captcha.html [运行时间：0.017780s][吞吐率：56.24req/s] [内存消耗：1,188.98kb] [文件加载：39]
[ info ] [ LANG ] /home/wwwroot/works.songqiphp.xin/thinkphp/lang/zh-cn.php
[ info ] [ ROUTE ] array (
  'type' => 'method',
  'method' => 
  array (
    0 => '\\think\\captcha\\CaptchaController',
    1 => 'index',
  ),
  'var' => 
  array (
  ),
)
[ info ] [ HEADER ] array (
  'host' => 'works.songqiphp.xin',
  'connection' => 'keep-alive',
  'user-agent' => 'Mozilla/5.0 (Windows NT 10.0; WOW64) AppleWebKit/537.36 (KHTML, like Gecko) Chrome/66.0.3359.181 Safari/537.36',
  'accept' => 'image/webp,image/apng,image/*,*/*;q=0.8',
  'referer' => 'http://works.songqiphp.xin/admin/login/index.html',
  'accept-encoding' => 'gzip, deflate',
  'accept-language' => 'zh-CN,zh;q=0.9',
  'cookie' => 'pgv_pvi=5646560256; cu=admin; CSDFDSA=e12UqnFFiySYU; PHPSESSID=qkcr0mp68c1oho1q76rbvm4sp1',
)
[ info ] [ PARAM ] array (
  'id' => NULL,
)
[ info ] [ RUN ] think\captcha\CaptchaController->index[ /home/wwwroot/works.songqiphp.xin/vendor/topthink/think-captcha/src/CaptchaController.php ]
[ info ] [ SESSION ] INIT array (
  'id' => '',
  'var_session_id' => '',
  'prefix' => 'think',
  'type' => '',
  'auto_start' => true,
)
[ info ] [ LOG ] INIT File

---------------------------------------------------------------
[ 2018-06-03T16:42:31+08:00 ] 172.18.115.88 223.167.152.22 GET /captcha.html
[ log ] works.songqiphp.xin/captcha.html [运行时间：0.017581s][吞吐率：56.88req/s] [内存消耗：1,188.84kb] [文件加载：39]
[ info ] [ LANG ] /home/wwwroot/works.songqiphp.xin/thinkphp/lang/zh-cn.php
[ info ] [ ROUTE ] array (
  'type' => 'method',
  'method' => 
  array (
    0 => '\\think\\captcha\\CaptchaController',
    1 => 'index',
  ),
  'var' => 
  array (
  ),
)
[ info ] [ HEADER ] array (
  'user-agent' => 'Mozilla/5.0 (Windows NT 6.1; WOW64; Trident/7.0; SLCC2; .NET CLR 2.0.50727; .NET CLR 3.5.30729; .NET CLR 3.0.30729; Media Center PC 6.0; .NET4.0C; .NET4.0E; InfoPath.3; rv:11.0) like Gecko',
  'accept' => '*/*',
  'referer' => 'http://works.songqiphp.xin/admin/login/index.html',
  'accept-language' => 'zh-CN,zh;q=0.8,en-US;q=0.6,en;q=0.4',
  'host' => 'works.songqiphp.xin',
  'connection' => 'keep-alive',
)
[ info ] [ PARAM ] array (
  'id' => NULL,
)
[ info ] [ RUN ] think\captcha\CaptchaController->index[ /home/wwwroot/works.songqiphp.xin/vendor/topthink/think-captcha/src/CaptchaController.php ]
[ info ] [ SESSION ] INIT array (
  'id' => '',
  'var_session_id' => '',
  'prefix' => 'think',
  'type' => '',
  'auto_start' => true,
)
[ info ] [ LOG ] INIT File

---------------------------------------------------------------
[ 2018-06-03T16:42:34+08:00 ] 172.18.115.88 121.51.32.143 GET /admin
[ log ] works.songqiphp.xin/admin [运行时间：0.018453s][吞吐率：54.19req/s] [内存消耗：1,402.03kb] [文件加载：48]
[ info ] [ LANG ] /home/wwwroot/works.songqiphp.xin/thinkphp/lang/zh-cn.php
[ info ] [ ROUTE ] array (
  'type' => 'module',
  'module' => 
  array (
    0 => 'admin',
    1 => NULL,
    2 => NULL,
  ),
)
[ info ] [ HEADER ] array (
  'user-agent' => 'Mozilla/5.0 (Windows NT 6.1; WOW64) AppleWebKit/537.36 (KHTML, like Gecko) Chrome/43.0.2357.124 Safari/537.36',
  'accept' => '*/*',
  'accept-language' => 'zh-CN,zh;q=0.8,en-US;q=0.6,en;q=0.4',
  'host' => 'works.songqiphp.xin',
  'connection' => 'keep-alive',
)
[ info ] [ PARAM ] array (
)
[ info ] [ SESSION ] INIT array (
  'id' => '',
  'var_session_id' => '',
  'prefix' => 'think',
  'type' => '',
  'auto_start' => true,
)
[ info ] [ LOG ] INIT File

---------------------------------------------------------------
[ 2018-06-03T16:49:31+08:00 ] 172.18.115.88 27.38.20.207 GET /captcha?id=1528015827
[ log ] works.songqiphp.xin/captcha?id=1528015827 [运行时间：0.017057s][吞吐率：58.63req/s] [内存消耗：1,189.33kb] [文件加载：39]
[ info ] [ LANG ] /home/wwwroot/works.songqiphp.xin/thinkphp/lang/zh-cn.php
[ info ] [ ROUTE ] array (
  'type' => 'method',
  'method' => 
  array (
    0 => '\\think\\captcha\\CaptchaController',
    1 => 'index',
  ),
  'var' => 
  array (
  ),
)
[ info ] [ HEADER ] array (
  'host' => 'works.songqiphp.xin',
  'connection' => 'keep-alive',
  'user-agent' => 'Mozilla/5.0 (Windows NT 10.0; WOW64) AppleWebKit/537.36 (KHTML, like Gecko) Chrome/66.0.3359.181 Safari/537.36',
  'accept' => 'image/webp,image/apng,image/*,*/*;q=0.8',
  'referer' => 'http://works.songqiphp.xin/admin/login/index.html',
  'accept-encoding' => 'gzip, deflate',
  'accept-language' => 'zh-CN,zh;q=0.9',
  'cookie' => 'pgv_pvi=5646560256; cu=admin; CSDFDSA=e12UqnFFiySYU; PHPSESSID=qkcr0mp68c1oho1q76rbvm4sp1',
)
[ info ] [ PARAM ] array (
  'id' => NULL,
)
[ info ] [ RUN ] think\captcha\CaptchaController->index[ /home/wwwroot/works.songqiphp.xin/vendor/topthink/think-captcha/src/CaptchaController.php ]
[ info ] [ SESSION ] INIT array (
  'id' => '',
  'var_session_id' => '',
  'prefix' => 'think',
  'type' => '',
  'auto_start' => true,
)
[ info ] [ LOG ] INIT File

---------------------------------------------------------------
[ 2018-06-03T16:49:31+08:00 ] 172.18.115.88 27.38.20.207 GET /captcha?id=1528015828
[ log ] works.songqiphp.xin/captcha?id=1528015828 [运行时间：0.016867s][吞吐率：59.29req/s] [内存消耗：1,189.33kb] [文件加载：39]
[ info ] [ LANG ] /home/wwwroot/works.songqiphp.xin/thinkphp/lang/zh-cn.php
[ info ] [ ROUTE ] array (
  'type' => 'method',
  'method' => 
  array (
    0 => '\\think\\captcha\\CaptchaController',
    1 => 'index',
  ),
  'var' => 
  array (
  ),
)
[ info ] [ HEADER ] array (
  'host' => 'works.songqiphp.xin',
  'connection' => 'keep-alive',
  'user-agent' => 'Mozilla/5.0 (Windows NT 10.0; WOW64) AppleWebKit/537.36 (KHTML, like Gecko) Chrome/66.0.3359.181 Safari/537.36',
  'accept' => 'image/webp,image/apng,image/*,*/*;q=0.8',
  'referer' => 'http://works.songqiphp.xin/admin/login/index.html',
  'accept-encoding' => 'gzip, deflate',
  'accept-language' => 'zh-CN,zh;q=0.9',
  'cookie' => 'pgv_pvi=5646560256; cu=admin; CSDFDSA=e12UqnFFiySYU; PHPSESSID=qkcr0mp68c1oho1q76rbvm4sp1',
)
[ info ] [ PARAM ] array (
  'id' => NULL,
)
[ info ] [ RUN ] think\captcha\CaptchaController->index[ /home/wwwroot/works.songqiphp.xin/vendor/topthink/think-captcha/src/CaptchaController.php ]
[ info ] [ SESSION ] INIT array (
  'id' => '',
  'var_session_id' => '',
  'prefix' => 'think',
  'type' => '',
  'auto_start' => true,
)
[ info ] [ LOG ] INIT File

---------------------------------------------------------------
[ 2018-06-03T16:49:40+08:00 ] 172.18.115.88 27.38.20.207 POST /admin/login/index.html
[ log ] works.songqiphp.xin/admin/login/index.html [运行时间：0.026898s][吞吐率：37.18req/s] [内存消耗：1,939.89kb] [文件加载：52]
[ info ] [ LANG ] /home/wwwroot/works.songqiphp.xin/thinkphp/lang/zh-cn.php
[ info ] [ ROUTE ] array (
  'type' => 'module',
  'module' => 
  array (
    0 => 'admin',
    1 => 'login',
    2 => 'index',
  ),
)
[ info ] [ HEADER ] array (
  'host' => 'works.songqiphp.xin',
  'connection' => 'keep-alive',
  'content-length' => '59',
  'accept' => '*/*',
  'origin' => 'http://works.songqiphp.xin',
  'x-requested-with' => 'XMLHttpRequest',
  'user-agent' => 'Mozilla/5.0 (Windows NT 10.0; WOW64) AppleWebKit/537.36 (KHTML, like Gecko) Chrome/66.0.3359.181 Safari/537.36',
  'content-type' => 'application/x-www-form-urlencoded; charset=UTF-8',
  'referer' => 'http://works.songqiphp.xin/admin/login/index.html',
  'accept-encoding' => 'gzip, deflate',
  'accept-language' => 'zh-CN,zh;q=0.9',
  'cookie' => 'pgv_pvi=5646560256; cu=admin; CSDFDSA=e12UqnFFiySYU; PHPSESSID=qkcr0mp68c1oho1q76rbvm4sp1',
)
[ info ] [ PARAM ] array (
  'pwd' => 'e12UqnFFiySYU',
  'name' => 'admin',
  'captcha' => 'yx3e',
  'rempsw' => '1',
  'is_rem' => '1',
)
[ info ] [ RUN ] app\admin\controller\Login->index[ /home/wwwroot/works.songqiphp.xin/application/admin/controller/Login.php ]
[ info ] [ SESSION ] INIT array (
  'id' => '',
  'var_session_id' => '',
  'prefix' => 'think',
  'type' => '',
  'auto_start' => true,
)
[ info ] [ DB ] INIT mysql
[ info ] [ LOG ] INIT File
[ sql ] [ DB ] CONNECT:[ UseTime:0.000282s ] mysql:dbname=thinkphp;host=127.0.0.1;port=3306;charset=utf8
[ sql ] [ SQL ] SHOW COLUMNS FROM `admin_user` [ RunTime:0.000644s ]
[ sql ] [ SQL ] SELECT * FROM `admin_user` WHERE  `names` = 'admin' LIMIT 1 [ RunTime:0.000213s ]

---------------------------------------------------------------
[ 2018-06-03T16:49:40+08:00 ] 172.18.115.88 27.38.20.207 GET /admin/login/index.html
[ log ] works.songqiphp.xin/admin/login/index.html [运行时间：0.018695s][吞吐率：53.49req/s] [内存消耗：1,401.03kb] [文件加载：47]
[ info ] [ LANG ] /home/wwwroot/works.songqiphp.xin/thinkphp/lang/zh-cn.php
[ info ] [ ROUTE ] array (
  'type' => 'module',
  'module' => 
  array (
    0 => 'admin',
    1 => 'login',
    2 => 'index',
  ),
)
[ info ] [ HEADER ] array (
  'host' => 'works.songqiphp.xin',
  'connection' => 'keep-alive',
  'upgrade-insecure-requests' => '1',
  'user-agent' => 'Mozilla/5.0 (Windows NT 10.0; WOW64) AppleWebKit/537.36 (KHTML, like Gecko) Chrome/66.0.3359.181 Safari/537.36',
  'accept' => 'text/html,application/xhtml+xml,application/xml;q=0.9,image/webp,image/apng,*/*;q=0.8',
  'referer' => 'http://works.songqiphp.xin/admin/login/index.html',
  'accept-encoding' => 'gzip, deflate',
  'accept-language' => 'zh-CN,zh;q=0.9',
  'cookie' => 'pgv_pvi=5646560256; cu=admin; CSDFDSA=e12UqnFFiySYU; PHPSESSID=qkcr0mp68c1oho1q76rbvm4sp1',
)
[ info ] [ PARAM ] array (
)
[ info ] [ RUN ] app\admin\controller\Login->index[ /home/wwwroot/works.songqiphp.xin/application/admin/controller/Login.php ]
[ info ] [ SESSION ] INIT array (
  'id' => '',
  'var_session_id' => '',
  'prefix' => 'think',
  'type' => '',
  'auto_start' => true,
)
[ info ] [ LOG ] INIT File

---------------------------------------------------------------
[ 2018-06-03T16:49:40+08:00 ] 172.18.115.88 27.38.20.207 GET /admin/index/index.html
[ log ] works.songqiphp.xin/admin/index/index.html [运行时间：0.033991s][吞吐率：29.42req/s] [内存消耗：2,224.33kb] [文件加载：57]
[ info ] [ LANG ] /home/wwwroot/works.songqiphp.xin/thinkphp/lang/zh-cn.php
[ info ] [ ROUTE ] array (
  'type' => 'module',
  'module' => 
  array (
    0 => 'admin',
    1 => 'index',
    2 => 'index',
  ),
)
[ info ] [ HEADER ] array (
  'host' => 'works.songqiphp.xin',
  'connection' => 'keep-alive',
  'upgrade-insecure-requests' => '1',
  'user-agent' => 'Mozilla/5.0 (Windows NT 10.0; WOW64) AppleWebKit/537.36 (KHTML, like Gecko) Chrome/66.0.3359.181 Safari/537.36',
  'accept' => 'text/html,application/xhtml+xml,application/xml;q=0.9,image/webp,image/apng,*/*;q=0.8',
  'referer' => 'http://works.songqiphp.xin/admin/login/index.html',
  'accept-encoding' => 'gzip, deflate',
  'accept-language' => 'zh-CN,zh;q=0.9',
  'cookie' => 'pgv_pvi=5646560256; cu=admin; CSDFDSA=e12UqnFFiySYU; PHPSESSID=qkcr0mp68c1oho1q76rbvm4sp1',
)
[ info ] [ PARAM ] array (
)
[ info ] [ SESSION ] INIT array (
  'id' => '',
  'var_session_id' => '',
  'prefix' => 'think',
  'type' => '',
  'auto_start' => true,
)
[ info ] [ DB ] INIT mysql
[ info ] [ RUN ] app\admin\controller\Index->index[ /home/wwwroot/works.songqiphp.xin/application/admin/controller/Index.php ]
[ info ] [ VIEW ] /home/wwwroot/works.songqiphp.xin/public/../application/admin/view/index/index.html [ array (
  0 => 'menuinfo',
) ]
[ info ] [ LOG ] INIT File
[ sql ] [ DB ] CONNECT:[ UseTime:0.001137s ] mysql:dbname=thinkphp;host=127.0.0.1;port=3306;charset=utf8
[ sql ] [ SQL ] SHOW COLUMNS FROM `admin_user` [ RunTime:0.000593s ]
[ sql ] [ SQL ] SELECT * FROM `admin_user` WHERE  `names` = 'admin' LIMIT 1 [ RunTime:0.000220s ]
[ sql ] [ SQL ] SHOW COLUMNS FROM `admin_role` [ RunTime:0.000443s ]
[ sql ] [ SQL ] SELECT * FROM `admin_role` WHERE  `role_id` = 6 LIMIT 1 [ RunTime:0.000137s ]
[ sql ] [ SQL ] SHOW COLUMNS FROM `admin_menu` [ RunTime:0.000410s ]
[ sql ] [ SQL ] SELECT `url` FROM `admin_menu` WHERE  `id` IN (1,3,6,7,12,4,8,9,13,5,10,11,14,2,15,16,17,18) [ RunTime:0.000190s ]
[ sql ] [ SQL ] SELECT * FROM `admin_role` WHERE  `role_id` = 6 LIMIT 1 [ RunTime:0.000124s ]
[ sql ] [ SQL ] SELECT * FROM `admin_menu` WHERE  `parent_id` = 0  AND `type` = 'menu'  AND `id` IN (1,3,6,7,12,4,8,9,13,5,10,11,14,2,15,16,17,18) ORDER BY sort asc [ RunTime:0.000230s ]
[ sql ] [ SQL ] SELECT * FROM `admin_menu` WHERE  `parent_id` = 1  AND `type` = 'menu'  AND `id` IN (1,3,6,7,12,4,8,9,13,5,10,11,14,2,15,16,17,18) ORDER BY sort asc [ RunTime:0.000094s ]
[ sql ] [ SQL ] SELECT * FROM `admin_menu` WHERE  `parent_id` = 2  AND `type` = 'menu'  AND `id` IN (1,3,6,7,12,4,8,9,13,5,10,11,14,2,15,16,17,18) ORDER BY sort asc [ RunTime:0.000092s ]

---------------------------------------------------------------
[ 2018-06-03T16:49:40+08:00 ] 172.18.115.88 27.38.20.207 GET /admin/index/welcome.html
[ log ] works.songqiphp.xin/admin/index/welcome.html [运行时间：0.359224s][吞吐率：2.78req/s] [内存消耗：2,170.44kb] [文件加载：56]
[ info ] [ LANG ] /home/wwwroot/works.songqiphp.xin/thinkphp/lang/zh-cn.php
[ info ] [ ROUTE ] array (
  'type' => 'module',
  'module' => 
  array (
    0 => 'admin',
    1 => 'index',
    2 => 'welcome',
  ),
)
[ info ] [ HEADER ] array (
  'host' => 'works.songqiphp.xin',
  'connection' => 'keep-alive',
  'upgrade-insecure-requests' => '1',
  'user-agent' => 'Mozilla/5.0 (Windows NT 10.0; WOW64) AppleWebKit/537.36 (KHTML, like Gecko) Chrome/66.0.3359.181 Safari/537.36',
  'accept' => 'text/html,application/xhtml+xml,application/xml;q=0.9,image/webp,image/apng,*/*;q=0.8',
  'referer' => 'http://works.songqiphp.xin/admin/index/index.html',
  'accept-encoding' => 'gzip, deflate',
  'accept-language' => 'zh-CN,zh;q=0.9',
  'cookie' => 'pgv_pvi=5646560256; cu=admin; CSDFDSA=e12UqnFFiySYU; PHPSESSID=qkcr0mp68c1oho1q76rbvm4sp1',
)
[ info ] [ PARAM ] array (
)
[ info ] [ SESSION ] INIT array (
  'id' => '',
  'var_session_id' => '',
  'prefix' => 'think',
  'type' => '',
  'auto_start' => true,
)
[ info ] [ DB ] INIT mysql
[ info ] [ RUN ] app\admin\controller\Index->welcome[ /home/wwwroot/works.songqiphp.xin/application/admin/controller/Index.php ]
[ info ] [ VIEW ] /home/wwwroot/works.songqiphp.xin/public/../application/admin/view/index/welcome.html [ array (
  0 => 'menuinfo',
  1 => 'sys_info',
) ]
[ info ] [ LOG ] INIT File
[ sql ] [ DB ] CONNECT:[ UseTime:0.000291s ] mysql:dbname=thinkphp;host=127.0.0.1;port=3306;charset=utf8
[ sql ] [ SQL ] SHOW COLUMNS FROM `admin_user` [ RunTime:0.000621s ]
[ sql ] [ SQL ] SELECT * FROM `admin_user` WHERE  `names` = 'admin' LIMIT 1 [ RunTime:0.000188s ]
[ sql ] [ SQL ] SHOW COLUMNS FROM `admin_role` [ RunTime:0.000433s ]
[ sql ] [ SQL ] SELECT * FROM `admin_role` WHERE  `role_id` = 6 LIMIT 1 [ RunTime:0.000138s ]
[ sql ] [ SQL ] SHOW COLUMNS FROM `admin_menu` [ RunTime:0.000402s ]
[ sql ] [ SQL ] SELECT `url` FROM `admin_menu` WHERE  `id` IN (1,3,6,7,12,4,8,9,13,5,10,11,14,2,15,16,17,18) [ RunTime:0.000185s ]
[ sql ] [ SQL ] SELECT * FROM `admin_role` WHERE  `role_id` = 6 LIMIT 1 [ RunTime:0.000125s ]
[ sql ] [ SQL ] SELECT * FROM `admin_menu` WHERE  `parent_id` = 0  AND `type` = 'menu'  AND `id` IN (1,3,6,7,12,4,8,9,13,5,10,11,14,2,15,16,17,18) ORDER BY sort asc [ RunTime:0.000233s ]
[ sql ] [ SQL ] SELECT * FROM `admin_menu` WHERE  `parent_id` = 1  AND `type` = 'menu'  AND `id` IN (1,3,6,7,12,4,8,9,13,5,10,11,14,2,15,16,17,18) ORDER BY sort asc [ RunTime:0.000095s ]
[ sql ] [ SQL ] SELECT * FROM `admin_menu` WHERE  `parent_id` = 2  AND `type` = 'menu'  AND `id` IN (1,3,6,7,12,4,8,9,13,5,10,11,14,2,15,16,17,18) ORDER BY sort asc [ RunTime:0.000092s ]
[ sql ] [ SQL ] SELECT VERSION() as version [ RunTime:0.000289s ]

---------------------------------------------------------------
[ 2018-06-03T16:49:45+08:00 ] 172.18.115.88 27.38.20.207 GET /admin/admin/role.html
[ log ] works.songqiphp.xin/admin/admin/role.html [运行时间：0.033557s][吞吐率：29.80req/s] [内存消耗：2,233.89kb] [文件加载：58]
[ info ] [ LANG ] /home/wwwroot/works.songqiphp.xin/thinkphp/lang/zh-cn.php
[ info ] [ ROUTE ] array (
  'type' => 'module',
  'module' => 
  array (
    0 => 'admin',
    1 => 'admin',
    2 => 'role',
  ),
)
[ info ] [ HEADER ] array (
  'host' => 'works.songqiphp.xin',
  'connection' => 'keep-alive',
  'upgrade-insecure-requests' => '1',
  'user-agent' => 'Mozilla/5.0 (Windows NT 10.0; WOW64) AppleWebKit/537.36 (KHTML, like Gecko) Chrome/66.0.3359.181 Safari/537.36',
  'accept' => 'text/html,application/xhtml+xml,application/xml;q=0.9,image/webp,image/apng,*/*;q=0.8',
  'referer' => 'http://works.songqiphp.xin/admin/index/index.html',
  'accept-encoding' => 'gzip, deflate',
  'accept-language' => 'zh-CN,zh;q=0.9',
  'cookie' => 'pgv_pvi=5646560256; cu=admin; CSDFDSA=e12UqnFFiySYU; PHPSESSID=qkcr0mp68c1oho1q76rbvm4sp1',
)
[ info ] [ PARAM ] array (
)
[ info ] [ SESSION ] INIT array (
  'id' => '',
  'var_session_id' => '',
  'prefix' => 'think',
  'type' => '',
  'auto_start' => true,
)
[ info ] [ DB ] INIT mysql
[ info ] [ RUN ] app\admin\controller\Admin->role[ /home/wwwroot/works.songqiphp.xin/application/admin/controller/Admin.php ]
[ info ] [ VIEW ] /home/wwwroot/works.songqiphp.xin/public/../application/admin/view/admin/admin-role.html [ array (
  0 => 'menuinfo',
  1 => 'data',
  2 => 'num',
) ]
[ info ] [ LOG ] INIT File
[ sql ] [ DB ] CONNECT:[ UseTime:0.000295s ] mysql:dbname=thinkphp;host=127.0.0.1;port=3306;charset=utf8
[ sql ] [ SQL ] SHOW COLUMNS FROM `admin_user` [ RunTime:0.000613s ]
[ sql ] [ SQL ] SELECT * FROM `admin_user` WHERE  `names` = 'admin' LIMIT 1 [ RunTime:0.000188s ]
[ sql ] [ SQL ] SHOW COLUMNS FROM `admin_role` [ RunTime:0.000503s ]
[ sql ] [ SQL ] SELECT * FROM `admin_role` WHERE  `role_id` = 6 LIMIT 1 [ RunTime:0.000130s ]
[ sql ] [ SQL ] SHOW COLUMNS FROM `admin_menu` [ RunTime:0.000417s ]
[ sql ] [ SQL ] SELECT `url` FROM `admin_menu` WHERE  `id` IN (1,3,6,7,12,4,8,9,13,5,10,11,14,2,15,16,17,18) [ RunTime:0.000180s ]
[ sql ] [ SQL ] SELECT * FROM `admin_role` WHERE  `role_id` = 6 LIMIT 1 [ RunTime:0.000124s ]
[ sql ] [ SQL ] SELECT * FROM `admin_menu` WHERE  `parent_id` = 0  AND `type` = 'menu'  AND `id` IN (1,3,6,7,12,4,8,9,13,5,10,11,14,2,15,16,17,18) ORDER BY sort asc [ RunTime:0.000215s ]
[ sql ] [ SQL ] SELECT * FROM `admin_menu` WHERE  `parent_id` = 1  AND `type` = 'menu'  AND `id` IN (1,3,6,7,12,4,8,9,13,5,10,11,14,2,15,16,17,18) ORDER BY sort asc [ RunTime:0.000095s ]
[ sql ] [ SQL ] SELECT * FROM `admin_menu` WHERE  `parent_id` = 2  AND `type` = 'menu'  AND `id` IN (1,3,6,7,12,4,8,9,13,5,10,11,14,2,15,16,17,18) ORDER BY sort asc [ RunTime:0.000105s ]
[ sql ] [ SQL ] SELECT * FROM `admin_role` [ RunTime:0.000116s ]
[ sql ] [ SQL ] SELECT `names` FROM `admin_user` WHERE  `role_id` = '1' [ RunTime:0.000108s ]
[ sql ] [ SQL ] SELECT `names` FROM `admin_user` WHERE  `role_id` = '2' [ RunTime:0.000051s ]
[ sql ] [ SQL ] SELECT `names` FROM `admin_user` WHERE  `role_id` = '6' [ RunTime:0.000078s ]

---------------------------------------------------------------
[ 2018-06-03T16:49:49+08:00 ] 172.18.115.88 27.38.20.207 POST /admin/admin/delrole.html
[ log ] works.songqiphp.xin/admin/admin/delrole.html [运行时间：0.035710s][吞吐率：28.00req/s] [内存消耗：2,152.14kb] [文件加载：54]
[ info ] [ LANG ] /home/wwwroot/works.songqiphp.xin/thinkphp/lang/zh-cn.php
[ info ] [ ROUTE ] array (
  'type' => 'module',
  'module' => 
  array (
    0 => 'admin',
    1 => 'admin',
    2 => 'delrole',
  ),
)
[ info ] [ HEADER ] array (
  'host' => 'works.songqiphp.xin',
  'connection' => 'keep-alive',
  'content-length' => '4',
  'accept' => '*/*',
  'origin' => 'http://works.songqiphp.xin',
  'x-requested-with' => 'XMLHttpRequest',
  'user-agent' => 'Mozilla/5.0 (Windows NT 10.0; WOW64) AppleWebKit/537.36 (KHTML, like Gecko) Chrome/66.0.3359.181 Safari/537.36',
  'content-type' => 'application/x-www-form-urlencoded; charset=UTF-8',
  'referer' => 'http://works.songqiphp.xin/admin/admin/role.html',
  'accept-encoding' => 'gzip, deflate',
  'accept-language' => 'zh-CN,zh;q=0.9',
  'cookie' => 'pgv_pvi=5646560256; cu=admin; CSDFDSA=e12UqnFFiySYU; PHPSESSID=qkcr0mp68c1oho1q76rbvm4sp1',
)
[ info ] [ PARAM ] array (
  'id' => '1',
)
[ info ] [ SESSION ] INIT array (
  'id' => '',
  'var_session_id' => '',
  'prefix' => 'think',
  'type' => '',
  'auto_start' => true,
)
[ info ] [ DB ] INIT mysql
[ info ] [ RUN ] app\admin\controller\Admin->delRole[ /home/wwwroot/works.songqiphp.xin/application/admin/controller/Admin.php ]
[ info ] [ LOG ] INIT File
[ sql ] [ DB ] CONNECT:[ UseTime:0.000368s ] mysql:dbname=thinkphp;host=127.0.0.1;port=3306;charset=utf8
[ sql ] [ SQL ] SHOW COLUMNS FROM `admin_user` [ RunTime:0.000717s ]
[ sql ] [ SQL ] SELECT * FROM `admin_user` WHERE  `names` = 'admin' LIMIT 1 [ RunTime:0.000199s ]
[ sql ] [ SQL ] SHOW COLUMNS FROM `admin_role` [ RunTime:0.000534s ]
[ sql ] [ SQL ] SELECT * FROM `admin_role` WHERE  `role_id` = 6 LIMIT 1 [ RunTime:0.000144s ]
[ sql ] [ SQL ] SHOW COLUMNS FROM `admin_menu` [ RunTime:0.000420s ]
[ sql ] [ SQL ] SELECT `url` FROM `admin_menu` WHERE  `id` IN (1,3,6,7,12,4,8,9,13,5,10,11,14,2,15,16,17,18) [ RunTime:0.000185s ]
[ sql ] [ SQL ] SELECT * FROM `admin_role` WHERE  `role_id` = 6 LIMIT 1 [ RunTime:0.000124s ]
[ sql ] [ SQL ] SELECT * FROM `admin_menu` WHERE  `parent_id` = 0  AND `type` = 'menu'  AND `id` IN (1,3,6,7,12,4,8,9,13,5,10,11,14,2,15,16,17,18) ORDER BY sort asc [ RunTime:0.000262s ]
[ sql ] [ SQL ] SELECT * FROM `admin_menu` WHERE  `parent_id` = 1  AND `type` = 'menu'  AND `id` IN (1,3,6,7,12,4,8,9,13,5,10,11,14,2,15,16,17,18) ORDER BY sort asc [ RunTime:0.000111s ]
[ sql ] [ SQL ] SELECT * FROM `admin_menu` WHERE  `parent_id` = 2  AND `type` = 'menu'  AND `id` IN (1,3,6,7,12,4,8,9,13,5,10,11,14,2,15,16,17,18) ORDER BY sort asc [ RunTime:0.000103s ]
[ sql ] [ SQL ] SELECT * FROM `admin_role` WHERE  `role_id` = 1 LIMIT 1 [ RunTime:0.000262s ]
[ sql ] [ SQL ] SELECT * FROM `admin_user` WHERE  `role_id` = '1' [ RunTime:0.000248s ]

---------------------------------------------------------------
[ 2018-06-03T16:49:59+08:00 ] 172.18.115.88 27.38.20.207 GET /admin/admin/updaterole/id/6.html
[ log ] works.songqiphp.xin/admin/admin/updaterole/id/6.html [运行时间：0.035261s][吞吐率：28.36req/s] [内存消耗：2,249.55kb] [文件加载：58]
[ info ] [ LANG ] /home/wwwroot/works.songqiphp.xin/thinkphp/lang/zh-cn.php
[ info ] [ ROUTE ] array (
  'type' => 'module',
  'module' => 
  array (
    0 => 'admin',
    1 => 'admin',
    2 => 'updaterole',
  ),
)
[ info ] [ HEADER ] array (
  'host' => 'works.songqiphp.xin',
  'connection' => 'keep-alive',
  'upgrade-insecure-requests' => '1',
  'user-agent' => 'Mozilla/5.0 (Windows NT 10.0; WOW64) AppleWebKit/537.36 (KHTML, like Gecko) Chrome/66.0.3359.181 Safari/537.36',
  'accept' => 'text/html,application/xhtml+xml,application/xml;q=0.9,image/webp,image/apng,*/*;q=0.8',
  'referer' => 'http://works.songqiphp.xin/admin/admin/role.html',
  'accept-encoding' => 'gzip, deflate',
  'accept-language' => 'zh-CN,zh;q=0.9',
  'cookie' => 'pgv_pvi=5646560256; cu=admin; CSDFDSA=e12UqnFFiySYU; PHPSESSID=qkcr0mp68c1oho1q76rbvm4sp1',
)
[ info ] [ PARAM ] array (
  'id' => '6',
)
[ info ] [ SESSION ] INIT array (
  'id' => '',
  'var_session_id' => '',
  'prefix' => 'think',
  'type' => '',
  'auto_start' => true,
)
[ info ] [ DB ] INIT mysql
[ info ] [ RUN ] app\admin\controller\Admin->updateRole[ /home/wwwroot/works.songqiphp.xin/application/admin/controller/Admin.php ]
[ info ] [ VIEW ] /home/wwwroot/works.songqiphp.xin/public/../application/admin/view/admin/admin-role-add.html [ array (
  0 => 'menuinfo',
  1 => 'data',
  2 => 'info',
) ]
[ info ] [ LOG ] INIT File
[ sql ] [ DB ] CONNECT:[ UseTime:0.000299s ] mysql:dbname=thinkphp;host=127.0.0.1;port=3306;charset=utf8
[ sql ] [ SQL ] SHOW COLUMNS FROM `admin_user` [ RunTime:0.000648s ]
[ sql ] [ SQL ] SELECT * FROM `admin_user` WHERE  `names` = 'admin' LIMIT 1 [ RunTime:0.000193s ]
[ sql ] [ SQL ] SHOW COLUMNS FROM `admin_role` [ RunTime:0.000439s ]
[ sql ] [ SQL ] SELECT * FROM `admin_role` WHERE  `role_id` = 6 LIMIT 1 [ RunTime:0.000135s ]
[ sql ] [ SQL ] SHOW COLUMNS FROM `admin_menu` [ RunTime:0.000440s ]
[ sql ] [ SQL ] SELECT `url` FROM `admin_menu` WHERE  `id` IN (1,3,6,7,12,4,8,9,13,5,10,11,14,2,15,16,17,18) [ RunTime:0.000186s ]
[ sql ] [ SQL ] SELECT * FROM `admin_role` WHERE  `role_id` = 6 LIMIT 1 [ RunTime:0.000129s ]
[ sql ] [ SQL ] SELECT * FROM `admin_menu` WHERE  `parent_id` = 0  AND `type` = 'menu'  AND `id` IN (1,3,6,7,12,4,8,9,13,5,10,11,14,2,15,16,17,18) ORDER BY sort asc [ RunTime:0.000226s ]
[ sql ] [ SQL ] SELECT * FROM `admin_menu` WHERE  `parent_id` = 1  AND `type` = 'menu'  AND `id` IN (1,3,6,7,12,4,8,9,13,5,10,11,14,2,15,16,17,18) ORDER BY sort asc [ RunTime:0.000100s ]
[ sql ] [ SQL ] SELECT * FROM `admin_menu` WHERE  `parent_id` = 2  AND `type` = 'menu'  AND `id` IN (1,3,6,7,12,4,8,9,13,5,10,11,14,2,15,16,17,18) ORDER BY sort asc [ RunTime:0.000099s ]
[ sql ] [ SQL ] SELECT * FROM `admin_role` WHERE  `role_id` = 6 LIMIT 1 [ RunTime:0.000136s ]
[ sql ] [ SQL ] SELECT * FROM `admin_menu` WHERE  `parent_id` = 0  AND `type` = 'menu' ORDER BY sort asc [ RunTime:0.000182s ]
[ sql ] [ SQL ] SELECT * FROM `admin_menu` WHERE  `parent_id` = 1  AND `type` = 'menu' ORDER BY sort asc [ RunTime:0.000067s ]
[ sql ] [ SQL ] SELECT * FROM `admin_menu` WHERE  `parent_id` = 2  AND `type` = 'menu' ORDER BY sort asc [ RunTime:0.000064s ]
[ sql ] [ SQL ] SELECT * FROM `admin_menu` WHERE  `type` = 'per'  AND `parent_id` = 3 [ RunTime:0.000256s ]
[ sql ] [ SQL ] SELECT * FROM `admin_menu` WHERE  `type` = 'per'  AND `parent_id` = 4 [ RunTime:0.000145s ]
[ sql ] [ SQL ] SELECT * FROM `admin_menu` WHERE  `type` = 'per'  AND `parent_id` = 5 [ RunTime:0.000151s ]
[ sql ] [ SQL ] SELECT * FROM `admin_menu` WHERE  `type` = 'per'  AND `parent_id` = 15 [ RunTime:0.000139s ]

---------------------------------------------------------------
[ 2018-06-03T16:50:31+08:00 ] 172.18.115.88 140.207.54.187 GET /captcha?id=1528015827
[ log ] works.songqiphp.xin/captcha?id=1528015827 [运行时间：0.017886s][吞吐率：55.91req/s] [内存消耗：1,189.03kb] [文件加载：39]
[ info ] [ LANG ] /home/wwwroot/works.songqiphp.xin/thinkphp/lang/zh-cn.php
[ info ] [ ROUTE ] array (
  'type' => 'method',
  'method' => 
  array (
    0 => '\\think\\captcha\\CaptchaController',
    1 => 'index',
  ),
  'var' => 
  array (
  ),
)
[ info ] [ HEADER ] array (
  'user-agent' => 'Mozilla/5.0 (Windows NT 6.1; WOW64; Trident/7.0; SLCC2; .NET CLR 2.0.50727; .NET CLR 3.5.30729; .NET CLR 3.0.30729; Media Center PC 6.0; .NET4.0C; .NET4.0E; InfoPath.3; rv:11.0) like Gecko',
  'accept' => '*/*',
  'referer' => 'http://works.songqiphp.xin/admin/login/index.html',
  'accept-language' => 'zh-CN,zh;q=0.8,en-US;q=0.6,en;q=0.4',
  'host' => 'works.songqiphp.xin',
  'connection' => 'keep-alive',
)
[ info ] [ PARAM ] array (
  'id' => NULL,
)
[ info ] [ RUN ] think\captcha\CaptchaController->index[ /home/wwwroot/works.songqiphp.xin/vendor/topthink/think-captcha/src/CaptchaController.php ]
[ info ] [ SESSION ] INIT array (
  'id' => '',
  'var_session_id' => '',
  'prefix' => 'think',
  'type' => '',
  'auto_start' => true,
)
[ info ] [ LOG ] INIT File

---------------------------------------------------------------
[ 2018-06-03T16:50:32+08:00 ] 172.18.115.88 27.38.20.207 GET /admin/admin/permission.html
[ log ] works.songqiphp.xin/admin/admin/permission.html [运行时间：0.034394s][吞吐率：29.08req/s] [内存消耗：2,241.19kb] [文件加载：58]
[ info ] [ LANG ] /home/wwwroot/works.songqiphp.xin/thinkphp/lang/zh-cn.php
[ info ] [ ROUTE ] array (
  'type' => 'module',
  'module' => 
  array (
    0 => 'admin',
    1 => 'admin',
    2 => 'permission',
  ),
)
[ info ] [ HEADER ] array (
  'host' => 'works.songqiphp.xin',
  'connection' => 'keep-alive',
  'upgrade-insecure-requests' => '1',
  'user-agent' => 'Mozilla/5.0 (Windows NT 10.0; WOW64) AppleWebKit/537.36 (KHTML, like Gecko) Chrome/66.0.3359.181 Safari/537.36',
  'accept' => 'text/html,application/xhtml+xml,application/xml;q=0.9,image/webp,image/apng,*/*;q=0.8',
  'referer' => 'http://works.songqiphp.xin/admin/index/index.html',
  'accept-encoding' => 'gzip, deflate',
  'accept-language' => 'zh-CN,zh;q=0.9',
  'cookie' => 'pgv_pvi=5646560256; cu=admin; CSDFDSA=e12UqnFFiySYU; PHPSESSID=qkcr0mp68c1oho1q76rbvm4sp1',
)
[ info ] [ PARAM ] array (
)
[ info ] [ SESSION ] INIT array (
  'id' => '',
  'var_session_id' => '',
  'prefix' => 'think',
  'type' => '',
  'auto_start' => true,
)
[ info ] [ DB ] INIT mysql
[ info ] [ RUN ] app\admin\controller\Admin->permission[ /home/wwwroot/works.songqiphp.xin/application/admin/controller/Admin.php ]
[ info ] [ VIEW ] /home/wwwroot/works.songqiphp.xin/public/../application/admin/view/admin/admin-permission.html [ array (
  0 => 'menuinfo',
  1 => 'data',
  2 => 'num',
  3 => 'keyword',
) ]
[ info ] [ LOG ] INIT File
[ sql ] [ DB ] CONNECT:[ UseTime:0.000292s ] mysql:dbname=thinkphp;host=127.0.0.1;port=3306;charset=utf8
[ sql ] [ SQL ] SHOW COLUMNS FROM `admin_user` [ RunTime:0.000629s ]
[ sql ] [ SQL ] SELECT * FROM `admin_user` WHERE  `names` = 'admin' LIMIT 1 [ RunTime:0.000191s ]
[ sql ] [ SQL ] SHOW COLUMNS FROM `admin_role` [ RunTime:0.000433s ]
[ sql ] [ SQL ] SELECT * FROM `admin_role` WHERE  `role_id` = 6 LIMIT 1 [ RunTime:0.000129s ]
[ sql ] [ SQL ] SHOW COLUMNS FROM `admin_menu` [ RunTime:0.000422s ]
[ sql ] [ SQL ] SELECT `url` FROM `admin_menu` WHERE  `id` IN (1,3,6,7,12,4,8,9,13,5,10,11,14,2,15,16,17,18) [ RunTime:0.000181s ]
[ sql ] [ SQL ] SELECT * FROM `admin_role` WHERE  `role_id` = 6 LIMIT 1 [ RunTime:0.000135s ]
[ sql ] [ SQL ] SELECT * FROM `admin_menu` WHERE  `parent_id` = 0  AND `type` = 'menu'  AND `id` IN (1,3,6,7,12,4,8,9,13,5,10,11,14,2,15,16,17,18) ORDER BY sort asc [ RunTime:0.000217s ]
[ sql ] [ SQL ] SELECT * FROM `admin_menu` WHERE  `parent_id` = 1  AND `type` = 'menu'  AND `id` IN (1,3,6,7,12,4,8,9,13,5,10,11,14,2,15,16,17,18) ORDER BY sort asc [ RunTime:0.000104s ]
[ sql ] [ SQL ] SELECT * FROM `admin_menu` WHERE  `parent_id` = 2  AND `type` = 'menu'  AND `id` IN (1,3,6,7,12,4,8,9,13,5,10,11,14,2,15,16,17,18) ORDER BY sort asc [ RunTime:0.000096s ]
[ sql ] [ SQL ] SELECT * FROM `admin_menu` WHERE  `type` = 'per' [ RunTime:0.000148s ]
[ sql ] [ SQL ] SELECT `name` FROM `admin_menu` WHERE  `id` = 3 LIMIT 1 [ RunTime:0.000125s ]
[ sql ] [ SQL ] SELECT `name` FROM `admin_menu` WHERE  `id` = 3 LIMIT 1 [ RunTime:0.000049s ]
[ sql ] [ SQL ] SELECT `name` FROM `admin_menu` WHERE  `id` = 4 LIMIT 1 [ RunTime:0.000046s ]
[ sql ] [ SQL ] SELECT `name` FROM `admin_menu` WHERE  `id` = 4 LIMIT 1 [ RunTime:0.000045s ]
[ sql ] [ SQL ] SELECT `name` FROM `admin_menu` WHERE  `id` = 5 LIMIT 1 [ RunTime:0.000045s ]
[ sql ] [ SQL ] SELECT `name` FROM `admin_menu` WHERE  `id` = 5 LIMIT 1 [ RunTime:0.000043s ]
[ sql ] [ SQL ] SELECT `name` FROM `admin_menu` WHERE  `id` = 3 LIMIT 1 [ RunTime:0.000046s ]
[ sql ] [ SQL ] SELECT `name` FROM `admin_menu` WHERE  `id` = 4 LIMIT 1 [ RunTime:0.000047s ]
[ sql ] [ SQL ] SELECT `name` FROM `admin_menu` WHERE  `id` = 5 LIMIT 1 [ RunTime:0.000055s ]
[ sql ] [ SQL ] SELECT `name` FROM `admin_menu` WHERE  `id` = 15 LIMIT 1 [ RunTime:0.000048s ]

---------------------------------------------------------------
[ 2018-06-03T16:50:33+08:00 ] 172.18.115.88 27.38.20.207 GET /admin/admin/addpermission.html
[ log ] works.songqiphp.xin/admin/admin/addpermission.html [运行时间：0.037252s][吞吐率：26.84req/s] [内存消耗：2,359.47kb] [文件加载：60]
[ info ] [ LANG ] /home/wwwroot/works.songqiphp.xin/thinkphp/lang/zh-cn.php
[ info ] [ ROUTE ] array (
  'type' => 'module',
  'module' => 
  array (
    0 => 'admin',
    1 => 'admin',
    2 => 'addpermission',
  ),
)
[ info ] [ HEADER ] array (
  'host' => 'works.songqiphp.xin',
  'connection' => 'keep-alive',
  'upgrade-insecure-requests' => '1',
  'user-agent' => 'Mozilla/5.0 (Windows NT 10.0; WOW64) AppleWebKit/537.36 (KHTML, like Gecko) Chrome/66.0.3359.181 Safari/537.36',
  'accept' => 'text/html,application/xhtml+xml,application/xml;q=0.9,image/webp,image/apng,*/*;q=0.8',
  'referer' => 'http://works.songqiphp.xin/admin/admin/permission.html',
  'accept-encoding' => 'gzip, deflate',
  'accept-language' => 'zh-CN,zh;q=0.9',
  'cookie' => 'pgv_pvi=5646560256; cu=admin; CSDFDSA=e12UqnFFiySYU; PHPSESSID=qkcr0mp68c1oho1q76rbvm4sp1',
)
[ info ] [ PARAM ] array (
)
[ info ] [ SESSION ] INIT array (
  'id' => '',
  'var_session_id' => '',
  'prefix' => 'think',
  'type' => '',
  'auto_start' => true,
)
[ info ] [ DB ] INIT mysql
[ info ] [ RUN ] app\admin\controller\Admin->addPermission[ /home/wwwroot/works.songqiphp.xin/application/admin/controller/Admin.php ]
[ info ] [ VIEW ] /home/wwwroot/works.songqiphp.xin/public/../application/admin/view/admin/admin-permission-add.html [ array (
  0 => 'menuinfo',
  1 => 'data',
) ]
[ info ] [ LOG ] INIT File
[ sql ] [ DB ] CONNECT:[ UseTime:0.000306s ] mysql:dbname=thinkphp;host=127.0.0.1;port=3306;charset=utf8
[ sql ] [ SQL ] SHOW COLUMNS FROM `admin_user` [ RunTime:0.000654s ]
[ sql ] [ SQL ] SELECT * FROM `admin_user` WHERE  `names` = 'admin' LIMIT 1 [ RunTime:0.000201s ]
[ sql ] [ SQL ] SHOW COLUMNS FROM `admin_role` [ RunTime:0.000458s ]
[ sql ] [ SQL ] SELECT * FROM `admin_role` WHERE  `role_id` = 6 LIMIT 1 [ RunTime:0.000144s ]
[ sql ] [ SQL ] SHOW COLUMNS FROM `admin_menu` [ RunTime:0.000714s ]
[ sql ] [ SQL ] SELECT `url` FROM `admin_menu` WHERE  `id` IN (1,3,6,7,12,4,8,9,13,5,10,11,14,2,15,16,17,18) [ RunTime:0.000320s ]
[ sql ] [ SQL ] SELECT * FROM `admin_role` WHERE  `role_id` = 6 LIMIT 1 [ RunTime:0.000205s ]
[ sql ] [ SQL ] SELECT * FROM `admin_menu` WHERE  `parent_id` = 0  AND `type` = 'menu'  AND `id` IN (1,3,6,7,12,4,8,9,13,5,10,11,14,2,15,16,17,18) ORDER BY sort asc [ RunTime:0.000317s ]
[ sql ] [ SQL ] SELECT * FROM `admin_menu` WHERE  `parent_id` = 1  AND `type` = 'menu'  AND `id` IN (1,3,6,7,12,4,8,9,13,5,10,11,14,2,15,16,17,18) ORDER BY sort asc [ RunTime:0.000141s ]
[ sql ] [ SQL ] SELECT * FROM `admin_menu` WHERE  `parent_id` = 2  AND `type` = 'menu'  AND `id` IN (1,3,6,7,12,4,8,9,13,5,10,11,14,2,15,16,17,18) ORDER BY sort asc [ RunTime:0.000138s ]
[ sql ] [ SQL ] SELECT * FROM `admin_menu` WHERE  `parent_id` <> 0  AND `type` = 'menu' ORDER BY sort asc [ RunTime:0.000347s ]

---------------------------------------------------------------
[ 2018-06-03T16:50:40+08:00 ] 172.18.115.88 140.207.54.197 GET /admin/index/welcome.html
[ log ] works.songqiphp.xin/admin/index/welcome.html [运行时间：0.019381s][吞吐率：51.60req/s] [内存消耗：1,402.48kb] [文件加载：48]
[ info ] [ LANG ] /home/wwwroot/works.songqiphp.xin/thinkphp/lang/zh-cn.php
[ info ] [ ROUTE ] array (
  'type' => 'module',
  'module' => 
  array (
    0 => 'admin',
    1 => 'index',
    2 => 'welcome',
  ),
)
[ info ] [ HEADER ] array (
  'user-agent' => 'Mozilla/5.0 (Windows NT 6.1; WOW64) AppleWebKit/537.36 (KHTML, like Gecko) Chrome/53.0.2785.104 Safari/537.36 Core/1.53.2141.400 QQBrowser/9.5.10219.400',
  'accept' => '*/*',
  'referer' => 'http://works.songqiphp.xin/admin/index/index.html',
  'accept-language' => 'zh-CN,zh;q=0.8,en-US;q=0.6,en;q=0.4',
  'host' => 'works.songqiphp.xin',
  'connection' => 'keep-alive',
)
[ info ] [ PARAM ] array (
)
[ info ] [ SESSION ] INIT array (
  'id' => '',
  'var_session_id' => '',
  'prefix' => 'think',
  'type' => '',
  'auto_start' => true,
)
[ info ] [ LOG ] INIT File

---------------------------------------------------------------
[ 2018-06-03T16:50:46+08:00 ] 172.18.115.88 27.38.20.207 GET /admin/admin/permission.html
[ log ] works.songqiphp.xin/admin/admin/permission.html [运行时间：0.034838s][吞吐率：28.70req/s] [内存消耗：2,241.19kb] [文件加载：58]
[ info ] [ LANG ] /home/wwwroot/works.songqiphp.xin/thinkphp/lang/zh-cn.php
[ info ] [ ROUTE ] array (
  'type' => 'module',
  'module' => 
  array (
    0 => 'admin',
    1 => 'admin',
    2 => 'permission',
  ),
)
[ info ] [ HEADER ] array (
  'host' => 'works.songqiphp.xin',
  'connection' => 'keep-alive',
  'upgrade-insecure-requests' => '1',
  'user-agent' => 'Mozilla/5.0 (Windows NT 10.0; WOW64) AppleWebKit/537.36 (KHTML, like Gecko) Chrome/66.0.3359.181 Safari/537.36',
  'accept' => 'text/html,application/xhtml+xml,application/xml;q=0.9,image/webp,image/apng,*/*;q=0.8',
  'referer' => 'http://works.songqiphp.xin/admin/index/index.html',
  'accept-encoding' => 'gzip, deflate',
  'accept-language' => 'zh-CN,zh;q=0.9',
  'cookie' => 'pgv_pvi=5646560256; cu=admin; CSDFDSA=e12UqnFFiySYU; PHPSESSID=qkcr0mp68c1oho1q76rbvm4sp1',
)
[ info ] [ PARAM ] array (
)
[ info ] [ SESSION ] INIT array (
  'id' => '',
  'var_session_id' => '',
  'prefix' => 'think',
  'type' => '',
  'auto_start' => true,
)
[ info ] [ DB ] INIT mysql
[ info ] [ RUN ] app\admin\controller\Admin->permission[ /home/wwwroot/works.songqiphp.xin/application/admin/controller/Admin.php ]
[ info ] [ VIEW ] /home/wwwroot/works.songqiphp.xin/public/../application/admin/view/admin/admin-permission.html [ array (
  0 => 'menuinfo',
  1 => 'data',
  2 => 'num',
  3 => 'keyword',
) ]
[ info ] [ LOG ] INIT File
[ sql ] [ DB ] CONNECT:[ UseTime:0.000293s ] mysql:dbname=thinkphp;host=127.0.0.1;port=3306;charset=utf8
[ sql ] [ SQL ] SHOW COLUMNS FROM `admin_user` [ RunTime:0.000640s ]
[ sql ] [ SQL ] SELECT * FROM `admin_user` WHERE  `names` = 'admin' LIMIT 1 [ RunTime:0.000186s ]
[ sql ] [ SQL ] SHOW COLUMNS FROM `admin_role` [ RunTime:0.000445s ]
[ sql ] [ SQL ] SELECT * FROM `admin_role` WHERE  `role_id` = 6 LIMIT 1 [ RunTime:0.000142s ]
[ sql ] [ SQL ] SHOW COLUMNS FROM `admin_menu` [ RunTime:0.000420s ]
[ sql ] [ SQL ] SELECT `url` FROM `admin_menu` WHERE  `id` IN (1,3,6,7,12,4,8,9,13,5,10,11,14,2,15,16,17,18) [ RunTime:0.000185s ]
[ sql ] [ SQL ] SELECT * FROM `admin_role` WHERE  `role_id` = 6 LIMIT 1 [ RunTime:0.000159s ]
[ sql ] [ SQL ] SELECT * FROM `admin_menu` WHERE  `parent_id` = 0  AND `type` = 'menu'  AND `id` IN (1,3,6,7,12,4,8,9,13,5,10,11,14,2,15,16,17,18) ORDER BY sort asc [ RunTime:0.000222s ]
[ sql ] [ SQL ] SELECT * FROM `admin_menu` WHERE  `parent_id` = 1  AND `type` = 'menu'  AND `id` IN (1,3,6,7,12,4,8,9,13,5,10,11,14,2,15,16,17,18) ORDER BY sort asc [ RunTime:0.000107s ]
[ sql ] [ SQL ] SELECT * FROM `admin_menu` WHERE  `parent_id` = 2  AND `type` = 'menu'  AND `id` IN (1,3,6,7,12,4,8,9,13,5,10,11,14,2,15,16,17,18) ORDER BY sort asc [ RunTime:0.000096s ]
[ sql ] [ SQL ] SELECT * FROM `admin_menu` WHERE  `type` = 'per' [ RunTime:0.000159s ]
[ sql ] [ SQL ] SELECT `name` FROM `admin_menu` WHERE  `id` = 3 LIMIT 1 [ RunTime:0.000128s ]
[ sql ] [ SQL ] SELECT `name` FROM `admin_menu` WHERE  `id` = 3 LIMIT 1 [ RunTime:0.000049s ]
[ sql ] [ SQL ] SELECT `name` FROM `admin_menu` WHERE  `id` = 4 LIMIT 1 [ RunTime:0.000047s ]
[ sql ] [ SQL ] SELECT `name` FROM `admin_menu` WHERE  `id` = 4 LIMIT 1 [ RunTime:0.000050s ]
[ sql ] [ SQL ] SELECT `name` FROM `admin_menu` WHERE  `id` = 5 LIMIT 1 [ RunTime:0.000046s ]
[ sql ] [ SQL ] SELECT `name` FROM `admin_menu` WHERE  `id` = 5 LIMIT 1 [ RunTime:0.000054s ]
[ sql ] [ SQL ] SELECT `name` FROM `admin_menu` WHERE  `id` = 3 LIMIT 1 [ RunTime:0.000048s ]
[ sql ] [ SQL ] SELECT `name` FROM `admin_menu` WHERE  `id` = 4 LIMIT 1 [ RunTime:0.000058s ]
[ sql ] [ SQL ] SELECT `name` FROM `admin_menu` WHERE  `id` = 5 LIMIT 1 [ RunTime:0.000043s ]
[ sql ] [ SQL ] SELECT `name` FROM `admin_menu` WHERE  `id` = 15 LIMIT 1 [ RunTime:0.000046s ]

---------------------------------------------------------------
[ 2018-06-03T16:50:47+08:00 ] 172.18.115.88 27.38.20.207 GET /admin/admin/addpermission.html
[ log ] works.songqiphp.xin/admin/admin/addpermission.html [运行时间：0.033609s][吞吐率：29.75req/s] [内存消耗：2,238.27kb] [文件加载：58]
[ info ] [ LANG ] /home/wwwroot/works.songqiphp.xin/thinkphp/lang/zh-cn.php
[ info ] [ ROUTE ] array (
  'type' => 'module',
  'module' => 
  array (
    0 => 'admin',
    1 => 'admin',
    2 => 'addpermission',
  ),
)
[ info ] [ HEADER ] array (
  'host' => 'works.songqiphp.xin',
  'connection' => 'keep-alive',
  'upgrade-insecure-requests' => '1',
  'user-agent' => 'Mozilla/5.0 (Windows NT 10.0; WOW64) AppleWebKit/537.36 (KHTML, like Gecko) Chrome/66.0.3359.181 Safari/537.36',
  'accept' => 'text/html,application/xhtml+xml,application/xml;q=0.9,image/webp,image/apng,*/*;q=0.8',
  'referer' => 'http://works.songqiphp.xin/admin/admin/permission.html',
  'accept-encoding' => 'gzip, deflate',
  'accept-language' => 'zh-CN,zh;q=0.9',
  'cookie' => 'pgv_pvi=5646560256; cu=admin; CSDFDSA=e12UqnFFiySYU; PHPSESSID=qkcr0mp68c1oho1q76rbvm4sp1',
)
[ info ] [ PARAM ] array (
)
[ info ] [ SESSION ] INIT array (
  'id' => '',
  'var_session_id' => '',
  'prefix' => 'think',
  'type' => '',
  'auto_start' => true,
)
[ info ] [ DB ] INIT mysql
[ info ] [ RUN ] app\admin\controller\Admin->addPermission[ /home/wwwroot/works.songqiphp.xin/application/admin/controller/Admin.php ]
[ info ] [ VIEW ] /home/wwwroot/works.songqiphp.xin/public/../application/admin/view/admin/admin-permission-add.html [ array (
  0 => 'menuinfo',
  1 => 'data',
) ]
[ info ] [ LOG ] INIT File
[ sql ] [ DB ] CONNECT:[ UseTime:0.000280s ] mysql:dbname=thinkphp;host=127.0.0.1;port=3306;charset=utf8
[ sql ] [ SQL ] SHOW COLUMNS FROM `admin_user` [ RunTime:0.000637s ]
[ sql ] [ SQL ] SELECT * FROM `admin_user` WHERE  `names` = 'admin' LIMIT 1 [ RunTime:0.000197s ]
[ sql ] [ SQL ] SHOW COLUMNS FROM `admin_role` [ RunTime:0.000442s ]
[ sql ] [ SQL ] SELECT * FROM `admin_role` WHERE  `role_id` = 6 LIMIT 1 [ RunTime:0.000140s ]
[ sql ] [ SQL ] SHOW COLUMNS FROM `admin_menu` [ RunTime:0.000406s ]
[ sql ] [ SQL ] SELECT `url` FROM `admin_menu` WHERE  `id` IN (1,3,6,7,12,4,8,9,13,5,10,11,14,2,15,16,17,18) [ RunTime:0.000181s ]
[ sql ] [ SQL ] SELECT * FROM `admin_role` WHERE  `role_id` = 6 LIMIT 1 [ RunTime:0.000141s ]
[ sql ] [ SQL ] SELECT * FROM `admin_menu` WHERE  `parent_id` = 0  AND `type` = 'menu'  AND `id` IN (1,3,6,7,12,4,8,9,13,5,10,11,14,2,15,16,17,18) ORDER BY sort asc [ RunTime:0.000220s ]
[ sql ] [ SQL ] SELECT * FROM `admin_menu` WHERE  `parent_id` = 1  AND `type` = 'menu'  AND `id` IN (1,3,6,7,12,4,8,9,13,5,10,11,14,2,15,16,17,18) ORDER BY sort asc [ RunTime:0.000110s ]
[ sql ] [ SQL ] SELECT * FROM `admin_menu` WHERE  `parent_id` = 2  AND `type` = 'menu'  AND `id` IN (1,3,6,7,12,4,8,9,13,5,10,11,14,2,15,16,17,18) ORDER BY sort asc [ RunTime:0.000098s ]
[ sql ] [ SQL ] SELECT * FROM `admin_menu` WHERE  `parent_id` <> 0  AND `type` = 'menu' ORDER BY sort asc [ RunTime:0.000165s ]

---------------------------------------------------------------
[ 2018-06-03T16:50:57+08:00 ] 172.18.115.88 27.38.20.207 POST /admin/admin/permission.html
[ log ] works.songqiphp.xin/admin/admin/permission.html [运行时间：0.034119s][吞吐率：29.31req/s] [内存消耗：2,244.73kb] [文件加载：59]
[ info ] [ LANG ] /home/wwwroot/works.songqiphp.xin/thinkphp/lang/zh-cn.php
[ info ] [ ROUTE ] array (
  'type' => 'module',
  'module' => 
  array (
    0 => 'admin',
    1 => 'admin',
    2 => 'permission',
  ),
)
[ info ] [ HEADER ] array (
  'host' => 'works.songqiphp.xin',
  'connection' => 'keep-alive',
  'content-length' => '0',
  'accept' => 'application/json, text/javascript, */*; q=0.01',
  'origin' => 'http://works.songqiphp.xin',
  'x-requested-with' => 'XMLHttpRequest',
  'user-agent' => 'Mozilla/5.0 (Windows NT 10.0; WOW64) AppleWebKit/537.36 (KHTML, like Gecko) Chrome/66.0.3359.181 Safari/537.36',
  'referer' => 'http://works.songqiphp.xin/admin/admin/permission.html',
  'accept-encoding' => 'gzip, deflate',
  'accept-language' => 'zh-CN,zh;q=0.9',
  'cookie' => 'pgv_pvi=5646560256; cu=admin; CSDFDSA=e12UqnFFiySYU; PHPSESSID=qkcr0mp68c1oho1q76rbvm4sp1',
)
[ info ] [ PARAM ] array (
)
[ info ] [ SESSION ] INIT array (
  'id' => '',
  'var_session_id' => '',
  'prefix' => 'think',
  'type' => '',
  'auto_start' => true,
)
[ info ] [ DB ] INIT mysql
[ info ] [ RUN ] app\admin\controller\Admin->permission[ /home/wwwroot/works.songqiphp.xin/application/admin/controller/Admin.php ]
[ info ] [ VIEW ] /home/wwwroot/works.songqiphp.xin/public/../application/admin/view/admin/admin-permission.html [ array (
  0 => 'menuinfo',
  1 => 'data',
  2 => 'num',
  3 => 'keyword',
) ]
[ info ] [ LOG ] INIT File
[ sql ] [ DB ] CONNECT:[ UseTime:0.000301s ] mysql:dbname=thinkphp;host=127.0.0.1;port=3306;charset=utf8
[ sql ] [ SQL ] SHOW COLUMNS FROM `admin_user` [ RunTime:0.000637s ]
[ sql ] [ SQL ] SELECT * FROM `admin_user` WHERE  `names` = 'admin' LIMIT 1 [ RunTime:0.000187s ]
[ sql ] [ SQL ] SHOW COLUMNS FROM `admin_role` [ RunTime:0.000446s ]
[ sql ] [ SQL ] SELECT * FROM `admin_role` WHERE  `role_id` = 6 LIMIT 1 [ RunTime:0.000133s ]
[ sql ] [ SQL ] SHOW COLUMNS FROM `admin_menu` [ RunTime:0.000416s ]
[ sql ] [ SQL ] SELECT `url` FROM `admin_menu` WHERE  `id` IN (1,3,6,7,12,4,8,9,13,5,10,11,14,2,15,16,17,18) [ RunTime:0.000183s ]
[ sql ] [ SQL ] SELECT * FROM `admin_role` WHERE  `role_id` = 6 LIMIT 1 [ RunTime:0.000126s ]
[ sql ] [ SQL ] SELECT * FROM `admin_menu` WHERE  `parent_id` = 0  AND `type` = 'menu'  AND `id` IN (1,3,6,7,12,4,8,9,13,5,10,11,14,2,15,16,17,18) ORDER BY sort asc [ RunTime:0.000219s ]
[ sql ] [ SQL ] SELECT * FROM `admin_menu` WHERE  `parent_id` = 1  AND `type` = 'menu'  AND `id` IN (1,3,6,7,12,4,8,9,13,5,10,11,14,2,15,16,17,18) ORDER BY sort asc [ RunTime:0.000098s ]
[ sql ] [ SQL ] SELECT * FROM `admin_menu` WHERE  `parent_id` = 2  AND `type` = 'menu'  AND `id` IN (1,3,6,7,12,4,8,9,13,5,10,11,14,2,15,16,17,18) ORDER BY sort asc [ RunTime:0.000094s ]
[ sql ] [ SQL ] SELECT * FROM `admin_menu` WHERE  `type` = 'per' [ RunTime:0.000149s ]
[ sql ] [ SQL ] SELECT `name` FROM `admin_menu` WHERE  `id` = 3 LIMIT 1 [ RunTime:0.000111s ]
[ sql ] [ SQL ] SELECT `name` FROM `admin_menu` WHERE  `id` = 3 LIMIT 1 [ RunTime:0.000049s ]
[ sql ] [ SQL ] SELECT `name` FROM `admin_menu` WHERE  `id` = 4 LIMIT 1 [ RunTime:0.000048s ]
[ sql ] [ SQL ] SELECT `name` FROM `admin_menu` WHERE  `id` = 4 LIMIT 1 [ RunTime:0.000045s ]
[ sql ] [ SQL ] SELECT `name` FROM `admin_menu` WHERE  `id` = 5 LIMIT 1 [ RunTime:0.000044s ]
[ sql ] [ SQL ] SELECT `name` FROM `admin_menu` WHERE  `id` = 5 LIMIT 1 [ RunTime:0.000044s ]
[ sql ] [ SQL ] SELECT `name` FROM `admin_menu` WHERE  `id` = 3 LIMIT 1 [ RunTime:0.000046s ]
[ sql ] [ SQL ] SELECT `name` FROM `admin_menu` WHERE  `id` = 4 LIMIT 1 [ RunTime:0.000043s ]
[ sql ] [ SQL ] SELECT `name` FROM `admin_menu` WHERE  `id` = 5 LIMIT 1 [ RunTime:0.000043s ]
[ sql ] [ SQL ] SELECT `name` FROM `admin_menu` WHERE  `id` = 15 LIMIT 1 [ RunTime:0.000047s ]

---------------------------------------------------------------
[ 2018-06-03T16:50:59+08:00 ] 172.18.115.88 27.38.20.207 GET /admin/admin/permission.html
[ log ] works.songqiphp.xin/admin/admin/permission.html [运行时间：0.036082s][吞吐率：27.71req/s] [内存消耗：2,241.19kb] [文件加载：58]
[ info ] [ LANG ] /home/wwwroot/works.songqiphp.xin/thinkphp/lang/zh-cn.php
[ info ] [ ROUTE ] array (
  'type' => 'module',
  'module' => 
  array (
    0 => 'admin',
    1 => 'admin',
    2 => 'permission',
  ),
)
[ info ] [ HEADER ] array (
  'host' => 'works.songqiphp.xin',
  'connection' => 'keep-alive',
  'upgrade-insecure-requests' => '1',
  'user-agent' => 'Mozilla/5.0 (Windows NT 10.0; WOW64) AppleWebKit/537.36 (KHTML, like Gecko) Chrome/66.0.3359.181 Safari/537.36',
  'accept' => 'text/html,application/xhtml+xml,application/xml;q=0.9,image/webp,image/apng,*/*;q=0.8',
  'referer' => 'http://works.songqiphp.xin/admin/index/index.html',
  'accept-encoding' => 'gzip, deflate',
  'accept-language' => 'zh-CN,zh;q=0.9',
  'cookie' => 'pgv_pvi=5646560256; cu=admin; CSDFDSA=e12UqnFFiySYU; PHPSESSID=qkcr0mp68c1oho1q76rbvm4sp1',
)
[ info ] [ PARAM ] array (
)
[ info ] [ SESSION ] INIT array (
  'id' => '',
  'var_session_id' => '',
  'prefix' => 'think',
  'type' => '',
  'auto_start' => true,
)
[ info ] [ DB ] INIT mysql
[ info ] [ RUN ] app\admin\controller\Admin->permission[ /home/wwwroot/works.songqiphp.xin/application/admin/controller/Admin.php ]
[ info ] [ VIEW ] /home/wwwroot/works.songqiphp.xin/public/../application/admin/view/admin/admin-permission.html [ array (
  0 => 'menuinfo',
  1 => 'data',
  2 => 'num',
  3 => 'keyword',
) ]
[ info ] [ LOG ] INIT File
[ sql ] [ DB ] CONNECT:[ UseTime:0.000278s ] mysql:dbname=thinkphp;host=127.0.0.1;port=3306;charset=utf8
[ sql ] [ SQL ] SHOW COLUMNS FROM `admin_user` [ RunTime:0.000640s ]
[ sql ] [ SQL ] SELECT * FROM `admin_user` WHERE  `names` = 'admin' LIMIT 1 [ RunTime:0.000196s ]
[ sql ] [ SQL ] SHOW COLUMNS FROM `admin_role` [ RunTime:0.000484s ]
[ sql ] [ SQL ] SELECT * FROM `admin_role` WHERE  `role_id` = 6 LIMIT 1 [ RunTime:0.000129s ]
[ sql ] [ SQL ] SHOW COLUMNS FROM `admin_menu` [ RunTime:0.000464s ]
[ sql ] [ SQL ] SELECT `url` FROM `admin_menu` WHERE  `id` IN (1,3,6,7,12,4,8,9,13,5,10,11,14,2,15,16,17,18) [ RunTime:0.000179s ]
[ sql ] [ SQL ] SELECT * FROM `admin_role` WHERE  `role_id` = 6 LIMIT 1 [ RunTime:0.000137s ]
[ sql ] [ SQL ] SELECT * FROM `admin_menu` WHERE  `parent_id` = 0  AND `type` = 'menu'  AND `id` IN (1,3,6,7,12,4,8,9,13,5,10,11,14,2,15,16,17,18) ORDER BY sort asc [ RunTime:0.000218s ]
[ sql ] [ SQL ] SELECT * FROM `admin_menu` WHERE  `parent_id` = 1  AND `type` = 'menu'  AND `id` IN (1,3,6,7,12,4,8,9,13,5,10,11,14,2,15,16,17,18) ORDER BY sort asc [ RunTime:0.000096s ]
[ sql ] [ SQL ] SELECT * FROM `admin_menu` WHERE  `parent_id` = 2  AND `type` = 'menu'  AND `id` IN (1,3,6,7,12,4,8,9,13,5,10,11,14,2,15,16,17,18) ORDER BY sort asc [ RunTime:0.000132s ]
[ sql ] [ SQL ] SELECT * FROM `admin_menu` WHERE  `type` = 'per' [ RunTime:0.000168s ]
[ sql ] [ SQL ] SELECT `name` FROM `admin_menu` WHERE  `id` = 3 LIMIT 1 [ RunTime:0.000135s ]
[ sql ] [ SQL ] SELECT `name` FROM `admin_menu` WHERE  `id` = 3 LIMIT 1 [ RunTime:0.000053s ]
[ sql ] [ SQL ] SELECT `name` FROM `admin_menu` WHERE  `id` = 4 LIMIT 1 [ RunTime:0.000047s ]
[ sql ] [ SQL ] SELECT `name` FROM `admin_menu` WHERE  `id` = 4 LIMIT 1 [ RunTime:0.000046s ]
[ sql ] [ SQL ] SELECT `name` FROM `admin_menu` WHERE  `id` = 5 LIMIT 1 [ RunTime:0.000045s ]
[ sql ] [ SQL ] SELECT `name` FROM `admin_menu` WHERE  `id` = 5 LIMIT 1 [ RunTime:0.000044s ]
[ sql ] [ SQL ] SELECT `name` FROM `admin_menu` WHERE  `id` = 3 LIMIT 1 [ RunTime:0.000047s ]
[ sql ] [ SQL ] SELECT `name` FROM `admin_menu` WHERE  `id` = 4 LIMIT 1 [ RunTime:0.000044s ]
[ sql ] [ SQL ] SELECT `name` FROM `admin_menu` WHERE  `id` = 5 LIMIT 1 [ RunTime:0.000053s ]
[ sql ] [ SQL ] SELECT `name` FROM `admin_menu` WHERE  `id` = 15 LIMIT 1 [ RunTime:0.000051s ]

---------------------------------------------------------------
[ 2018-06-03T16:51:05+08:00 ] 172.18.115.88 27.38.20.207 POST /admin/admin/permission.html
[ log ] works.songqiphp.xin/admin/admin/permission.html [运行时间：0.034593s][吞吐率：28.91req/s] [内存消耗：2,244.73kb] [文件加载：59]
[ info ] [ LANG ] /home/wwwroot/works.songqiphp.xin/thinkphp/lang/zh-cn.php
[ info ] [ ROUTE ] array (
  'type' => 'module',
  'module' => 
  array (
    0 => 'admin',
    1 => 'admin',
    2 => 'permission',
  ),
)
[ info ] [ HEADER ] array (
  'host' => 'works.songqiphp.xin',
  'connection' => 'keep-alive',
  'content-length' => '0',
  'accept' => 'application/json, text/javascript, */*; q=0.01',
  'origin' => 'http://works.songqiphp.xin',
  'x-requested-with' => 'XMLHttpRequest',
  'user-agent' => 'Mozilla/5.0 (Windows NT 10.0; WOW64) AppleWebKit/537.36 (KHTML, like Gecko) Chrome/66.0.3359.181 Safari/537.36',
  'referer' => 'http://works.songqiphp.xin/admin/admin/permission.html',
  'accept-encoding' => 'gzip, deflate',
  'accept-language' => 'zh-CN,zh;q=0.9',
  'cookie' => 'pgv_pvi=5646560256; cu=admin; CSDFDSA=e12UqnFFiySYU; PHPSESSID=qkcr0mp68c1oho1q76rbvm4sp1',
)
[ info ] [ PARAM ] array (
)
[ info ] [ SESSION ] INIT array (
  'id' => '',
  'var_session_id' => '',
  'prefix' => 'think',
  'type' => '',
  'auto_start' => true,
)
[ info ] [ DB ] INIT mysql
[ info ] [ RUN ] app\admin\controller\Admin->permission[ /home/wwwroot/works.songqiphp.xin/application/admin/controller/Admin.php ]
[ info ] [ VIEW ] /home/wwwroot/works.songqiphp.xin/public/../application/admin/view/admin/admin-permission.html [ array (
  0 => 'menuinfo',
  1 => 'data',
  2 => 'num',
  3 => 'keyword',
) ]
[ info ] [ LOG ] INIT File
[ sql ] [ DB ] CONNECT:[ UseTime:0.000276s ] mysql:dbname=thinkphp;host=127.0.0.1;port=3306;charset=utf8
[ sql ] [ SQL ] SHOW COLUMNS FROM `admin_user` [ RunTime:0.000617s ]
[ sql ] [ SQL ] SELECT * FROM `admin_user` WHERE  `names` = 'admin' LIMIT 1 [ RunTime:0.000185s ]
[ sql ] [ SQL ] SHOW COLUMNS FROM `admin_role` [ RunTime:0.000412s ]
[ sql ] [ SQL ] SELECT * FROM `admin_role` WHERE  `role_id` = 6 LIMIT 1 [ RunTime:0.000135s ]
[ sql ] [ SQL ] SHOW COLUMNS FROM `admin_menu` [ RunTime:0.000413s ]
[ sql ] [ SQL ] SELECT `url` FROM `admin_menu` WHERE  `id` IN (1,3,6,7,12,4,8,9,13,5,10,11,14,2,15,16,17,18) [ RunTime:0.000185s ]
[ sql ] [ SQL ] SELECT * FROM `admin_role` WHERE  `role_id` = 6 LIMIT 1 [ RunTime:0.000137s ]
[ sql ] [ SQL ] SELECT * FROM `admin_menu` WHERE  `parent_id` = 0  AND `type` = 'menu'  AND `id` IN (1,3,6,7,12,4,8,9,13,5,10,11,14,2,15,16,17,18) ORDER BY sort asc [ RunTime:0.000219s ]
[ sql ] [ SQL ] SELECT * FROM `admin_menu` WHERE  `parent_id` = 1  AND `type` = 'menu'  AND `id` IN (1,3,6,7,12,4,8,9,13,5,10,11,14,2,15,16,17,18) ORDER BY sort asc [ RunTime:0.000110s ]
[ sql ] [ SQL ] SELECT * FROM `admin_menu` WHERE  `parent_id` = 2  AND `type` = 'menu'  AND `id` IN (1,3,6,7,12,4,8,9,13,5,10,11,14,2,15,16,17,18) ORDER BY sort asc [ RunTime:0.000096s ]
[ sql ] [ SQL ] SELECT * FROM `admin_menu` WHERE  `type` = 'per' [ RunTime:0.000149s ]
[ sql ] [ SQL ] SELECT `name` FROM `admin_menu` WHERE  `id` = 3 LIMIT 1 [ RunTime:0.000127s ]
[ sql ] [ SQL ] SELECT `name` FROM `admin_menu` WHERE  `id` = 3 LIMIT 1 [ RunTime:0.000049s ]
[ sql ] [ SQL ] SELECT `name` FROM `admin_menu` WHERE  `id` = 4 LIMIT 1 [ RunTime:0.000055s ]
[ sql ] [ SQL ] SELECT `name` FROM `admin_menu` WHERE  `id` = 4 LIMIT 1 [ RunTime:0.000046s ]
[ sql ] [ SQL ] SELECT `name` FROM `admin_menu` WHERE  `id` = 5 LIMIT 1 [ RunTime:0.000045s ]
[ sql ] [ SQL ] SELECT `name` FROM `admin_menu` WHERE  `id` = 5 LIMIT 1 [ RunTime:0.000045s ]
[ sql ] [ SQL ] SELECT `name` FROM `admin_menu` WHERE  `id` = 3 LIMIT 1 [ RunTime:0.000059s ]
[ sql ] [ SQL ] SELECT `name` FROM `admin_menu` WHERE  `id` = 4 LIMIT 1 [ RunTime:0.000045s ]
[ sql ] [ SQL ] SELECT `name` FROM `admin_menu` WHERE  `id` = 5 LIMIT 1 [ RunTime:0.000049s ]
[ sql ] [ SQL ] SELECT `name` FROM `admin_menu` WHERE  `id` = 15 LIMIT 1 [ RunTime:0.000047s ]

---------------------------------------------------------------
[ 2018-06-03T16:51:06+08:00 ] 172.18.115.88 27.38.20.207 GET /admin/admin/permission.html
[ log ] works.songqiphp.xin/admin/admin/permission.html [运行时间：0.033796s][吞吐率：29.59req/s] [内存消耗：2,241.19kb] [文件加载：58]
[ info ] [ LANG ] /home/wwwroot/works.songqiphp.xin/thinkphp/lang/zh-cn.php
[ info ] [ ROUTE ] array (
  'type' => 'module',
  'module' => 
  array (
    0 => 'admin',
    1 => 'admin',
    2 => 'permission',
  ),
)
[ info ] [ HEADER ] array (
  'host' => 'works.songqiphp.xin',
  'connection' => 'keep-alive',
  'upgrade-insecure-requests' => '1',
  'user-agent' => 'Mozilla/5.0 (Windows NT 10.0; WOW64) AppleWebKit/537.36 (KHTML, like Gecko) Chrome/66.0.3359.181 Safari/537.36',
  'accept' => 'text/html,application/xhtml+xml,application/xml;q=0.9,image/webp,image/apng,*/*;q=0.8',
  'referer' => 'http://works.songqiphp.xin/admin/index/index.html',
  'accept-encoding' => 'gzip, deflate',
  'accept-language' => 'zh-CN,zh;q=0.9',
  'cookie' => 'pgv_pvi=5646560256; cu=admin; CSDFDSA=e12UqnFFiySYU; PHPSESSID=qkcr0mp68c1oho1q76rbvm4sp1',
)
[ info ] [ PARAM ] array (
)
[ info ] [ SESSION ] INIT array (
  'id' => '',
  'var_session_id' => '',
  'prefix' => 'think',
  'type' => '',
  'auto_start' => true,
)
[ info ] [ DB ] INIT mysql
[ info ] [ RUN ] app\admin\controller\Admin->permission[ /home/wwwroot/works.songqiphp.xin/application/admin/controller/Admin.php ]
[ info ] [ VIEW ] /home/wwwroot/works.songqiphp.xin/public/../application/admin/view/admin/admin-permission.html [ array (
  0 => 'menuinfo',
  1 => 'data',
  2 => 'num',
  3 => 'keyword',
) ]
[ info ] [ LOG ] INIT File
[ sql ] [ DB ] CONNECT:[ UseTime:0.000290s ] mysql:dbname=thinkphp;host=127.0.0.1;port=3306;charset=utf8
[ sql ] [ SQL ] SHOW COLUMNS FROM `admin_user` [ RunTime:0.000599s ]
[ sql ] [ SQL ] SELECT * FROM `admin_user` WHERE  `names` = 'admin' LIMIT 1 [ RunTime:0.000204s ]
[ sql ] [ SQL ] SHOW COLUMNS FROM `admin_role` [ RunTime:0.000423s ]
[ sql ] [ SQL ] SELECT * FROM `admin_role` WHERE  `role_id` = 6 LIMIT 1 [ RunTime:0.000141s ]
[ sql ] [ SQL ] SHOW COLUMNS FROM `admin_menu` [ RunTime:0.000397s ]
[ sql ] [ SQL ] SELECT `url` FROM `admin_menu` WHERE  `id` IN (1,3,6,7,12,4,8,9,13,5,10,11,14,2,15,16,17,18) [ RunTime:0.000194s ]
[ sql ] [ SQL ] SELECT * FROM `admin_role` WHERE  `role_id` = 6 LIMIT 1 [ RunTime:0.000132s ]
[ sql ] [ SQL ] SELECT * FROM `admin_menu` WHERE  `parent_id` = 0  AND `type` = 'menu'  AND `id` IN (1,3,6,7,12,4,8,9,13,5,10,11,14,2,15,16,17,18) ORDER BY sort asc [ RunTime:0.000224s ]
[ sql ] [ SQL ] SELECT * FROM `admin_menu` WHERE  `parent_id` = 1  AND `type` = 'menu'  AND `id` IN (1,3,6,7,12,4,8,9,13,5,10,11,14,2,15,16,17,18) ORDER BY sort asc [ RunTime:0.000141s ]
[ sql ] [ SQL ] SELECT * FROM `admin_menu` WHERE  `parent_id` = 2  AND `type` = 'menu'  AND `id` IN (1,3,6,7,12,4,8,9,13,5,10,11,14,2,15,16,17,18) ORDER BY sort asc [ RunTime:0.000099s ]
[ sql ] [ SQL ] SELECT * FROM `admin_menu` WHERE  `type` = 'per' [ RunTime:0.000154s ]
[ sql ] [ SQL ] SELECT `name` FROM `admin_menu` WHERE  `id` = 3 LIMIT 1 [ RunTime:0.000111s ]
[ sql ] [ SQL ] SELECT `name` FROM `admin_menu` WHERE  `id` = 3 LIMIT 1 [ RunTime:0.000049s ]
[ sql ] [ SQL ] SELECT `name` FROM `admin_menu` WHERE  `id` = 4 LIMIT 1 [ RunTime:0.000046s ]
[ sql ] [ SQL ] SELECT `name` FROM `admin_menu` WHERE  `id` = 4 LIMIT 1 [ RunTime:0.000057s ]
[ sql ] [ SQL ] SELECT `name` FROM `admin_menu` WHERE  `id` = 5 LIMIT 1 [ RunTime:0.000045s ]
[ sql ] [ SQL ] SELECT `name` FROM `admin_menu` WHERE  `id` = 5 LIMIT 1 [ RunTime:0.000047s ]
[ sql ] [ SQL ] SELECT `name` FROM `admin_menu` WHERE  `id` = 3 LIMIT 1 [ RunTime:0.000047s ]
[ sql ] [ SQL ] SELECT `name` FROM `admin_menu` WHERE  `id` = 4 LIMIT 1 [ RunTime:0.000045s ]
[ sql ] [ SQL ] SELECT `name` FROM `admin_menu` WHERE  `id` = 5 LIMIT 1 [ RunTime:0.000046s ]
[ sql ] [ SQL ] SELECT `name` FROM `admin_menu` WHERE  `id` = 15 LIMIT 1 [ RunTime:0.000046s ]

---------------------------------------------------------------
[ 2018-06-03T16:51:13+08:00 ] 172.18.115.88 27.38.20.207 GET /admin/admin/admin-permission-add.html
[ log ] works.songqiphp.xin/admin/admin/admin-permission-add.html [运行时间：0.028690s][吞吐率：34.86req/s] [内存消耗：2,149.68kb] [文件加载：53]
[ info ] [ LANG ] /home/wwwroot/works.songqiphp.xin/thinkphp/lang/zh-cn.php
[ info ] [ ROUTE ] array (
  'type' => 'module',
  'module' => 
  array (
    0 => 'admin',
    1 => 'admin',
    2 => 'admin-permission-add',
  ),
)
[ info ] [ HEADER ] array (
  'host' => 'works.songqiphp.xin',
  'connection' => 'keep-alive',
  'upgrade-insecure-requests' => '1',
  'user-agent' => 'Mozilla/5.0 (Windows NT 10.0; WOW64) AppleWebKit/537.36 (KHTML, like Gecko) Chrome/66.0.3359.181 Safari/537.36',
  'accept' => 'text/html,application/xhtml+xml,application/xml;q=0.9,image/webp,image/apng,*/*;q=0.8',
  'referer' => 'http://works.songqiphp.xin/admin/admin/permission.html',
  'accept-encoding' => 'gzip, deflate',
  'accept-language' => 'zh-CN,zh;q=0.9',
  'cookie' => 'pgv_pvi=5646560256; cu=admin; CSDFDSA=e12UqnFFiySYU; PHPSESSID=qkcr0mp68c1oho1q76rbvm4sp1',
)
[ info ] [ PARAM ] array (
)
[ info ] [ SESSION ] INIT array (
  'id' => '',
  'var_session_id' => '',
  'prefix' => 'think',
  'type' => '',
  'auto_start' => true,
)
[ info ] [ DB ] INIT mysql
[ info ] [ LOG ] INIT File
[ sql ] [ DB ] CONNECT:[ UseTime:0.000277s ] mysql:dbname=thinkphp;host=127.0.0.1;port=3306;charset=utf8
[ sql ] [ SQL ] SHOW COLUMNS FROM `admin_user` [ RunTime:0.000607s ]
[ sql ] [ SQL ] SELECT * FROM `admin_user` WHERE  `names` = 'admin' LIMIT 1 [ RunTime:0.000197s ]
[ sql ] [ SQL ] SHOW COLUMNS FROM `admin_role` [ RunTime:0.000405s ]
[ sql ] [ SQL ] SELECT * FROM `admin_role` WHERE  `role_id` = 6 LIMIT 1 [ RunTime:0.000142s ]
[ sql ] [ SQL ] SHOW COLUMNS FROM `admin_menu` [ RunTime:0.000399s ]
[ sql ] [ SQL ] SELECT `url` FROM `admin_menu` WHERE  `id` IN (1,3,6,7,12,4,8,9,13,5,10,11,14,2,15,16,17,18) [ RunTime:0.000204s ]

---------------------------------------------------------------
[ 2018-06-03T16:51:20+08:00 ] 172.18.115.88 27.38.20.207 GET /admin/admin/addpermission.html
[ log ] works.songqiphp.xin/admin/admin/addpermission.html [运行时间：0.033911s][吞吐率：29.49req/s] [内存消耗：2,238.27kb] [文件加载：58]
[ info ] [ LANG ] /home/wwwroot/works.songqiphp.xin/thinkphp/lang/zh-cn.php
[ info ] [ ROUTE ] array (
  'type' => 'module',
  'module' => 
  array (
    0 => 'admin',
    1 => 'admin',
    2 => 'addpermission',
  ),
)
[ info ] [ HEADER ] array (
  'host' => 'works.songqiphp.xin',
  'connection' => 'keep-alive',
  'upgrade-insecure-requests' => '1',
  'user-agent' => 'Mozilla/5.0 (Windows NT 10.0; WOW64) AppleWebKit/537.36 (KHTML, like Gecko) Chrome/66.0.3359.181 Safari/537.36',
  'accept' => 'text/html,application/xhtml+xml,application/xml;q=0.9,image/webp,image/apng,*/*;q=0.8',
  'referer' => 'http://works.songqiphp.xin/admin/admin/permission.html',
  'accept-encoding' => 'gzip, deflate',
  'accept-language' => 'zh-CN,zh;q=0.9',
  'cookie' => 'pgv_pvi=5646560256; cu=admin; CSDFDSA=e12UqnFFiySYU; PHPSESSID=qkcr0mp68c1oho1q76rbvm4sp1',
)
[ info ] [ PARAM ] array (
)
[ info ] [ SESSION ] INIT array (
  'id' => '',
  'var_session_id' => '',
  'prefix' => 'think',
  'type' => '',
  'auto_start' => true,
)
[ info ] [ DB ] INIT mysql
[ info ] [ RUN ] app\admin\controller\Admin->addPermission[ /home/wwwroot/works.songqiphp.xin/application/admin/controller/Admin.php ]
[ info ] [ VIEW ] /home/wwwroot/works.songqiphp.xin/public/../application/admin/view/admin/admin-permission-add.html [ array (
  0 => 'menuinfo',
  1 => 'data',
) ]
[ info ] [ LOG ] INIT File
[ sql ] [ DB ] CONNECT:[ UseTime:0.000331s ] mysql:dbname=thinkphp;host=127.0.0.1;port=3306;charset=utf8
[ sql ] [ SQL ] SHOW COLUMNS FROM `admin_user` [ RunTime:0.000650s ]
[ sql ] [ SQL ] SELECT * FROM `admin_user` WHERE  `names` = 'admin' LIMIT 1 [ RunTime:0.000204s ]
[ sql ] [ SQL ] SHOW COLUMNS FROM `admin_role` [ RunTime:0.000427s ]
[ sql ] [ SQL ] SELECT * FROM `admin_role` WHERE  `role_id` = 6 LIMIT 1 [ RunTime:0.000155s ]
[ sql ] [ SQL ] SHOW COLUMNS FROM `admin_menu` [ RunTime:0.000423s ]
[ sql ] [ SQL ] SELECT `url` FROM `admin_menu` WHERE  `id` IN (1,3,6,7,12,4,8,9,13,5,10,11,14,2,15,16,17,18) [ RunTime:0.000188s ]
[ sql ] [ SQL ] SELECT * FROM `admin_role` WHERE  `role_id` = 6 LIMIT 1 [ RunTime:0.000147s ]
[ sql ] [ SQL ] SELECT * FROM `admin_menu` WHERE  `parent_id` = 0  AND `type` = 'menu'  AND `id` IN (1,3,6,7,12,4,8,9,13,5,10,11,14,2,15,16,17,18) ORDER BY sort asc [ RunTime:0.000227s ]
[ sql ] [ SQL ] SELECT * FROM `admin_menu` WHERE  `parent_id` = 1  AND `type` = 'menu'  AND `id` IN (1,3,6,7,12,4,8,9,13,5,10,11,14,2,15,16,17,18) ORDER BY sort asc [ RunTime:0.000113s ]
[ sql ] [ SQL ] SELECT * FROM `admin_menu` WHERE  `parent_id` = 2  AND `type` = 'menu'  AND `id` IN (1,3,6,7,12,4,8,9,13,5,10,11,14,2,15,16,17,18) ORDER BY sort asc [ RunTime:0.000098s ]
[ sql ] [ SQL ] SELECT * FROM `admin_menu` WHERE  `parent_id` <> 0  AND `type` = 'menu' ORDER BY sort asc [ RunTime:0.000172s ]

---------------------------------------------------------------
[ 2018-06-03T16:51:33+08:00 ] 172.18.115.88 223.166.151.191 GET /admin/admin/addpermission.html
[ log ] works.songqiphp.xin/admin/admin/addpermission.html [运行时间：0.019308s][吞吐率：51.79req/s] [内存消耗：1,411.60kb] [文件加载：48]
[ info ] [ LANG ] /home/wwwroot/works.songqiphp.xin/thinkphp/lang/zh-cn.php
[ info ] [ ROUTE ] array (
  'type' => 'module',
  'module' => 
  array (
    0 => 'admin',
    1 => 'admin',
    2 => 'addpermission',
  ),
)
[ info ] [ HEADER ] array (
  'user-agent' => 'Mozilla/5.0 (Windows NT 6.1; WOW64; rv:50.0) Gecko/20100101 Firefox/50.0',
  'accept' => '*/*',
  'referer' => 'http://works.songqiphp.xin/admin/admin/permission.html',
  'accept-language' => 'zh-CN,zh;q=0.8,en-US;q=0.6,en;q=0.4',
  'host' => 'works.songqiphp.xin',
  'connection' => 'keep-alive',
)
[ info ] [ PARAM ] array (
)
[ info ] [ SESSION ] INIT array (
  'id' => '',
  'var_session_id' => '',
  'prefix' => 'think',
  'type' => '',
  'auto_start' => true,
)
[ info ] [ LOG ] INIT File

---------------------------------------------------------------
[ 2018-06-03T16:52:51+08:00 ] 172.18.115.88 27.38.20.207 GET /admin/admin/admin-permission-add.html
[ log ] works.songqiphp.xin/admin/admin/admin-permission-add.html [运行时间：0.029615s][吞吐率：33.77req/s] [内存消耗：2,149.68kb] [文件加载：53]
[ info ] [ LANG ] /home/wwwroot/works.songqiphp.xin/thinkphp/lang/zh-cn.php
[ info ] [ ROUTE ] array (
  'type' => 'module',
  'module' => 
  array (
    0 => 'admin',
    1 => 'admin',
    2 => 'admin-permission-add',
  ),
)
[ info ] [ HEADER ] array (
  'host' => 'works.songqiphp.xin',
  'connection' => 'keep-alive',
  'upgrade-insecure-requests' => '1',
  'user-agent' => 'Mozilla/5.0 (Windows NT 10.0; WOW64) AppleWebKit/537.36 (KHTML, like Gecko) Chrome/66.0.3359.181 Safari/537.36',
  'accept' => 'text/html,application/xhtml+xml,application/xml;q=0.9,image/webp,image/apng,*/*;q=0.8',
  'referer' => 'http://works.songqiphp.xin/admin/admin/permission.html',
  'accept-encoding' => 'gzip, deflate',
  'accept-language' => 'zh-CN,zh;q=0.9',
  'cookie' => 'pgv_pvi=5646560256; cu=admin; CSDFDSA=e12UqnFFiySYU; PHPSESSID=qkcr0mp68c1oho1q76rbvm4sp1',
)
[ info ] [ PARAM ] array (
)
[ info ] [ SESSION ] INIT array (
  'id' => '',
  'var_session_id' => '',
  'prefix' => 'think',
  'type' => '',
  'auto_start' => true,
)
[ info ] [ DB ] INIT mysql
[ info ] [ LOG ] INIT File
[ sql ] [ DB ] CONNECT:[ UseTime:0.000305s ] mysql:dbname=thinkphp;host=127.0.0.1;port=3306;charset=utf8
[ sql ] [ SQL ] SHOW COLUMNS FROM `admin_user` [ RunTime:0.000649s ]
[ sql ] [ SQL ] SELECT * FROM `admin_user` WHERE  `names` = 'admin' LIMIT 1 [ RunTime:0.000196s ]
[ sql ] [ SQL ] SHOW COLUMNS FROM `admin_role` [ RunTime:0.000445s ]
[ sql ] [ SQL ] SELECT * FROM `admin_role` WHERE  `role_id` = 6 LIMIT 1 [ RunTime:0.000130s ]
[ sql ] [ SQL ] SHOW COLUMNS FROM `admin_menu` [ RunTime:0.000405s ]
[ sql ] [ SQL ] SELECT `url` FROM `admin_menu` WHERE  `id` IN (1,3,6,7,12,4,8,9,13,5,10,11,14,2,15,16,17,18) [ RunTime:0.000191s ]

---------------------------------------------------------------
[ 2018-06-03T16:54:08+08:00 ] 172.18.115.88 180.163.28.123 GET /admin/login/index.html
[ log ] works.songqiphp.xin/admin/login/index.html [运行时间：0.019314s][吞吐率：51.78req/s] [内存消耗：1,414.52kb] [文件加载：47]
[ info ] [ LANG ] /home/wwwroot/works.songqiphp.xin/thinkphp/lang/zh-cn.php
[ info ] [ ROUTE ] array (
  'type' => 'module',
  'module' => 
  array (
    0 => 'admin',
    1 => 'login',
    2 => 'index',
  ),
)
[ info ] [ HEADER ] array (
  'host' => 'works.songqiphp.xin',
  'user-agent' => 'Mozilla/5.0 (Windows NT 6.1; WOW64; rv:50.0) Gecko/20100101 Firefox/50.0',
  'accept' => '*/*',
  'referer' => 'http://works.songqiphp.xin/admin/login/index.html',
  'accept-language' => 'zh-CN,zh;q=0.8,en-US;q=0.6,en;q=0.4',
)
[ info ] [ PARAM ] array (
)
[ info ] [ RUN ] app\admin\controller\Login->index[ /home/wwwroot/works.songqiphp.xin/application/admin/controller/Login.php ]
[ info ] [ SESSION ] INIT array (
  'id' => '',
  'var_session_id' => '',
  'prefix' => 'think',
  'type' => '',
  'auto_start' => true,
)
[ info ] [ VIEW ] /home/wwwroot/works.songqiphp.xin/public/../application/admin/view/login/login-index.html [ array (
) ]
[ info ] [ LOG ] INIT File

---------------------------------------------------------------
[ 2018-06-03T16:54:09+08:00 ] 172.18.115.88 180.163.28.123 GET /admin/index/welcome.html
[ log ] works.songqiphp.xin/admin/index/welcome.html [运行时间：0.018827s][吞吐率：53.12req/s] [内存消耗：1,402.33kb] [文件加载：48]
[ info ] [ LANG ] /home/wwwroot/works.songqiphp.xin/thinkphp/lang/zh-cn.php
[ info ] [ ROUTE ] array (
  'type' => 'module',
  'module' => 
  array (
    0 => 'admin',
    1 => 'index',
    2 => 'welcome',
  ),
)
[ info ] [ HEADER ] array (
  'host' => 'works.songqiphp.xin',
  'user-agent' => 'Mozilla/5.0 (Macintosh; Intel Mac OS X 10_12_4) AppleWebKit/537.36 (KHTML, like Gecko) 			Chrome/55.0.2883.95 Safari/537.36',
  'accept' => '*/*',
  'referer' => 'http://works.songqiphp.xin/admin/index/index.html',
  'accept-language' => 'zh-CN,zh;q=0.8,en-US;q=0.6,en;q=0.4',
)
[ info ] [ PARAM ] array (
)
[ info ] [ SESSION ] INIT array (
  'id' => '',
  'var_session_id' => '',
  'prefix' => 'think',
  'type' => '',
  'auto_start' => true,
)
[ info ] [ LOG ] INIT File

---------------------------------------------------------------
[ 2018-06-03T16:54:59+08:00 ] 172.18.115.88 27.38.20.207 GET /
[ log ] works.songqiphp.xin/ [运行时间：0.015177s][吞吐率：65.89req/s] [内存消耗：1,137.98kb] [文件加载：38]
[ info ] [ LANG ] /home/wwwroot/works.songqiphp.xin/thinkphp/lang/zh-cn.php
[ info ] [ ROUTE ] array (
  'type' => 'module',
  'module' => 
  array (
    0 => '',
    1 => NULL,
    2 => NULL,
  ),
)
[ info ] [ HEADER ] array (
  'host' => 'works.songqiphp.xin',
  'connection' => 'keep-alive',
  'upgrade-insecure-requests' => '1',
  'user-agent' => 'Mozilla/5.0 (Windows NT 10.0; WOW64) AppleWebKit/537.36 (KHTML, like Gecko) Chrome/66.0.3359.181 Safari/537.36',
  'accept' => 'text/html,application/xhtml+xml,application/xml;q=0.9,image/webp,image/apng,*/*;q=0.8',
  'accept-encoding' => 'gzip, deflate',
  'accept-language' => 'zh-CN,zh;q=0.9',
  'cookie' => 'pgv_pvi=5646560256; cu=admin; CSDFDSA=e12UqnFFiySYU; PHPSESSID=qkcr0mp68c1oho1q76rbvm4sp1',
)
[ info ] [ PARAM ] array (
)
[ info ] [ RUN ] app\index\controller\Index->index[ /home/wwwroot/works.songqiphp.xin/application/index/controller/Index.php ]
[ info ] [ LOG ] INIT File

---------------------------------------------------------------
