[ 2018-05-26T07:54:44+08:00 ] 172.18.115.88 101.199.120.145 GET /
[ log ] works.songqiphp.xin/ [运行时间：0.014407s][吞吐率：69.41req/s] [内存消耗：1,127.70kb] [文件加载：38]
[ info ] [ LANG ] /home/wwwroot/works.songqiphp.xin/thinkphp/lang/zh-cn.php
[ info ] [ ROUTE ] array (
  'type' => 'module',
  'module' => 
  array (
    0 => '',
    1 => NULL,
    2 => NULL,
  ),
)
[ info ] [ HEADER ] array (
  'host' => 'works.songqiphp.xin',
  'connection' => 'keep-alive',
  'upgrade-insecure-requests' => '1',
  'user-agent' => 'Mozilla/5.0 (X11; Linux x86_64) AppleWebKit/537.36 (KHTML, like Gecko) HeadlessChrome/64.0.3282.119 Safari/537.36',
  'accept' => 'text/html,application/xhtml+xml,application/xml;q=0.9,image/webp,image/apng,*/*;q=0.8',
  'accept-encoding' => 'gzip, deflate',
)
[ info ] [ PARAM ] array (
)
[ info ] [ RUN ] app\index\controller\Index->index[ /home/wwwroot/works.songqiphp.xin/application/index/controller/Index.php ]
[ info ] [ LOG ] INIT File

---------------------------------------------------------------
[ 2018-05-26T08:38:50+08:00 ] 172.18.115.88 182.118.20.143 GET /
[ log ] works.songqiphp.xin/ [运行时间：0.015734s][吞吐率：63.56req/s] [内存消耗：1,127.84kb] [文件加载：38]
[ info ] [ LANG ] /home/wwwroot/works.songqiphp.xin/thinkphp/lang/zh-cn.php
[ info ] [ ROUTE ] array (
  'type' => 'module',
  'module' => 
  array (
    0 => '',
    1 => NULL,
    2 => NULL,
  ),
)
[ info ] [ HEADER ] array (
  'accept-encoding' => 'identity',
  'referer' => 'http://works.songqiphp.xin/',
  'host' => 'works.songqiphp.xin',
  'accept-language' => 'zh-CN,zh;q=0.8',
  'user-agent' => 'Mozilla/4.0 (compatible; MSIE 8.0; Windows NT 6.1; Trident/4.0; SLCC2; .NET CLR 2.0.50727; .NET CLR 3.5.30729; .NET CLR 3.0.30729; Media Center PC 6.0; Tablet PC 2.0)',
  'x-forwarded-for' => 'unknown',
  'cache-control' => 'max-age=259200',
  'connection' => 'keep-alive',
)
[ info ] [ PARAM ] array (
)
[ info ] [ RUN ] app\index\controller\Index->index[ /home/wwwroot/works.songqiphp.xin/application/index/controller/Index.php ]
[ info ] [ LOG ] INIT File

---------------------------------------------------------------
[ 2018-05-26T08:39:14+08:00 ] 172.18.115.88 101.199.108.120 GET /
[ log ] works.songqiphp.xin/ [运行时间：0.017150s][吞吐率：58.31req/s] [内存消耗：1,127.83kb] [文件加载：38]
[ info ] [ LANG ] /home/wwwroot/works.songqiphp.xin/thinkphp/lang/zh-cn.php
[ info ] [ ROUTE ] array (
  'type' => 'module',
  'module' => 
  array (
    0 => '',
    1 => NULL,
    2 => NULL,
  ),
)
[ info ] [ HEADER ] array (
  'host' => 'works.songqiphp.xin',
  'connection' => 'keep-alive',
  'accept-language' => 'zh-CN,zh;q=0.8',
  'user-agent' => 'Mozilla/5.0 (Linux; U; Android 5.0.2; zh-CN; Redmi Note 3 Build/LRX22G) AppleWebKit/537.36 (KHTML, like Gecko) Version/4.0 OPR/11.2.3.102637 Mobile Safari/537.36',
  'accept' => 'text/html,application/xhtml+xml,application/xml;q=0.9,*/*;q=0.8',
  'accept-encoding' => 'gzip,deflate',
  'accept-charset' => 'iso-8859-1,*,utf-8',
)
[ info ] [ PARAM ] array (
)
[ info ] [ RUN ] app\index\controller\Index->index[ /home/wwwroot/works.songqiphp.xin/application/index/controller/Index.php ]
[ info ] [ LOG ] INIT File

---------------------------------------------------------------
[ 2018-05-26T08:58:47+08:00 ] 172.18.115.88 106.11.225.135 GET /
[ log ] works.songqiphp.xin/ [运行时间：0.014571s][吞吐率：68.63req/s] [内存消耗：1,127.71kb] [文件加载：38]
[ info ] [ LANG ] /home/wwwroot/works.songqiphp.xin/thinkphp/lang/zh-cn.php
[ info ] [ ROUTE ] array (
  'type' => 'module',
  'module' => 
  array (
    0 => '',
    1 => NULL,
    2 => NULL,
  ),
)
[ info ] [ HEADER ] array (
  'accept-encoding' => 'gzip',
  'user-agent' => 'Mozilla/5.0 (iPad; CPU OS 9_1 like Mac OS X) AppleWebKit/601.1.46 (KHTML, like Gecko) Version/9.0 Mobile/13B143 Safari/601.1',
  'cache-control' => 'no-cache',
  'pragma' => 'no-cache',
  'host' => 'works.songqiphp.xin',
  'accept' => 'text/html, image/gif, image/jpeg, *; q=.2, */*; q=.2',
  'connection' => 'keep-alive',
)
[ info ] [ PARAM ] array (
)
[ info ] [ RUN ] app\index\controller\Index->index[ /home/wwwroot/works.songqiphp.xin/application/index/controller/Index.php ]
[ info ] [ LOG ] INIT File

---------------------------------------------------------------
[ 2018-05-26T10:06:18+08:00 ] 172.18.115.88 106.14.215.243 GET /
[ log ] works.songqiphp.xin/ [运行时间：0.030369s][吞吐率：32.93req/s] [内存消耗：1,127.35kb] [文件加载：38]
[ info ] [ LANG ] /home/wwwroot/works.songqiphp.xin/thinkphp/lang/zh-cn.php
[ info ] [ ROUTE ] array (
  'type' => 'module',
  'module' => 
  array (
    0 => '',
    1 => NULL,
    2 => NULL,
  ),
)
[ info ] [ HEADER ] array (
  'user-agent' => 'Mozilla/5.0 (X11; Ubuntu; Linux x86_64; rv:36.0) Gecko/20100101 Firefox/36.0',
  'host' => 'works.songqiphp.xin',
  'accept' => 'text/html, image/gif, image/jpeg, *; q=.2, */*; q=.2',
  'connection' => 'keep-alive',
)
[ info ] [ PARAM ] array (
)
[ info ] [ RUN ] app\index\controller\Index->index[ /home/wwwroot/works.songqiphp.xin/application/index/controller/Index.php ]
[ info ] [ LOG ] INIT File

---------------------------------------------------------------
[ 2018-05-26T10:06:18+08:00 ] 172.18.115.88 106.14.215.243 GET /admin
[ log ] works.songqiphp.xin/admin [运行时间：0.030638s][吞吐率：32.64req/s] [内存消耗：1,404.78kb] [文件加载：47]
[ info ] [ LANG ] /home/wwwroot/works.songqiphp.xin/thinkphp/lang/zh-cn.php
[ info ] [ ROUTE ] array (
  'type' => 'module',
  'module' => 
  array (
    0 => 'admin',
    1 => NULL,
    2 => NULL,
  ),
)
[ info ] [ HEADER ] array (
  'user-agent' => 'Mozilla/5.0 (X11; Ubuntu; Linux x86_64; rv:36.0) Gecko/20100101 Firefox/36.0',
  'host' => 'works.songqiphp.xin',
  'accept' => 'text/html, image/gif, image/jpeg, *; q=.2, */*; q=.2',
  'connection' => 'keep-alive',
)
[ info ] [ PARAM ] array (
)
[ info ] [ RUN ] app\admin\controller\Index->index[ /home/wwwroot/works.songqiphp.xin/application/admin/controller/Index.php ]
[ info ] [ VIEW ] /home/wwwroot/works.songqiphp.xin/public/../application/admin/view/index/index.html [ array (
) ]
[ info ] [ LOG ] INIT File

---------------------------------------------------------------
[ 2018-05-26T12:32:43+08:00 ] 172.18.115.88 101.132.177.14 GET /
[ log ] works.songqiphp.xin/ [运行时间：0.014227s][吞吐率：70.29req/s] [内存消耗：1,127.35kb] [文件加载：38]
[ info ] [ LANG ] /home/wwwroot/works.songqiphp.xin/thinkphp/lang/zh-cn.php
[ info ] [ ROUTE ] array (
  'type' => 'module',
  'module' => 
  array (
    0 => '',
    1 => NULL,
    2 => NULL,
  ),
)
[ info ] [ HEADER ] array (
  'user-agent' => 'Mozilla/5.0 (X11; Ubuntu; Linux x86_64; rv:36.0) Gecko/20100101 Firefox/36.0',
  'host' => 'works.songqiphp.xin',
  'accept' => 'text/html, image/gif, image/jpeg, *; q=.2, */*; q=.2',
  'connection' => 'keep-alive',
)
[ info ] [ PARAM ] array (
)
[ info ] [ RUN ] app\index\controller\Index->index[ /home/wwwroot/works.songqiphp.xin/application/index/controller/Index.php ]
[ info ] [ LOG ] INIT File

---------------------------------------------------------------
