[ 2018-05-27T09:10:27+08:00 ] 172.18.115.88 106.11.242.101 GET /
[ log ] works.songqiphp.xin/ [运行时间：0.015749s][吞吐率：63.50req/s] [内存消耗：1,127.70kb] [文件加载：38]
[ info ] [ LANG ] /home/wwwroot/works.songqiphp.xin/thinkphp/lang/zh-cn.php
[ info ] [ ROUTE ] array (
  'type' => 'module',
  'module' => 
  array (
    0 => '',
    1 => NULL,
    2 => NULL,
  ),
)
[ info ] [ HEADER ] array (
  'accept-encoding' => 'gzip',
  'user-agent' => 'Mozilla/5.0 (iPad; CPU OS 9_1 like Mac OS X) AppleWebKit/601.1.46 (KHTML, like Gecko) Version/9.0 Mobile/13B143 Safari/601.1',
  'cache-control' => 'no-cache',
  'pragma' => 'no-cache',
  'host' => 'works.songqiphp.xin',
  'accept' => 'text/html, image/gif, image/jpeg, *; q=.2, */*; q=.2',
  'connection' => 'keep-alive',
)
[ info ] [ PARAM ] array (
)
[ info ] [ RUN ] app\index\controller\Index->index[ /home/wwwroot/works.songqiphp.xin/application/index/controller/Index.php ]
[ info ] [ LOG ] INIT File

---------------------------------------------------------------
[ 2018-05-27T11:59:19+08:00 ] 172.18.115.88 106.14.189.11 GET /
[ log ] works.songqiphp.xin/ [运行时间：0.014360s][吞吐率：69.64req/s] [内存消耗：1,127.35kb] [文件加载：38]
[ info ] [ LANG ] /home/wwwroot/works.songqiphp.xin/thinkphp/lang/zh-cn.php
[ info ] [ ROUTE ] array (
  'type' => 'module',
  'module' => 
  array (
    0 => '',
    1 => NULL,
    2 => NULL,
  ),
)
[ info ] [ HEADER ] array (
  'user-agent' => 'Mozilla/5.0 (X11; Ubuntu; Linux x86_64; rv:36.0) Gecko/20100101 Firefox/36.0',
  'host' => 'works.songqiphp.xin',
  'accept' => 'text/html, image/gif, image/jpeg, *; q=.2, */*; q=.2',
  'connection' => 'keep-alive',
)
[ info ] [ PARAM ] array (
)
[ info ] [ RUN ] app\index\controller\Index->index[ /home/wwwroot/works.songqiphp.xin/application/index/controller/Index.php ]
[ info ] [ LOG ] INIT File

---------------------------------------------------------------
