[ 2018-05-28T09:25:12+08:00 ] 172.18.115.88 106.11.225.168 GET /
[ log ] works.songqiphp.xin/ [运行时间：0.014657s][吞吐率：68.23req/s] [内存消耗：1,127.70kb] [文件加载：38]
[ info ] [ LANG ] /home/wwwroot/works.songqiphp.xin/thinkphp/lang/zh-cn.php
[ info ] [ ROUTE ] array (
  'type' => 'module',
  'module' => 
  array (
    0 => '',
    1 => NULL,
    2 => NULL,
  ),
)
[ info ] [ HEADER ] array (
  'accept-encoding' => 'gzip',
  'user-agent' => 'Mozilla/5.0 (iPad; CPU OS 9_1 like Mac OS X) AppleWebKit/601.1.46 (KHTML, like Gecko) Version/9.0 Mobile/13B143 Safari/601.1',
  'cache-control' => 'no-cache',
  'pragma' => 'no-cache',
  'host' => 'works.songqiphp.xin',
  'accept' => 'text/html, image/gif, image/jpeg, *; q=.2, */*; q=.2',
  'connection' => 'keep-alive',
)
[ info ] [ PARAM ] array (
)
[ info ] [ RUN ] app\index\controller\Index->index[ /home/wwwroot/works.songqiphp.xin/application/index/controller/Index.php ]
[ info ] [ LOG ] INIT File

---------------------------------------------------------------
[ 2018-05-28T10:10:11+08:00 ] 172.18.115.88 183.14.133.34 GET /
[ log ] works.songqiphp.xin/ [运行时间：0.014435s][吞吐率：69.28req/s] [内存消耗：1,127.86kb] [文件加载：38]
[ info ] [ LANG ] /home/wwwroot/works.songqiphp.xin/thinkphp/lang/zh-cn.php
[ info ] [ ROUTE ] array (
  'type' => 'module',
  'module' => 
  array (
    0 => '',
    1 => NULL,
    2 => NULL,
  ),
)
[ info ] [ HEADER ] array (
  'host' => 'works.songqiphp.xin',
  'connection' => 'keep-alive',
  'upgrade-insecure-requests' => '1',
  'user-agent' => 'Mozilla/5.0 (Windows NT 6.1; WOW64) AppleWebKit/537.36 (KHTML, like Gecko) Chrome/66.0.3359.181 Safari/537.36',
  'accept' => 'text/html,application/xhtml+xml,application/xml;q=0.9,image/webp,image/apng,*/*;q=0.8',
  'accept-encoding' => 'gzip, deflate',
  'accept-language' => 'zh-CN,zh;q=0.9',
  'cookie' => 'pgv_pvi=3034087424',
)
[ info ] [ PARAM ] array (
)
[ info ] [ RUN ] app\index\controller\Index->index[ /home/wwwroot/works.songqiphp.xin/application/index/controller/Index.php ]
[ info ] [ LOG ] INIT File

---------------------------------------------------------------
[ 2018-05-28T10:10:17+08:00 ] 172.18.115.88 183.14.133.34 GET /admin
[ log ] works.songqiphp.xin/admin [运行时间：0.019109s][吞吐率：52.33req/s] [内存消耗：1,405.29kb] [文件加载：47]
[ info ] [ LANG ] /home/wwwroot/works.songqiphp.xin/thinkphp/lang/zh-cn.php
[ info ] [ ROUTE ] array (
  'type' => 'module',
  'module' => 
  array (
    0 => 'admin',
    1 => NULL,
    2 => NULL,
  ),
)
[ info ] [ HEADER ] array (
  'host' => 'works.songqiphp.xin',
  'connection' => 'keep-alive',
  'upgrade-insecure-requests' => '1',
  'user-agent' => 'Mozilla/5.0 (Windows NT 6.1; WOW64) AppleWebKit/537.36 (KHTML, like Gecko) Chrome/66.0.3359.181 Safari/537.36',
  'accept' => 'text/html,application/xhtml+xml,application/xml;q=0.9,image/webp,image/apng,*/*;q=0.8',
  'accept-encoding' => 'gzip, deflate',
  'accept-language' => 'zh-CN,zh;q=0.9',
  'cookie' => 'pgv_pvi=3034087424',
)
[ info ] [ PARAM ] array (
)
[ info ] [ RUN ] app\admin\controller\Index->index[ /home/wwwroot/works.songqiphp.xin/application/admin/controller/Index.php ]
[ info ] [ VIEW ] /home/wwwroot/works.songqiphp.xin/public/../application/admin/view/index/index.html [ array (
) ]
[ info ] [ LOG ] INIT File

---------------------------------------------------------------
[ 2018-05-28T10:10:18+08:00 ] 172.18.115.88 183.14.133.34 GET /admin/index/welcome.html
[ log ] works.songqiphp.xin/admin/index/welcome.html [运行时间：0.198427s][吞吐率：5.04req/s] [内存消耗：1,523.62kb] [文件加载：50]
[ info ] [ LANG ] /home/wwwroot/works.songqiphp.xin/thinkphp/lang/zh-cn.php
[ info ] [ ROUTE ] array (
  'type' => 'module',
  'module' => 
  array (
    0 => 'admin',
    1 => 'index',
    2 => 'welcome',
  ),
)
[ info ] [ HEADER ] array (
  'host' => 'works.songqiphp.xin',
  'connection' => 'keep-alive',
  'upgrade-insecure-requests' => '1',
  'user-agent' => 'Mozilla/5.0 (Windows NT 6.1; WOW64) AppleWebKit/537.36 (KHTML, like Gecko) Chrome/66.0.3359.181 Safari/537.36',
  'accept' => 'text/html,application/xhtml+xml,application/xml;q=0.9,image/webp,image/apng,*/*;q=0.8',
  'referer' => 'http://works.songqiphp.xin/admin',
  'accept-encoding' => 'gzip, deflate',
  'accept-language' => 'zh-CN,zh;q=0.9',
  'cookie' => 'pgv_pvi=3034087424',
)
[ info ] [ PARAM ] array (
)
[ info ] [ RUN ] app\admin\controller\Index->welcome[ /home/wwwroot/works.songqiphp.xin/application/admin/controller/Index.php ]
[ info ] [ DB ] INIT mysql
[ info ] [ VIEW ] /home/wwwroot/works.songqiphp.xin/public/../application/admin/view/index/welcome.html [ array (
  0 => 'sys_info',
) ]
[ info ] [ LOG ] INIT File
[ sql ] [ DB ] CONNECT:[ UseTime:0.000276s ] mysql:dbname=thinkphp;host=127.0.0.1;port=3306;charset=utf8
[ sql ] [ SQL ] SELECT VERSION() as version [ RunTime:0.000179s ]

---------------------------------------------------------------
[ 2018-05-28T10:10:21+08:00 ] 172.18.115.88 183.14.133.34 GET /admin/menu/index.html
[ log ] works.songqiphp.xin/admin/menu/index.html [运行时间：0.030789s][吞吐率：32.48req/s] [内存消耗：2,174.98kb] [文件加载：56]
[ info ] [ LANG ] /home/wwwroot/works.songqiphp.xin/thinkphp/lang/zh-cn.php
[ info ] [ ROUTE ] array (
  'type' => 'module',
  'module' => 
  array (
    0 => 'admin',
    1 => 'menu',
    2 => 'index',
  ),
)
[ info ] [ HEADER ] array (
  'host' => 'works.songqiphp.xin',
  'connection' => 'keep-alive',
  'upgrade-insecure-requests' => '1',
  'user-agent' => 'Mozilla/5.0 (Windows NT 6.1; WOW64) AppleWebKit/537.36 (KHTML, like Gecko) Chrome/66.0.3359.181 Safari/537.36',
  'accept' => 'text/html,application/xhtml+xml,application/xml;q=0.9,image/webp,image/apng,*/*;q=0.8',
  'referer' => 'http://works.songqiphp.xin/admin',
  'accept-encoding' => 'gzip, deflate',
  'accept-language' => 'zh-CN,zh;q=0.9',
  'cookie' => 'pgv_pvi=3034087424',
)
[ info ] [ PARAM ] array (
)
[ info ] [ DB ] INIT mysql
[ info ] [ RUN ] app\admin\controller\Menu->index[ /home/wwwroot/works.songqiphp.xin/application/admin/controller/Menu.php ]
[ info ] [ VIEW ] /home/wwwroot/works.songqiphp.xin/public/../application/admin/view/menu/menu-index.html [ array (
  0 => 'menuInfo',
) ]
[ info ] [ LOG ] INIT File
[ sql ] [ DB ] CONNECT:[ UseTime:0.000314s ] mysql:dbname=thinkphp;host=127.0.0.1;port=3306;charset=utf8
[ sql ] [ SQL ] SHOW COLUMNS FROM `admin_menu` [ RunTime:0.000650s ]
[ sql ] [ SQL ] SELECT * FROM `admin_menu` WHERE  `parent_id` = 0 ORDER BY sort asc [ RunTime:0.000329s ]
[ sql ] [ SQL ] SELECT * FROM `admin_menu` WHERE  `parent_id` = 1 ORDER BY sort asc [ RunTime:0.000162s ]
[ sql ] [ SQL ] SELECT * FROM `admin_menu` WHERE  `parent_id` = 4 ORDER BY sort asc [ RunTime:0.000161s ]
[ sql ] [ SQL ] SELECT * FROM `admin_menu` WHERE  `parent_id` = 5 ORDER BY sort asc [ RunTime:0.000145s ]
[ sql ] [ SQL ] SELECT * FROM `admin_menu` WHERE  `parent_id` = 7 ORDER BY sort asc [ RunTime:0.000146s ]
[ sql ] [ SQL ] SELECT * FROM `admin_menu` WHERE  `parent_id` = 8 ORDER BY sort asc [ RunTime:0.000186s ]
[ sql ] [ SQL ] SELECT * FROM `admin_menu` WHERE  `parent_id` = 10 ORDER BY sort asc [ RunTime:0.000158s ]
[ sql ] [ SQL ] SELECT * FROM `admin_menu` WHERE  `parent_id` = 11 ORDER BY sort asc [ RunTime:0.000167s ]

---------------------------------------------------------------
[ 2018-05-28T10:10:25+08:00 ] 172.18.115.88 183.14.133.34 GET /admin/menu/addandupdate.html
[ log ] works.songqiphp.xin/admin/menu/addandupdate.html [运行时间：0.029385s][吞吐率：34.03req/s] [内存消耗：2,175.70kb] [文件加载：56]
[ info ] [ LANG ] /home/wwwroot/works.songqiphp.xin/thinkphp/lang/zh-cn.php
[ info ] [ ROUTE ] array (
  'type' => 'module',
  'module' => 
  array (
    0 => 'admin',
    1 => 'menu',
    2 => 'addandupdate',
  ),
)
[ info ] [ HEADER ] array (
  'host' => 'works.songqiphp.xin',
  'connection' => 'keep-alive',
  'upgrade-insecure-requests' => '1',
  'user-agent' => 'Mozilla/5.0 (Windows NT 6.1; WOW64) AppleWebKit/537.36 (KHTML, like Gecko) Chrome/66.0.3359.181 Safari/537.36',
  'accept' => 'text/html,application/xhtml+xml,application/xml;q=0.9,image/webp,image/apng,*/*;q=0.8',
  'referer' => 'http://works.songqiphp.xin/admin/menu/index.html',
  'accept-encoding' => 'gzip, deflate',
  'accept-language' => 'zh-CN,zh;q=0.9',
  'cookie' => 'pgv_pvi=3034087424',
)
[ info ] [ PARAM ] array (
)
[ info ] [ DB ] INIT mysql
[ info ] [ RUN ] app\admin\controller\Menu->addAndUpdate[ /home/wwwroot/works.songqiphp.xin/application/admin/controller/Menu.php ]
[ info ] [ VIEW ] /home/wwwroot/works.songqiphp.xin/public/../application/admin/view/menu/menu-add.html [ array (
  0 => 'menuInfo',
) ]
[ info ] [ LOG ] INIT File
[ sql ] [ DB ] CONNECT:[ UseTime:0.000307s ] mysql:dbname=thinkphp;host=127.0.0.1;port=3306;charset=utf8
[ sql ] [ SQL ] SHOW COLUMNS FROM `admin_menu` [ RunTime:0.000618s ]
[ sql ] [ SQL ] SELECT * FROM `admin_menu` WHERE  `parent_id` = 0 ORDER BY sort asc [ RunTime:0.000179s ]
[ sql ] [ SQL ] SELECT * FROM `admin_menu` WHERE  `parent_id` = 1 ORDER BY sort asc [ RunTime:0.000056s ]
[ sql ] [ SQL ] SELECT * FROM `admin_menu` WHERE  `parent_id` = 4 ORDER BY sort asc [ RunTime:0.000053s ]
[ sql ] [ SQL ] SELECT * FROM `admin_menu` WHERE  `parent_id` = 5 ORDER BY sort asc [ RunTime:0.000063s ]
[ sql ] [ SQL ] SELECT * FROM `admin_menu` WHERE  `parent_id` = 7 ORDER BY sort asc [ RunTime:0.000053s ]
[ sql ] [ SQL ] SELECT * FROM `admin_menu` WHERE  `parent_id` = 8 ORDER BY sort asc [ RunTime:0.000056s ]
[ sql ] [ SQL ] SELECT * FROM `admin_menu` WHERE  `parent_id` = 10 ORDER BY sort asc [ RunTime:0.000053s ]
[ sql ] [ SQL ] SELECT * FROM `admin_menu` WHERE  `parent_id` = 11 ORDER BY sort asc [ RunTime:0.000055s ]

---------------------------------------------------------------
[ 2018-05-28T10:11:42+08:00 ] 172.18.115.88 183.14.133.34 GET /admin
[ log ] works.songqiphp.xin/admin [运行时间：0.023691s][吞吐率：42.21req/s] [内存消耗：1,521.73kb] [文件加载：49]
[ info ] [ LANG ] /home/wwwroot/works.songqiphp.xin/thinkphp/lang/zh-cn.php
[ info ] [ ROUTE ] array (
  'type' => 'module',
  'module' => 
  array (
    0 => 'admin',
    1 => NULL,
    2 => NULL,
  ),
)
[ info ] [ HEADER ] array (
  'host' => 'works.songqiphp.xin',
  'connection' => 'keep-alive',
  'cache-control' => 'max-age=0',
  'upgrade-insecure-requests' => '1',
  'user-agent' => 'Mozilla/5.0 (Windows NT 6.1; WOW64) AppleWebKit/537.36 (KHTML, like Gecko) Chrome/66.0.3359.181 Safari/537.36',
  'accept' => 'text/html,application/xhtml+xml,application/xml;q=0.9,image/webp,image/apng,*/*;q=0.8',
  'accept-encoding' => 'gzip, deflate',
  'accept-language' => 'zh-CN,zh;q=0.9',
  'cookie' => 'pgv_pvi=3034087424',
)
[ info ] [ PARAM ] array (
)
[ info ] [ RUN ] app\admin\controller\Index->index[ /home/wwwroot/works.songqiphp.xin/application/admin/controller/Index.php ]
[ info ] [ VIEW ] /home/wwwroot/works.songqiphp.xin/public/../application/admin/view/index/index.html [ array (
) ]
[ info ] [ LOG ] INIT File

---------------------------------------------------------------
[ 2018-05-28T10:11:43+08:00 ] 172.18.115.88 183.14.133.34 GET /admin/index/welcome.html
[ log ] works.songqiphp.xin/admin/index/welcome.html [运行时间：0.266121s][吞吐率：3.76req/s] [内存消耗：1,523.62kb] [文件加载：50]
[ info ] [ LANG ] /home/wwwroot/works.songqiphp.xin/thinkphp/lang/zh-cn.php
[ info ] [ ROUTE ] array (
  'type' => 'module',
  'module' => 
  array (
    0 => 'admin',
    1 => 'index',
    2 => 'welcome',
  ),
)
[ info ] [ HEADER ] array (
  'host' => 'works.songqiphp.xin',
  'connection' => 'keep-alive',
  'upgrade-insecure-requests' => '1',
  'user-agent' => 'Mozilla/5.0 (Windows NT 6.1; WOW64) AppleWebKit/537.36 (KHTML, like Gecko) Chrome/66.0.3359.181 Safari/537.36',
  'accept' => 'text/html,application/xhtml+xml,application/xml;q=0.9,image/webp,image/apng,*/*;q=0.8',
  'referer' => 'http://works.songqiphp.xin/admin',
  'accept-encoding' => 'gzip, deflate',
  'accept-language' => 'zh-CN,zh;q=0.9',
  'cookie' => 'pgv_pvi=3034087424',
)
[ info ] [ PARAM ] array (
)
[ info ] [ RUN ] app\admin\controller\Index->welcome[ /home/wwwroot/works.songqiphp.xin/application/admin/controller/Index.php ]
[ info ] [ DB ] INIT mysql
[ info ] [ VIEW ] /home/wwwroot/works.songqiphp.xin/public/../application/admin/view/index/welcome.html [ array (
  0 => 'sys_info',
) ]
[ info ] [ LOG ] INIT File
[ sql ] [ DB ] CONNECT:[ UseTime:0.000401s ] mysql:dbname=thinkphp;host=127.0.0.1;port=3306;charset=utf8
[ sql ] [ SQL ] SELECT VERSION() as version [ RunTime:0.000216s ]

---------------------------------------------------------------
[ 2018-05-28T10:12:40+08:00 ] 172.18.115.88 183.14.133.34 GET /admin/menu/index.html
[ log ] works.songqiphp.xin/admin/menu/index.html [运行时间：0.029605s][吞吐率：33.78req/s] [内存消耗：2,174.98kb] [文件加载：56]
[ info ] [ LANG ] /home/wwwroot/works.songqiphp.xin/thinkphp/lang/zh-cn.php
[ info ] [ ROUTE ] array (
  'type' => 'module',
  'module' => 
  array (
    0 => 'admin',
    1 => 'menu',
    2 => 'index',
  ),
)
[ info ] [ HEADER ] array (
  'host' => 'works.songqiphp.xin',
  'connection' => 'keep-alive',
  'upgrade-insecure-requests' => '1',
  'user-agent' => 'Mozilla/5.0 (Windows NT 6.1; WOW64) AppleWebKit/537.36 (KHTML, like Gecko) Chrome/66.0.3359.181 Safari/537.36',
  'accept' => 'text/html,application/xhtml+xml,application/xml;q=0.9,image/webp,image/apng,*/*;q=0.8',
  'referer' => 'http://works.songqiphp.xin/admin',
  'accept-encoding' => 'gzip, deflate',
  'accept-language' => 'zh-CN,zh;q=0.9',
  'cookie' => 'pgv_pvi=3034087424',
)
[ info ] [ PARAM ] array (
)
[ info ] [ DB ] INIT mysql
[ info ] [ RUN ] app\admin\controller\Menu->index[ /home/wwwroot/works.songqiphp.xin/application/admin/controller/Menu.php ]
[ info ] [ VIEW ] /home/wwwroot/works.songqiphp.xin/public/../application/admin/view/menu/menu-index.html [ array (
  0 => 'menuInfo',
) ]
[ info ] [ LOG ] INIT File
[ sql ] [ DB ] CONNECT:[ UseTime:0.000278s ] mysql:dbname=thinkphp;host=127.0.0.1;port=3306;charset=utf8
[ sql ] [ SQL ] SHOW COLUMNS FROM `admin_menu` [ RunTime:0.000611s ]
[ sql ] [ SQL ] SELECT * FROM `admin_menu` WHERE  `parent_id` = 0 ORDER BY sort asc [ RunTime:0.000195s ]
[ sql ] [ SQL ] SELECT * FROM `admin_menu` WHERE  `parent_id` = 1 ORDER BY sort asc [ RunTime:0.000068s ]
[ sql ] [ SQL ] SELECT * FROM `admin_menu` WHERE  `parent_id` = 4 ORDER BY sort asc [ RunTime:0.000055s ]
[ sql ] [ SQL ] SELECT * FROM `admin_menu` WHERE  `parent_id` = 5 ORDER BY sort asc [ RunTime:0.000056s ]
[ sql ] [ SQL ] SELECT * FROM `admin_menu` WHERE  `parent_id` = 7 ORDER BY sort asc [ RunTime:0.000053s ]
[ sql ] [ SQL ] SELECT * FROM `admin_menu` WHERE  `parent_id` = 8 ORDER BY sort asc [ RunTime:0.000052s ]
[ sql ] [ SQL ] SELECT * FROM `admin_menu` WHERE  `parent_id` = 10 ORDER BY sort asc [ RunTime:0.000051s ]
[ sql ] [ SQL ] SELECT * FROM `admin_menu` WHERE  `parent_id` = 11 ORDER BY sort asc [ RunTime:0.000054s ]

---------------------------------------------------------------
[ 2018-05-28T10:16:57+08:00 ] 172.18.115.88 183.14.133.34 GET /admin/menu/index.html
[ log ] works.songqiphp.xin/admin/menu/index.html [运行时间：0.029316s][吞吐率：34.11req/s] [内存消耗：2,170.02kb] [文件加载：56]
[ info ] [ LANG ] /home/wwwroot/works.songqiphp.xin/thinkphp/lang/zh-cn.php
[ info ] [ ROUTE ] array (
  'type' => 'module',
  'module' => 
  array (
    0 => 'admin',
    1 => 'menu',
    2 => 'index',
  ),
)
[ info ] [ HEADER ] array (
  'host' => 'works.songqiphp.xin',
  'connection' => 'keep-alive',
  'upgrade-insecure-requests' => '1',
  'user-agent' => 'Mozilla/5.0 (Windows NT 6.1; WOW64) AppleWebKit/537.36 (KHTML, like Gecko) Chrome/66.0.3359.181 Safari/537.36',
  'accept' => 'text/html,application/xhtml+xml,application/xml;q=0.9,image/webp,image/apng,*/*;q=0.8',
  'referer' => 'http://works.songqiphp.xin/admin',
  'accept-encoding' => 'gzip, deflate',
  'accept-language' => 'zh-CN,zh;q=0.9',
  'cookie' => 'pgv_pvi=3034087424',
)
[ info ] [ PARAM ] array (
)
[ info ] [ DB ] INIT mysql
[ info ] [ RUN ] app\admin\controller\Menu->index[ /home/wwwroot/works.songqiphp.xin/application/admin/controller/Menu.php ]
[ info ] [ VIEW ] /home/wwwroot/works.songqiphp.xin/public/../application/admin/view/menu/menu-index.html [ array (
  0 => 'menuInfo',
) ]
[ info ] [ LOG ] INIT File
[ sql ] [ DB ] CONNECT:[ UseTime:0.000301s ] mysql:dbname=thinkphp;host=127.0.0.1;port=3306;charset=utf8
[ sql ] [ SQL ] SHOW COLUMNS FROM `admin_menu` [ RunTime:0.000611s ]
[ sql ] [ SQL ] SELECT * FROM `admin_menu` WHERE  `parent_id` = 0 ORDER BY sort asc [ RunTime:0.000298s ]
[ sql ] [ SQL ] SELECT * FROM `admin_menu` WHERE  `parent_id` = 1 ORDER BY sort asc [ RunTime:0.000153s ]
[ sql ] [ SQL ] SELECT * FROM `admin_menu` WHERE  `parent_id` = 2 ORDER BY sort asc [ RunTime:0.000144s ]

---------------------------------------------------------------
[ 2018-05-28T10:45:43+08:00 ] 172.18.115.88 183.14.133.34 GET /admin/menu/addandupdate.html
[ log ] works.songqiphp.xin/admin/menu/addandupdate.html [运行时间：0.029209s][吞吐率：34.24req/s] [内存消耗：2,170.73kb] [文件加载：56]
[ info ] [ LANG ] /home/wwwroot/works.songqiphp.xin/thinkphp/lang/zh-cn.php
[ info ] [ ROUTE ] array (
  'type' => 'module',
  'module' => 
  array (
    0 => 'admin',
    1 => 'menu',
    2 => 'addandupdate',
  ),
)
[ info ] [ HEADER ] array (
  'host' => 'works.songqiphp.xin',
  'connection' => 'keep-alive',
  'upgrade-insecure-requests' => '1',
  'user-agent' => 'Mozilla/5.0 (Windows NT 6.1; WOW64) AppleWebKit/537.36 (KHTML, like Gecko) Chrome/66.0.3359.181 Safari/537.36',
  'accept' => 'text/html,application/xhtml+xml,application/xml;q=0.9,image/webp,image/apng,*/*;q=0.8',
  'referer' => 'http://works.songqiphp.xin/admin/menu/index.html',
  'accept-encoding' => 'gzip, deflate',
  'accept-language' => 'zh-CN,zh;q=0.9',
  'cookie' => 'pgv_pvi=3034087424',
)
[ info ] [ PARAM ] array (
)
[ info ] [ DB ] INIT mysql
[ info ] [ RUN ] app\admin\controller\Menu->addAndUpdate[ /home/wwwroot/works.songqiphp.xin/application/admin/controller/Menu.php ]
[ info ] [ VIEW ] /home/wwwroot/works.songqiphp.xin/public/../application/admin/view/menu/menu-add.html [ array (
  0 => 'menuInfo',
) ]
[ info ] [ LOG ] INIT File
[ sql ] [ DB ] CONNECT:[ UseTime:0.000277s ] mysql:dbname=thinkphp;host=127.0.0.1;port=3306;charset=utf8
[ sql ] [ SQL ] SHOW COLUMNS FROM `admin_menu` [ RunTime:0.000619s ]
[ sql ] [ SQL ] SELECT * FROM `admin_menu` WHERE  `parent_id` = 0 ORDER BY sort asc [ RunTime:0.000177s ]
[ sql ] [ SQL ] SELECT * FROM `admin_menu` WHERE  `parent_id` = 1 ORDER BY sort asc [ RunTime:0.000075s ]
[ sql ] [ SQL ] SELECT * FROM `admin_menu` WHERE  `parent_id` = 2 ORDER BY sort asc [ RunTime:0.000058s ]

---------------------------------------------------------------
[ 2018-05-28T10:57:23+08:00 ] 172.18.115.88 183.14.133.34 GET /admin-list.html
[ log ] works.songqiphp.xin/admin-list.html [运行时间：0.015846s][吞吐率：63.11req/s] [内存消耗：1,157.20kb] [文件加载：40]
[ info ] [ LANG ] /home/wwwroot/works.songqiphp.xin/thinkphp/lang/zh-cn.php
[ info ] [ ROUTE ] array (
  'type' => 'module',
  'module' => 
  array (
    0 => 'admin-list',
    1 => NULL,
    2 => NULL,
  ),
)
[ info ] [ HEADER ] array (
  'host' => 'works.songqiphp.xin',
  'connection' => 'keep-alive',
  'upgrade-insecure-requests' => '1',
  'user-agent' => 'Mozilla/5.0 (Windows NT 6.1; WOW64) AppleWebKit/537.36 (KHTML, like Gecko) Chrome/66.0.3359.181 Safari/537.36',
  'accept' => 'text/html,application/xhtml+xml,application/xml;q=0.9,image/webp,image/apng,*/*;q=0.8',
  'referer' => 'http://works.songqiphp.xin/admin',
  'accept-encoding' => 'gzip, deflate',
  'accept-language' => 'zh-CN,zh;q=0.9',
  'cookie' => 'pgv_pvi=3034087424',
)
[ info ] [ PARAM ] array (
)
[ info ] [ LOG ] INIT File

---------------------------------------------------------------
[ 2018-05-28T10:57:50+08:00 ] 172.18.115.88 183.14.133.34 GET /admin-list.html
[ log ] works.songqiphp.xin/admin-list.html [运行时间：0.015804s][吞吐率：63.28req/s] [内存消耗：1,157.20kb] [文件加载：40]
[ info ] [ LANG ] /home/wwwroot/works.songqiphp.xin/thinkphp/lang/zh-cn.php
[ info ] [ ROUTE ] array (
  'type' => 'module',
  'module' => 
  array (
    0 => 'admin-list',
    1 => NULL,
    2 => NULL,
  ),
)
[ info ] [ HEADER ] array (
  'host' => 'works.songqiphp.xin',
  'connection' => 'keep-alive',
  'upgrade-insecure-requests' => '1',
  'user-agent' => 'Mozilla/5.0 (Windows NT 6.1; WOW64) AppleWebKit/537.36 (KHTML, like Gecko) Chrome/66.0.3359.181 Safari/537.36',
  'accept' => 'text/html,application/xhtml+xml,application/xml;q=0.9,image/webp,image/apng,*/*;q=0.8',
  'referer' => 'http://works.songqiphp.xin/admin',
  'accept-encoding' => 'gzip, deflate',
  'accept-language' => 'zh-CN,zh;q=0.9',
  'cookie' => 'pgv_pvi=3034087424',
)
[ info ] [ PARAM ] array (
)
[ info ] [ LOG ] INIT File

---------------------------------------------------------------
[ 2018-05-28T10:57:50+08:00 ] 172.18.115.88 183.14.133.34 GET /admin-list.html
[ log ] works.songqiphp.xin/admin-list.html [运行时间：0.015732s][吞吐率：63.56req/s] [内存消耗：1,157.20kb] [文件加载：40]
[ info ] [ LANG ] /home/wwwroot/works.songqiphp.xin/thinkphp/lang/zh-cn.php
[ info ] [ ROUTE ] array (
  'type' => 'module',
  'module' => 
  array (
    0 => 'admin-list',
    1 => NULL,
    2 => NULL,
  ),
)
[ info ] [ HEADER ] array (
  'host' => 'works.songqiphp.xin',
  'connection' => 'keep-alive',
  'upgrade-insecure-requests' => '1',
  'user-agent' => 'Mozilla/5.0 (Windows NT 6.1; WOW64) AppleWebKit/537.36 (KHTML, like Gecko) Chrome/66.0.3359.181 Safari/537.36',
  'accept' => 'text/html,application/xhtml+xml,application/xml;q=0.9,image/webp,image/apng,*/*;q=0.8',
  'referer' => 'http://works.songqiphp.xin/admin',
  'accept-encoding' => 'gzip, deflate',
  'accept-language' => 'zh-CN,zh;q=0.9',
  'cookie' => 'pgv_pvi=3034087424',
)
[ info ] [ PARAM ] array (
)
[ info ] [ LOG ] INIT File

---------------------------------------------------------------
[ 2018-05-28T10:57:50+08:00 ] 172.18.115.88 183.14.133.34 GET /admin-list.html
[ log ] works.songqiphp.xin/admin-list.html [运行时间：0.015839s][吞吐率：63.13req/s] [内存消耗：1,157.20kb] [文件加载：40]
[ info ] [ LANG ] /home/wwwroot/works.songqiphp.xin/thinkphp/lang/zh-cn.php
[ info ] [ ROUTE ] array (
  'type' => 'module',
  'module' => 
  array (
    0 => 'admin-list',
    1 => NULL,
    2 => NULL,
  ),
)
[ info ] [ HEADER ] array (
  'host' => 'works.songqiphp.xin',
  'connection' => 'keep-alive',
  'upgrade-insecure-requests' => '1',
  'user-agent' => 'Mozilla/5.0 (Windows NT 6.1; WOW64) AppleWebKit/537.36 (KHTML, like Gecko) Chrome/66.0.3359.181 Safari/537.36',
  'accept' => 'text/html,application/xhtml+xml,application/xml;q=0.9,image/webp,image/apng,*/*;q=0.8',
  'referer' => 'http://works.songqiphp.xin/admin',
  'accept-encoding' => 'gzip, deflate',
  'accept-language' => 'zh-CN,zh;q=0.9',
  'cookie' => 'pgv_pvi=3034087424',
)
[ info ] [ PARAM ] array (
)
[ info ] [ LOG ] INIT File

---------------------------------------------------------------
[ 2018-05-28T10:57:51+08:00 ] 172.18.115.88 183.14.133.34 GET /admin
[ log ] works.songqiphp.xin/admin [运行时间：0.023113s][吞吐率：43.27req/s] [内存消耗：1,522.08kb] [文件加载：49]
[ info ] [ LANG ] /home/wwwroot/works.songqiphp.xin/thinkphp/lang/zh-cn.php
[ info ] [ ROUTE ] array (
  'type' => 'module',
  'module' => 
  array (
    0 => 'admin',
    1 => NULL,
    2 => NULL,
  ),
)
[ info ] [ HEADER ] array (
  'host' => 'works.songqiphp.xin',
  'connection' => 'keep-alive',
  'cache-control' => 'max-age=0',
  'upgrade-insecure-requests' => '1',
  'user-agent' => 'Mozilla/5.0 (Windows NT 6.1; WOW64) AppleWebKit/537.36 (KHTML, like Gecko) Chrome/66.0.3359.181 Safari/537.36',
  'accept' => 'text/html,application/xhtml+xml,application/xml;q=0.9,image/webp,image/apng,*/*;q=0.8',
  'accept-encoding' => 'gzip, deflate',
  'accept-language' => 'zh-CN,zh;q=0.9',
  'cookie' => 'pgv_pvi=3034087424',
)
[ info ] [ PARAM ] array (
)
[ info ] [ RUN ] app\admin\controller\Index->index[ /home/wwwroot/works.songqiphp.xin/application/admin/controller/Index.php ]
[ info ] [ VIEW ] /home/wwwroot/works.songqiphp.xin/public/../application/admin/view/index/index.html [ array (
) ]
[ info ] [ LOG ] INIT File

---------------------------------------------------------------
[ 2018-05-28T10:57:51+08:00 ] 172.18.115.88 183.14.133.34 GET /admin/index/welcome.html
[ log ] works.songqiphp.xin/admin/index/welcome.html [运行时间：0.025791s][吞吐率：38.77req/s] [内存消耗：1,523.62kb] [文件加载：50]
[ info ] [ LANG ] /home/wwwroot/works.songqiphp.xin/thinkphp/lang/zh-cn.php
[ info ] [ ROUTE ] array (
  'type' => 'module',
  'module' => 
  array (
    0 => 'admin',
    1 => 'index',
    2 => 'welcome',
  ),
)
[ info ] [ HEADER ] array (
  'host' => 'works.songqiphp.xin',
  'connection' => 'keep-alive',
  'upgrade-insecure-requests' => '1',
  'user-agent' => 'Mozilla/5.0 (Windows NT 6.1; WOW64) AppleWebKit/537.36 (KHTML, like Gecko) Chrome/66.0.3359.181 Safari/537.36',
  'accept' => 'text/html,application/xhtml+xml,application/xml;q=0.9,image/webp,image/apng,*/*;q=0.8',
  'referer' => 'http://works.songqiphp.xin/admin',
  'accept-encoding' => 'gzip, deflate',
  'accept-language' => 'zh-CN,zh;q=0.9',
  'cookie' => 'pgv_pvi=3034087424',
)
[ info ] [ PARAM ] array (
)
[ info ] [ RUN ] app\admin\controller\Index->welcome[ /home/wwwroot/works.songqiphp.xin/application/admin/controller/Index.php ]
[ info ] [ DB ] INIT mysql
[ info ] [ VIEW ] /home/wwwroot/works.songqiphp.xin/public/../application/admin/view/index/welcome.html [ array (
  0 => 'sys_info',
) ]
[ info ] [ LOG ] INIT File
[ sql ] [ DB ] CONNECT:[ UseTime:0.000282s ] mysql:dbname=thinkphp;host=127.0.0.1;port=3306;charset=utf8
[ sql ] [ SQL ] SELECT VERSION() as version [ RunTime:0.000168s ]

---------------------------------------------------------------
[ 2018-05-28T10:57:53+08:00 ] 172.18.115.88 183.14.133.34 GET /admin-permission.html
[ log ] works.songqiphp.xin/admin-permission.html [运行时间：0.016150s][吞吐率：61.92req/s] [内存消耗：1,157.23kb] [文件加载：40]
[ info ] [ LANG ] /home/wwwroot/works.songqiphp.xin/thinkphp/lang/zh-cn.php
[ info ] [ ROUTE ] array (
  'type' => 'module',
  'module' => 
  array (
    0 => 'admin-permission',
    1 => NULL,
    2 => NULL,
  ),
)
[ info ] [ HEADER ] array (
  'host' => 'works.songqiphp.xin',
  'connection' => 'keep-alive',
  'upgrade-insecure-requests' => '1',
  'user-agent' => 'Mozilla/5.0 (Windows NT 6.1; WOW64) AppleWebKit/537.36 (KHTML, like Gecko) Chrome/66.0.3359.181 Safari/537.36',
  'accept' => 'text/html,application/xhtml+xml,application/xml;q=0.9,image/webp,image/apng,*/*;q=0.8',
  'referer' => 'http://works.songqiphp.xin/admin',
  'accept-encoding' => 'gzip, deflate',
  'accept-language' => 'zh-CN,zh;q=0.9',
  'cookie' => 'pgv_pvi=3034087424',
)
[ info ] [ PARAM ] array (
)
[ info ] [ LOG ] INIT File

---------------------------------------------------------------
[ 2018-05-28T10:57:54+08:00 ] 172.18.115.88 183.14.133.34 GET /admin/admin/index.html
[ log ] works.songqiphp.xin/admin/admin/index.html [运行时间：0.016833s][吞吐率：59.41req/s] [内存消耗：1,330.98kb] [文件加载：43]
[ info ] [ LANG ] /home/wwwroot/works.songqiphp.xin/thinkphp/lang/zh-cn.php
[ info ] [ ROUTE ] array (
  'type' => 'module',
  'module' => 
  array (
    0 => 'admin',
    1 => 'admin',
    2 => 'index',
  ),
)
[ info ] [ HEADER ] array (
  'host' => 'works.songqiphp.xin',
  'connection' => 'keep-alive',
  'upgrade-insecure-requests' => '1',
  'user-agent' => 'Mozilla/5.0 (Windows NT 6.1; WOW64) AppleWebKit/537.36 (KHTML, like Gecko) Chrome/66.0.3359.181 Safari/537.36',
  'accept' => 'text/html,application/xhtml+xml,application/xml;q=0.9,image/webp,image/apng,*/*;q=0.8',
  'referer' => 'http://works.songqiphp.xin/admin',
  'accept-encoding' => 'gzip, deflate',
  'accept-language' => 'zh-CN,zh;q=0.9',
  'cookie' => 'pgv_pvi=3034087424',
)
[ info ] [ PARAM ] array (
)
[ info ] [ RUN ] app\admin\controller\Admin->index[ /home/wwwroot/works.songqiphp.xin/application/admin/controller/Admin.php ]
[ info ] [ LOG ] INIT File

---------------------------------------------------------------
